<?xml version="1.0" encoding="UTF-8"?>
<!-- Generated by org.testng.reporters.JUnitReportReporter -->
<testsuite hostname="angapparaja" failures="0" tests="3" name="com.hrmsreports.testcases.ReportsStandardLeaveForcedLeaveEncashTest" time="401.650" errors="0" timestamp="2023-02-02T19:34:26 IST" skipped="0">
  <testcase classname="com.hrmsreports.testcases.ReportsStandardLeaveForcedLeaveEncashTest" name="verifyReportStandardsForcedLeaveEncashCheck" time="135.957"/>
  <system-out/>
  <testcase classname="com.hrmsreports.testcases.ReportsStandardLeaveForcedLeaveEncashTest" name="verifyReportStandardsForcedLeaveEncashYearMandatoryFieldCheck" time="138.380"/>
  <system-out/>
  <testcase classname="com.hrmsreports.testcases.ReportsStandardLeaveForcedLeaveEncashTest" name="verifyReportStandardsForcedLeaveEncashLeaveTypeMandatoryFieldCheck" time="127.313"/>
  <system-out/>
</testsuite> <!-- com.hrmsreports.testcases.ReportsStandardLeaveForcedLeaveEncashTest -->
