<?xml version="1.0" encoding="UTF-8"?>
<!-- Generated by org.testng.reporters.JUnitReportReporter -->
<testsuite hostname="angapparaja" failures="0" tests="6" name="com.hrmsmasters.testcases.MasterReimbursementSetupTest" time="695.790" errors="0" timestamp="2023-02-02T19:34:26 IST" skipped="0">
  <testcase classname="com.hrmsmasters.testcases.MasterReimbursementSetupTest" name="verifyReimbursementsetupCumulativeadd" time="140.992"/>
  <system-out/>
  <testcase classname="com.hrmsmasters.testcases.MasterReimbursementSetupTest" name="verifyReimbursementsetupMonthlyadd" time="131.232"/>
  <system-out/>
  <testcase classname="com.hrmsmasters.testcases.MasterReimbursementSetupTest" name="verifyReimbursementsetupReimbursementComponentMandatroyField" time="23.608"/>
  <system-out/>
  <testcase classname="com.hrmsmasters.testcases.MasterReimbursementSetupTest" name="verifyMasterReimbursementsetupEntitleComputationMandatroyField" time="126.998"/>
  <system-out/>
  <testcase classname="com.hrmsmasters.testcases.MasterReimbursementSetupTest" name="verifyMasterReimbursementSetupCumulativeRadioBtnResetBtn" time="131.149"/>
  <system-out/>
  <testcase classname="com.hrmsmasters.testcases.MasterReimbursementSetupTest" name="verifyMasterReimbursementSetupMonthlyradioBtnResetBtn" time="141.811"/>
  <system-out/>
</testsuite> <!-- com.hrmsmasters.testcases.MasterReimbursementSetupTest -->
