<?xml version="1.0" encoding="UTF-8"?>
<!-- Generated by org.testng.reporters.JUnitReportReporter -->
<testsuite hostname="angapparaja" failures="0" tests="6" name="com.hrmscorehrmsselfcare.testcases.SlfClaimObjectsTest" time="194.684" errors="0" timestamp="2023-02-02T19:34:26 IST" skipped="1">
  <testcase classname="com.hrmscorehrmsselfcare.testcases.SlfClaimObjectsTest" name="Emptyclaim" time="34.241"/>
  <system-out/>
  <testcase classname="com.hrmscorehrmsselfcare.testcases.SlfClaimObjectsTest" name="ClaimSearch" time="22.991"/>
  <system-out/>
  <testcase classname="com.hrmscorehrmsselfcare.testcases.SlfClaimObjectsTest" name="ClaimView" time="27.716"/>
  <system-out/>
  <testcase classname="com.hrmscorehrmsselfcare.testcases.SlfClaimObjectsTest" name="ClaimCancel" time="80.595"/>
  <system-out/>
  <testcase classname="com.hrmscorehrmsselfcare.testcases.SlfClaimObjectsTest" name="Claimdatatable" time="29.141"/>
  <system-out/>
  <testcase classname="com.hrmscorehrmsselfcare.testcases.SlfClaimObjectsTest" name="ClaimAdd">
    <skipped/>
  </testcase> <!-- ClaimAdd -->
  <system-out/>
</testsuite> <!-- com.hrmscorehrmsselfcare.testcases.SlfClaimObjectsTest -->
