<?xml version="1.0" encoding="UTF-8"?>
<!-- Generated by org.testng.reporters.JUnitReportReporter -->
<testsuite hostname="angapparaja" failures="0" tests="5" name="com.hrmsmasters.testcases.MasterAttendanceAttentPolicyTest" time="191.035" errors="0" timestamp="2023-02-02T19:34:26 IST" skipped="0">
  <testcase classname="com.hrmsmasters.testcases.MasterAttendanceAttentPolicyTest" name="verifyAddAttentPolicy" time="95.959"/>
  <system-out/>
  <testcase classname="com.hrmsmasters.testcases.MasterAttendanceAttentPolicyTest" name="verifyAttentPolicyNameMandatoryFieldCheck" time="20.623"/>
  <system-out/>
  <testcase classname="com.hrmsmasters.testcases.MasterAttendanceAttentPolicyTest" name="verifyAttentPolicyDescriptionMandatoryFieldCheck" time="18.712"/>
  <system-out/>
  <testcase classname="com.hrmsmasters.testcases.MasterAttendanceAttentPolicyTest" name="verifyResetAttentPolicy" time="28.987"/>
  <system-out/>
  <testcase classname="com.hrmsmasters.testcases.MasterAttendanceAttentPolicyTest" name="VerifyEnterTheSearchPositionTitlePagination" time="26.754"/>
  <system-out/>
</testsuite> <!-- com.hrmsmasters.testcases.MasterAttendanceAttentPolicyTest -->
