<?xml version="1.0" encoding="UTF-8"?>
<!-- Generated by org.testng.reporters.JUnitReportReporter -->
<testsuite hostname="angapparaja" failures="0" tests="3" name="com.hrmsreports.testcases.ReportsStandardStatutoryForm12Test" time="84.187" errors="0" timestamp="2023-02-02T19:34:26 IST" skipped="0">
  <testcase classname="com.hrmsreports.testcases.ReportsStandardStatutoryForm12Test" name="verifyReportStandardsStatutoryform12DownloadCheck" time="28.534"/>
  <system-out/>
  <testcase classname="com.hrmsreports.testcases.ReportsStandardStatutoryForm12Test" name="verifyReportStandardsStatutoryform12PayrollgroupingAllCheckBoxDownloadCheck" time="27.957"/>
  <system-out/>
  <testcase classname="com.hrmsreports.testcases.ReportsStandardStatutoryForm12Test" name="verifyReportStandardsStatutoryform12PayrolLMandatoryFieldCheck" time="27.696"/>
  <system-out/>
</testsuite> <!-- com.hrmsreports.testcases.ReportsStandardStatutoryForm12Test -->
