<?xml version="1.0" encoding="UTF-8"?>
<!-- Generated by org.testng.reporters.JUnitReportReporter -->
<testsuite hostname="angapparaja" failures="0" tests="1" name="com.hrmsreports.testcases.ReportsStandardLeaveLeaveBalanceTest" time="25.503" errors="0" timestamp="2023-02-02T19:34:26 IST" skipped="0">
  <testcase classname="com.hrmsreports.testcases.ReportsStandardLeaveLeaveBalanceTest" name="verifyReportStandardsleaveBalanceCheck" time="25.503"/>
  <system-out/>
</testsuite> <!-- com.hrmsreports.testcases.ReportsStandardLeaveLeaveBalanceTest -->
