<?xml version="1.0" encoding="UTF-8"?>
<!-- Generated by org.testng.reporters.JUnitReportReporter -->
<testsuite hostname="angapparaja" failures="0" tests="6" name="com.hrmsmasters.testcases.MasterPositionSubDepartmentTest" time="130.505" errors="0" timestamp="2023-02-02T19:34:25 IST" skipped="0">
  <testcase classname="com.hrmsmasters.testcases.MasterPositionSubDepartmentTest" name="verifyaddSubDepartment" time="18.580"/>
  <system-out/>
  <testcase classname="com.hrmsmasters.testcases.MasterPositionSubDepartmentTest" name="verifyDepartmentNameMandatroyField" time="29.025"/>
  <system-out/>
  <testcase classname="com.hrmsmasters.testcases.MasterPositionSubDepartmentTest" name="verifySubDepartmentNameMandatroyField" time="19.680"/>
  <system-out/>
  <testcase classname="com.hrmsmasters.testcases.MasterPositionSubDepartmentTest" name="verifyaddSubDepartmentNameDuplicateCheck" time="17.943"/>
  <system-out/>
  <testcase classname="com.hrmsmasters.testcases.MasterPositionSubDepartmentTest" name="verifyPositionSubDepartmentNameResetButton" time="19.655"/>
  <system-out/>
  <testcase classname="com.hrmsmasters.testcases.MasterPositionSubDepartmentTest" name="VerifyEnterTheSearchPositionSubDepartmentPagination" time="25.622"/>
  <system-out/>
</testsuite> <!-- com.hrmsmasters.testcases.MasterPositionSubDepartmentTest -->
