<?xml version="1.0" encoding="UTF-8"?>
<!-- Generated by org.testng.reporters.JUnitReportReporter -->
<testsuite hostname="angapparaja" failures="0" tests="1" name="com.hrmsreports.testcases.ReportsStandardProfileSalaryProfileOverAllTest" time="27.849" errors="0" timestamp="2023-02-02T19:34:26 IST" skipped="0">
  <testcase classname="com.hrmsreports.testcases.ReportsStandardProfileSalaryProfileOverAllTest" name="verifyReportsProfileSalarySelectAllCheckBoxes" time="27.849"/>
  <system-out/>
</testsuite> <!-- com.hrmsreports.testcases.ReportsStandardProfileSalaryProfileOverAllTest -->
