<?xml version="1.0" encoding="UTF-8"?>
<!-- Generated by org.testng.reporters.JUnitReportReporter -->
<testsuite hostname="angapparaja" failures="0" tests="3" name="com.hrmsstructure.testcases.StructureOnBoardingPreCheckTest" time="135.702" errors="0" timestamp="2023-02-02T19:34:25 IST" skipped="0">
  <testcase classname="com.hrmsstructure.testcases.StructureOnBoardingPreCheckTest" name="verifyStructurePreCheckPagination" time="81.796"/>
  <system-out/>
  <testcase classname="com.hrmsstructure.testcases.StructureOnBoardingPreCheckTest" name="VerifySearchPreCheckPositionName" time="27.185"/>
  <system-out/>
  <testcase classname="com.hrmsstructure.testcases.StructureOnBoardingPreCheckTest" name="VerifySearchPreCheckName" time="26.721"/>
  <system-out/>
</testsuite> <!-- com.hrmsstructure.testcases.StructureOnBoardingPreCheckTest -->
