<?xml version="1.0" encoding="UTF-8"?>
<!-- Generated by org.testng.reporters.JUnitReportReporter -->
<testsuite hostname="angapparaja" failures="0" tests="3" name="com.hrmsreports.testcases.ReportsStandardStatutoryWagesRegisterNewTest" time="76.302" errors="0" timestamp="2023-02-02T19:34:26 IST" skipped="0">
  <testcase classname="com.hrmsreports.testcases.ReportsStandardStatutoryWagesRegisterNewTest" name="verifyReportStandardsStatutoryWagesRegisterNewDownloadCheck" time="28.771"/>
  <system-out/>
  <testcase classname="com.hrmsreports.testcases.ReportsStandardStatutoryWagesRegisterNewTest" name="verifyReportStandardsStatutoryWagesRegisterNewMonthMandatoryFieldCheck" time="18.627"/>
  <system-out/>
  <testcase classname="com.hrmsreports.testcases.ReportsStandardStatutoryWagesRegisterNewTest" name="verifyReportStandardsStatutoryWagesRegisterPayRollGroupingMandatoryFieldCheck" time="28.904"/>
  <system-out/>
</testsuite> <!-- com.hrmsreports.testcases.ReportsStandardStatutoryWagesRegisterNewTest -->
