<?xml version="1.0" encoding="UTF-8"?>
<!-- Generated by org.testng.reporters.JUnitReportReporter -->
<testsuite hostname="angapparaja" failures="0" tests="7" name="com.hrmsmasters.testcases.MasterEducationQualificationTest" time="265.142" errors="0" timestamp="2023-02-02T19:34:26 IST" skipped="0">
  <testcase classname="com.hrmsmasters.testcases.MasterEducationQualificationTest" name="verifyaddQualification" time="16.626"/>
  <system-out/>
  <testcase classname="com.hrmsmasters.testcases.MasterEducationQualificationTest" name="verifyEducationQualificationNegativeCheck" time="25.211"/>
  <system-out/>
  <testcase classname="com.hrmsmasters.testcases.MasterEducationQualificationTest" name="verifyaddEducationQualificationMandatroyField" time="26.064"/>
  <system-out/>
  <testcase classname="com.hrmsmasters.testcases.MasterEducationQualificationTest" name="verifyaddQualificationDuplicateCheck" time="20.397"/>
  <system-out/>
  <testcase classname="com.hrmsmasters.testcases.MasterEducationQualificationTest" name="verifyEducationQuaificationResetBtn" time="15.018"/>
  <system-out/>
  <testcase classname="com.hrmsmasters.testcases.MasterEducationQualificationTest" name="verifyEducationQuaificationPagination" time="81.270"/>
  <system-out/>
  <testcase classname="com.hrmsmasters.testcases.MasterEducationQualificationTest" name="VerifyEnterTheSearchEducationQualificationPagination" time="80.556"/>
  <system-out/>
</testsuite> <!-- com.hrmsmasters.testcases.MasterEducationQualificationTest -->
