<?xml version="1.0" encoding="UTF-8"?>
<!-- Generated by org.testng.reporters.JUnitReportReporter -->
<testsuite hostname="angapparaja" failures="0" tests="5" name="com.hrmsmasters.testcases.MasterDocumentMasterDocumentMasterTest" time="180.371" errors="0" timestamp="2023-02-02T19:34:26 IST" skipped="0">
  <testcase classname="com.hrmsmasters.testcases.MasterDocumentMasterDocumentMasterTest" name="verifyAddDocumentMaster" time="24.635"/>
  <system-out/>
  <testcase classname="com.hrmsmasters.testcases.MasterDocumentMasterDocumentMasterTest" name="verifyMasterDocumentMastersNegativeCheck" time="35.294"/>
  <system-out/>
  <testcase classname="com.hrmsmasters.testcases.MasterDocumentMasterDocumentMasterTest" name="verifyMasterDocumentMastersMandatoryFieldCheck" time="22.955"/>
  <system-out/>
  <testcase classname="com.hrmsmasters.testcases.MasterDocumentMasterDocumentMasterTest" name="verifyMasterDocumentMasterResetButton" time="21.795"/>
  <system-out/>
  <testcase classname="com.hrmsmasters.testcases.MasterDocumentMasterDocumentMasterTest" name="VerifyEnterTheSearchDocumentMasterPagination" time="75.692"/>
  <system-out/>
</testsuite> <!-- com.hrmsmasters.testcases.MasterDocumentMasterDocumentMasterTest -->
