<?xml version="1.0" encoding="UTF-8"?>
<!-- Generated by org.testng.reporters.JUnitReportReporter -->
<testsuite hostname="angapparaja" failures="0" tests="6" name="com.hrmsreports.testcases.ReportsStandardPayRollPayRegisterUploadTest" time="475.991" errors="0" timestamp="2023-02-02T19:34:26 IST" skipped="0">
  <testcase classname="com.hrmsreports.testcases.ReportsStandardPayRollPayRegisterUploadTest" name="verifyReportStandardsPayRollregisterDownloadCheck" time="81.260"/>
  <system-out/>
  <testcase classname="com.hrmsreports.testcases.ReportsStandardPayRollPayRegisterUploadTest" name="verifyReportStandardsPayregisterUploadCheck" time="71.727"/>
  <system-out/>
  <testcase classname="com.hrmsreports.testcases.ReportsStandardPayRollPayRegisterUploadTest" name="verifyReportStandardsPayregisterUploadsYearMandatoryFieldCheck" time="83.394"/>
  <system-out/>
  <testcase classname="com.hrmsreports.testcases.ReportsStandardPayRollPayRegisterUploadTest" name="verifyReportStandardsPayregisterUploadsMonthMandatoryFieldCheck" time="81.535"/>
  <system-out/>
  <testcase classname="com.hrmsreports.testcases.ReportsStandardPayRollPayRegisterUploadTest" name="verifyReportStandardsPayregisterUploadsFileMandatoryFieldCheck" time="82.630"/>
  <system-out/>
  <testcase classname="com.hrmsreports.testcases.ReportsStandardPayRollPayRegisterUploadTest" name="verifyReportStandardsPayregisterUploadsExcelFileMandatoryFieldCheck" time="75.445"/>
  <system-out/>
</testsuite> <!-- com.hrmsreports.testcases.ReportsStandardPayRollPayRegisterUploadTest -->
