<?xml version="1.0" encoding="UTF-8"?>
<!-- Generated by org.testng.reporters.JUnitReportReporter -->
<testsuite hostname="angapparaja" failures="0" tests="3" name="com.hrmsreports.testcases.ReportsStandardAttendanceRawLogsTest" time="86.393" errors="0" timestamp="2023-02-02T19:34:26 IST" skipped="0">
  <testcase classname="com.hrmsreports.testcases.ReportsStandardAttendanceRawLogsTest" name="verifyReportStandardsAttandanceRawLogsCheck" time="32.807"/>
  <system-out/>
  <testcase classname="com.hrmsreports.testcases.ReportsStandardAttendanceRawLogsTest" name="verifyReportStandardsAttandanceRawLogsFromDateMandatoryFieldCheck" time="32.006"/>
  <system-out/>
  <testcase classname="com.hrmsreports.testcases.ReportsStandardAttendanceRawLogsTest" name="verifyReportStandardsAttandanceRawLogsToDateMandatoryFieldCheck" time="21.580"/>
  <system-out/>
</testsuite> <!-- com.hrmsreports.testcases.ReportsStandardAttendanceRawLogsTest -->
