<?xml version="1.0" encoding="UTF-8"?>
<!-- Generated by org.testng.reporters.JUnitReportReporter -->
<testsuite hostname="angapparaja" failures="0" tests="7" name="com.hrmsmasters.testcases.MasterPositionPositionCategoryTest" time="171.083" errors="0" timestamp="2023-02-02T19:34:26 IST" skipped="0">
  <testcase classname="com.hrmsmasters.testcases.MasterPositionPositionCategoryTest" name="verifyaddPositionCategoryWithTaxEligibleYes" time="26.777"/>
  <system-out/>
  <testcase classname="com.hrmsmasters.testcases.MasterPositionPositionCategoryTest" name="verifyPositionTitleNegativeCheck" time="28.178"/>
  <system-out/>
  <testcase classname="com.hrmsmasters.testcases.MasterPositionPositionCategoryTest" name="verifyaddPositionCategoryWithTaxEligibleNo" time="27.374"/>
  <system-out/>
  <testcase classname="com.hrmsmasters.testcases.MasterPositionPositionCategoryTest" name="verifyaddPositionCategoryMandatroyFieldValidation" time="28.824"/>
  <system-out/>
  <testcase classname="com.hrmsmasters.testcases.MasterPositionPositionCategoryTest" name="verifyaddPositionCategoryDuplicateCheck" time="17.149"/>
  <system-out/>
  <testcase classname="com.hrmsmasters.testcases.MasterPositionPositionCategoryTest" name="verifyPositionCategoryResetButton" time="26.851"/>
  <system-out/>
  <testcase classname="com.hrmsmasters.testcases.MasterPositionPositionCategoryTest" name="VerifyEnterTheSearchPositionCategoryPagination" time="15.930"/>
  <system-out/>
</testsuite> <!-- com.hrmsmasters.testcases.MasterPositionPositionCategoryTest -->
