<?xml version="1.0" encoding="UTF-8"?>
<!-- Generated by org.testng.reporters.JUnitReportReporter -->
<testsuite hostname="angapparaja" failures="0" tests="5" name="com.hrmsreports.testcases.ReportsStandardPayRollSalaryRegisterTest" time="131.700" errors="0" timestamp="2023-02-02T19:34:26 IST" skipped="0">
  <testcase classname="com.hrmsreports.testcases.ReportsStandardPayRollSalaryRegisterTest" name="verifyReportStandardsPayRollSalaryRegisterSubmitCheck" time="23.657"/>
  <system-out/>
  <testcase classname="com.hrmsreports.testcases.ReportsStandardPayRollSalaryRegisterTest" name="verifyReportStandardsPayRollSalaryRegisterAllCheckBoxSubmitCheck" time="21.913"/>
  <system-out/>
  <testcase classname="com.hrmsreports.testcases.ReportsStandardPayRollSalaryRegisterTest" name="verifyReportStandardsPayRollSalaryRegisterMonthMandatoryFieldCheck" time="25.019"/>
  <system-out/>
  <testcase classname="com.hrmsreports.testcases.ReportsStandardPayRollSalaryRegisterTest" name="verifyReportStandardsPayRollSalaryRegisterPayrollGroupingMandatoryFieldCheck" time="29.510"/>
  <system-out/>
  <testcase classname="com.hrmsreports.testcases.ReportsStandardPayRollSalaryRegisterTest" name="verifyReportStandardsPayRollSalaryRegisterDepartmentMandatoryFieldCheck" time="31.601"/>
  <system-out/>
</testsuite> <!-- com.hrmsreports.testcases.ReportsStandardPayRollSalaryRegisterTest -->
