<?xml version="1.0" encoding="UTF-8"?>
<!-- Generated by org.testng.reporters.JUnitReportReporter -->
<testsuite hostname="LAPTOP-K171VAOP" failures="0" tests="8" name="com.hrmsmasters.testcases.MasterAttendanceWorkingTimeTest" time="323.130" errors="0" timestamp="2022-10-12T14:45:46 IST" skipped="0">
  <testcase classname="com.hrmsmasters.testcases.MasterAttendanceWorkingTimeTest" name="verifyPageTitleTest" time="31.582"/>
  <system-out/>
  <testcase classname="com.hrmsmasters.testcases.MasterAttendanceWorkingTimeTest" name="verifyAddWorkingTime" time="42.256"/>
  <system-out/>
  <testcase classname="com.hrmsmasters.testcases.MasterAttendanceWorkingTimeTest" name="verifyAddWorkingTimeNegativeCheck" time="41.092"/>
  <system-out/>
  <testcase classname="com.hrmsmasters.testcases.MasterAttendanceWorkingTimeTest" name="verifyAddWorkingTimeCodeMandatoryFieldCheck" time="42.951"/>
  <system-out/>
  <testcase classname="com.hrmsmasters.testcases.MasterAttendanceWorkingTimeTest" name="verifyAddWorkingTimeDescriptionMandatoryFieldCheck" time="41.962"/>
  <system-out/>
  <testcase classname="com.hrmsmasters.testcases.MasterAttendanceWorkingTimeTest" name="verifyWorkingResetBtn" time="43.852"/>
  <system-out/>
  <testcase classname="com.hrmsmasters.testcases.MasterAttendanceWorkingTimeTest" name="verifyPagination" time="39.776"/>
  <system-out/>
  <testcase classname="com.hrmsmasters.testcases.MasterAttendanceWorkingTimeTest" name="VerifyEnterTheSearchAttendanceWoorkingTimePagination" time="39.659"/>
  <system-out/>
</testsuite> <!-- com.hrmsmasters.testcases.MasterAttendanceWorkingTimeTest -->
