<?xml version="1.0" encoding="UTF-8"?>
<!-- Generated by org.testng.reporters.JUnitReportReporter -->
<testsuite hostname="angapparaja" failures="0" tests="5" name="com.hrmsreports.testcases.ReportsStandardProfileSalaryApplyResignationTest" time="128.180" errors="0" timestamp="2023-02-02T19:34:26 IST" skipped="0">
  <testcase classname="com.hrmsreports.testcases.ReportsStandardProfileSalaryApplyResignationTest" name="verifyReportProfileSalaryApplyResignationCheck" time="28.660"/>
  <system-out/>
  <testcase classname="com.hrmsreports.testcases.ReportsStandardProfileSalaryApplyResignationTest" name="verifyReportProfileSalaryApplyResignationCheckDownloadExcel" time="21.677"/>
  <system-out/>
  <testcase classname="com.hrmsreports.testcases.ReportsStandardProfileSalaryApplyResignationTest" name="verifyReportProfileSalaryApplyResignationCheckDownloadPDF" time="31.468"/>
  <system-out/>
  <testcase classname="com.hrmsreports.testcases.ReportsStandardProfileSalaryApplyResignationTest" name="verifyReportProfileSalaryApplyResignationFromDateMandatoryFieldCheck" time="28.610"/>
  <system-out/>
  <testcase classname="com.hrmsreports.testcases.ReportsStandardProfileSalaryApplyResignationTest" name="verifyReportProfileSalaryApplyResignationFromAndToDateMandatoryFieldCheck" time="17.765"/>
  <system-out/>
</testsuite> <!-- com.hrmsreports.testcases.ReportsStandardProfileSalaryApplyResignationTest -->
