<?xml version="1.0" encoding="UTF-8"?>
<!-- Generated by org.testng.reporters.JUnitReportReporter -->
<testsuite hostname="angapparaja" failures="0" tests="3" name="com.hrmsmasters.testcases.MasterStatutoryPFTest" time="209.748" errors="0" timestamp="2023-02-02T19:34:26 IST" skipped="0">
  <testcase classname="com.hrmsmasters.testcases.MasterStatutoryPFTest" name="verifyStatutoryPfAddCheck" time="67.707"/>
  <system-out/>
  <testcase classname="com.hrmsmasters.testcases.MasterStatutoryPFTest" name="verifyStatutoryMonthlyComponentMandatoryFieldCheck" time="63.367"/>
  <system-out/>
  <testcase classname="com.hrmsmasters.testcases.MasterStatutoryPFTest" name="verifyMasterReimbursementExcelReportPagination" time="78.674"/>
  <system-out/>
</testsuite> <!-- com.hrmsmasters.testcases.MasterStatutoryPFTest -->
