<?xml version="1.0" encoding="UTF-8"?>
<!-- Generated by org.testng.reporters.JUnitReportReporter -->
<testsuite hostname="angapparaja" failures="0" tests="6" name="com.hrmsmasters.testcases.MasterGeoCityTest" time="157.486" errors="0" timestamp="2023-02-02T19:34:26 IST" skipped="0">
  <testcase classname="com.hrmsmasters.testcases.MasterGeoCityTest" name="verifyAddGeoCity" time="30.908"/>
  <system-out/>
  <testcase classname="com.hrmsmasters.testcases.MasterGeoCityTest" name="verifyGeoCityCountryMandatroyField" time="20.293"/>
  <system-out/>
  <testcase classname="com.hrmsmasters.testcases.MasterGeoCityTest" name="verifyCityNegativeCheck" time="30.097"/>
  <system-out/>
  <testcase classname="com.hrmsmasters.testcases.MasterGeoCityTest" name="verifyAddGeoCityDuplicateCheck" time="20.459"/>
  <system-out/>
  <testcase classname="com.hrmsmasters.testcases.MasterGeoCityTest" name="verifyGeoCityreset" time="30.032"/>
  <system-out/>
  <testcase classname="com.hrmsmasters.testcases.MasterGeoCityTest" name="verifyGeoSearchboxCountryNamepagination" time="25.697"/>
  <system-out/>
</testsuite> <!-- com.hrmsmasters.testcases.MasterGeoCityTest -->
