<?xml version="1.0" encoding="UTF-8"?>
<!-- Generated by org.testng.reporters.JUnitReportReporter -->
<testsuite hostname="angapparaja" failures="0" tests="7" name="com.hrmsmasters.testcases.MasterPersonalBloodGroupTest" time="197.279" errors="0" timestamp="2023-02-02T19:34:26 IST" skipped="0">
  <testcase classname="com.hrmsmasters.testcases.MasterPersonalBloodGroupTest" name="verifyaddBloodGroup" time="26.773"/>
  <system-out/>
  <testcase classname="com.hrmsmasters.testcases.MasterPersonalBloodGroupTest" name="verifyBloodGroupNegativeCheck" time="16.669"/>
  <system-out/>
  <testcase classname="com.hrmsmasters.testcases.MasterPersonalBloodGroupTest" name="verifyaddBloodGroupMandatroyField" time="26.360"/>
  <system-out/>
  <testcase classname="com.hrmsmasters.testcases.MasterPersonalBloodGroupTest" name="verifyaddBloodGroupDuplicateCheck" time="16.990"/>
  <system-out/>
  <testcase classname="com.hrmsmasters.testcases.MasterPersonalBloodGroupTest" name="verifyreset" time="15.514"/>
  <system-out/>
  <testcase classname="com.hrmsmasters.testcases.MasterPersonalBloodGroupTest" name="verifyPagination" time="70.170"/>
  <system-out/>
  <testcase classname="com.hrmsmasters.testcases.MasterPersonalBloodGroupTest" name="verifySearchBloodGroupNamePagination" time="24.803"/>
  <system-out/>
</testsuite> <!-- com.hrmsmasters.testcases.MasterPersonalBloodGroupTest -->
