<?xml version="1.0" encoding="UTF-8"?>
<!-- Generated by org.testng.reporters.JUnitReportReporter -->
<testsuite hostname="angapparaja" failures="0" tests="3" name="com.hrmsreports.testcases.ReportsStandardPayRollLoanRegisterTest" time="85.350" errors="0" timestamp="2023-02-02T19:34:26 IST" skipped="0">
  <testcase classname="com.hrmsreports.testcases.ReportsStandardPayRollLoanRegisterTest" name="verifyReportStandardsPayRollloanRegisterSubmitCheck" time="28.446"/>
  <system-out/>
  <testcase classname="com.hrmsreports.testcases.ReportsStandardPayRollLoanRegisterTest" name="verifyReportStandardsPayRollJLOANLoanRegisterMonthMandatoryFieldCheck" time="28.788"/>
  <system-out/>
  <testcase classname="com.hrmsreports.testcases.ReportsStandardPayRollLoanRegisterTest" name="verifyReportStandardsPayRollLOANLoanRegisterNOdataCheck" time="28.116"/>
  <system-out/>
</testsuite> <!-- com.hrmsreports.testcases.ReportsStandardPayRollLoanRegisterTest -->
