<?xml version="1.0" encoding="UTF-8"?>
<!-- Generated by org.testng.reporters.JUnitReportReporter -->
<testsuite hostname="angapparaja" failures="0" tests="5" name="com.hrmsmasters.testcases.MasterPayrollPaySlipTitleTest" time="139.820" errors="0" timestamp="2023-02-02T19:34:26 IST" skipped="0">
  <testcase classname="com.hrmsmasters.testcases.MasterPayrollPaySlipTitleTest" name="verifyMasterPayrollPaySlipTitleadd" time="29.597"/>
  <system-out/>
  <testcase classname="com.hrmsmasters.testcases.MasterPayrollPaySlipTitleTest" name="verifyMasterPayrollPaySlipTitleBuniessMandatroyField" time="29.185"/>
  <system-out/>
  <testcase classname="com.hrmsmasters.testcases.MasterPayrollPaySlipTitleTest" name="verifyMasterPayrollPaySlipTitleMandatroyField" time="19.349"/>
  <system-out/>
  <testcase classname="com.hrmsmasters.testcases.MasterPayrollPaySlipTitleTest" name="verifyMasterPayrollPaySlipTitleResetButton" time="30.764"/>
  <system-out/>
  <testcase classname="com.hrmsmasters.testcases.MasterPayrollPaySlipTitleTest" name="VerifyEnterTheSearchMasterPayrollPaySlipTitlePagination" time="30.925"/>
  <system-out/>
</testsuite> <!-- com.hrmsmasters.testcases.MasterPayrollPaySlipTitleTest -->
