<?xml version="1.0" encoding="UTF-8"?>
<!-- Generated by org.testng.reporters.JUnitReportReporter -->
<testsuite hostname="angapparaja" failures="0" tests="5" name="com.hrmscorehrmsselfcare.testcases.SlfTeamSCObjectsTest" time="163.386" errors="0" timestamp="2023-02-02T19:34:26 IST" skipped="1">
  <testcase classname="com.hrmscorehrmsselfcare.testcases.SlfTeamSCObjectsTest" name="SingleEmptyAdd" time="30.294"/>
  <system-out/>
  <testcase classname="com.hrmscorehrmsselfcare.testcases.SlfTeamSCObjectsTest" name="sgleAprvlHstry" time="81.856"/>
  <system-out/>
  <testcase classname="com.hrmscorehrmsselfcare.testcases.SlfTeamSCObjectsTest" name="CmpdEmptyAdd" time="21.047"/>
  <system-out/>
  <testcase classname="com.hrmscorehrmsselfcare.testcases.SlfTeamSCObjectsTest" name="CmpdshiftAdd" time="30.189"/>
  <system-out/>
  <testcase classname="com.hrmscorehrmsselfcare.testcases.SlfTeamSCObjectsTest" name="SingleAdd">
    <skipped/>
  </testcase> <!-- SingleAdd -->
  <system-out/>
</testsuite> <!-- com.hrmscorehrmsselfcare.testcases.SlfTeamSCObjectsTest -->
