<?xml version="1.0" encoding="UTF-8"?>
<!-- Generated by org.testng.reporters.JUnitReportReporter -->
<testsuite hostname="angapparaja" failures="0" tests="7" name="com.hrmsreports.testcases.ReportsStandardStructureLeadTimeToHierTest" time="244.552" errors="0" timestamp="2023-02-02T19:34:26 IST" skipped="0">
  <testcase classname="com.hrmsreports.testcases.ReportsStandardStructureLeadTimeToHierTest" name="verifyReportStandardsStructureLeadTimeHierSubmitAllCheck" time="37.656"/>
  <system-out/>
  <testcase classname="com.hrmsreports.testcases.ReportsStandardStructureLeadTimeToHierTest" name="verifyReportStandardsStructureLeadTimeHierSubmitCheck" time="28.594"/>
  <system-out/>
  <testcase classname="com.hrmsreports.testcases.ReportsStandardStructureLeadTimeToHierTest" name="verifyReportStandardsStructureLeadTimeHierDepartmentMandatoryFieldCheck" time="29.043"/>
  <system-out/>
  <testcase classname="com.hrmsreports.testcases.ReportsStandardStructureLeadTimeToHierTest" name="verifyReportStandardsStructureLeadTimeHierSubDepartmentMandatoryFieldCheck" time="35.949"/>
  <system-out/>
  <testcase classname="com.hrmsreports.testcases.ReportsStandardStructureLeadTimeToHierTest" name="verifyReportStandardsStructureLeadTimeHierExcelDownloadCheck" time="39.960"/>
  <system-out/>
  <testcase classname="com.hrmsreports.testcases.ReportsStandardStructureLeadTimeToHierTest" name="verifyReportStandardsStructureLeadTimeHierPDFDownloadCheck" time="38.986"/>
  <system-out/>
  <testcase classname="com.hrmsreports.testcases.ReportsStandardStructureLeadTimeToHierTest" name="VerifyEnterTheSearchSTRUCTURELeadTimeHierpagination" time="34.364"/>
  <system-out/>
</testsuite> <!-- com.hrmsreports.testcases.ReportsStandardStructureLeadTimeToHierTest -->
