<?xml version="1.0" encoding="UTF-8"?>
<!-- Generated by org.testng.reporters.JUnitReportReporter -->
<testsuite hostname="angapparaja" failures="0" tests="5" name="com.hrmsreports.testcases.ReportsStandardProfileSalaryExitInterviewTest" time="114.897" errors="0" timestamp="2023-02-02T19:34:26 IST" skipped="0">
  <testcase classname="com.hrmsreports.testcases.ReportsStandardProfileSalaryExitInterviewTest" name="verifyReportProfileSalaryExitInterviewCheck" time="29.358"/>
  <system-out/>
  <testcase classname="com.hrmsreports.testcases.ReportsStandardProfileSalaryExitInterviewTest" name="verifyReportProfileSalaryExitInterviewCheckDownloadExcel" time="20.850"/>
  <system-out/>
  <testcase classname="com.hrmsreports.testcases.ReportsStandardProfileSalaryExitInterviewTest" name="verifyReportProfileSalaryExitInterviewCheckDownloadPDF" time="29.134"/>
  <system-out/>
  <testcase classname="com.hrmsreports.testcases.ReportsStandardProfileSalaryExitInterviewTest" name="verifyReportProfileSalaryExitInterviewFromDateMandatoryFieldCheck" time="18.330"/>
  <system-out/>
  <testcase classname="com.hrmsreports.testcases.ReportsStandardProfileSalaryExitInterviewTest" name="verifyReportProfileSalaryExitInterviewFromAndToDateMandatoryFieldCheck" time="17.225"/>
  <system-out/>
</testsuite> <!-- com.hrmsreports.testcases.ReportsStandardProfileSalaryExitInterviewTest -->
