<?xml version="1.0" encoding="UTF-8"?>
<!-- Generated by org.testng.reporters.JUnitReportReporter -->
<testsuite hostname="angapparaja" failures="0" tests="5" name="com.hrmsreports.testcases.ReportsStandardAttandanceFiledFromTest" time="149.027" errors="0" timestamp="2023-02-02T19:34:26 IST" skipped="0">
  <testcase classname="com.hrmsreports.testcases.ReportsStandardAttandanceFiledFromTest" name="verifyPageTitleTest" time="22.677"/>
  <system-out/>
  <testcase classname="com.hrmsreports.testcases.ReportsStandardAttandanceFiledFromTest" name="verifyReportStandardsAttandanceFiledFormCheck" time="26.388"/>
  <system-out/>
  <testcase classname="com.hrmsreports.testcases.ReportsStandardAttandanceFiledFromTest" name="verifyReportStandardsAttandanceFiledFormAllEmpoyeeCheckBox" time="36.666"/>
  <system-out/>
  <testcase classname="com.hrmsreports.testcases.ReportsStandardAttandanceFiledFromTest" name="verifyReportStandardsAttandanceFiledFormAllEmpoyeeFormTypeCheckBox" time="26.600"/>
  <system-out/>
  <testcase classname="com.hrmsreports.testcases.ReportsStandardAttandanceFiledFromTest" name="verifyReportStandardsAttandanceFiledFormAllEmpoyeeFormStatusCheckBox" time="36.696"/>
  <system-out/>
</testsuite> <!-- com.hrmsreports.testcases.ReportsStandardAttandanceFiledFromTest -->
