<?xml version="1.0" encoding="UTF-8"?>
<!-- Generated by org.testng.reporters.JUnitReportReporter -->
<testsuite hostname="angapparaja" failures="0" tests="2" name="com.hrmsreports.testcases.ReportsStandardPayrollMonthlyBenefitReportTest" time="45.070" errors="0" timestamp="2023-02-02T19:34:25 IST" skipped="0">
  <testcase classname="com.hrmsreports.testcases.ReportsStandardPayrollMonthlyBenefitReportTest" name="verifyReportStandardsPayRollMonthlyBenefitDownloadCheck" time="18.985"/>
  <system-out/>
  <testcase classname="com.hrmsreports.testcases.ReportsStandardPayrollMonthlyBenefitReportTest" name="verifyReportStandardsPayRollMonthlyBenefitMonthMandatoryFieldCheck" time="26.085"/>
  <system-out/>
</testsuite> <!-- com.hrmsreports.testcases.ReportsStandardPayrollMonthlyBenefitReportTest -->
