<?xml version="1.0" encoding="UTF-8"?>
<!-- Generated by org.testng.reporters.JUnitReportReporter -->
<testsuite hostname="angapparaja" failures="0" tests="2" name="com.hrmsreports.testcases.ReportsStandardLeaveLeaveStatusReportTest" time="56.786" errors="0" timestamp="2023-02-02T19:34:26 IST" skipped="0">
  <testcase classname="com.hrmsreports.testcases.ReportsStandardLeaveLeaveStatusReportTest" name="verifyReportStandardsLeaveStatusReportCheck" time="29.298"/>
  <system-out/>
  <testcase classname="com.hrmsreports.testcases.ReportsStandardLeaveLeaveStatusReportTest" name="verifyReportStandardsLeaveStatusReportYearMandatoryFieldCheck" time="27.488"/>
  <system-out/>
</testsuite> <!-- com.hrmsreports.testcases.ReportsStandardLeaveLeaveStatusReportTest -->
