<?xml version="1.0" encoding="UTF-8"?>
<!-- Generated by org.testng.reporters.JUnitReportReporter -->
<testsuite hostname="angapparaja" failures="0" tests="4" name="com.hrmsreports.testcases.ReportsStandardStatutoryFormCTest" time="120.479" errors="0" timestamp="2023-02-02T19:34:26 IST" skipped="0">
  <testcase classname="com.hrmsreports.testcases.ReportsStandardStatutoryFormCTest" name="verifyReportStandardsStatutoryFormCDownloadCheck" time="24.482"/>
  <system-out/>
  <testcase classname="com.hrmsreports.testcases.ReportsStandardStatutoryFormCTest" name="verifyReportStandardsStatutoryFormCPayrollgroupingAllCheckBoxDownloadCheck" time="32.448"/>
  <system-out/>
  <testcase classname="com.hrmsreports.testcases.ReportsStandardStatutoryFormCTest" name="verifyReportStandardsStatutoryFormCYearMandatoryFieldCheck" time="31.984"/>
  <system-out/>
  <testcase classname="com.hrmsreports.testcases.ReportsStandardStatutoryFormCTest" name="verifyReportStandardsStatutoryFormCPayrolLMandatoryFieldCheck" time="31.565"/>
  <system-out/>
</testsuite> <!-- com.hrmsreports.testcases.ReportsStandardStatutoryFormCTest -->
