<?xml version="1.0" encoding="UTF-8"?>
<!-- Generated by org.testng.reporters.JUnitReportReporter -->
<testsuite hostname="angapparaja" failures="0" tests="3" name="com.hrmsmasters.testcases.MasterReimbursementProcessTest" time="153.884" errors="0" timestamp="2023-02-02T19:34:25 IST" skipped="0">
  <testcase classname="com.hrmsmasters.testcases.MasterReimbursementProcessTest" name="verifyReimbursementProcessCheck" time="32.368"/>
  <system-out/>
  <testcase classname="com.hrmsmasters.testcases.MasterReimbursementProcessTest" name="verifyReimbursementProcessrumCommandCheck" time="88.436"/>
  <system-out/>
  <testcase classname="com.hrmsmasters.testcases.MasterReimbursementProcessTest" name="verifyReimbursementsetupReimbursementComponentMandatroyField" time="33.080"/>
  <system-out/>
</testsuite> <!-- com.hrmsmasters.testcases.MasterReimbursementProcessTest -->
