<?xml version="1.0" encoding="UTF-8"?>
<!-- Generated by org.testng.reporters.JUnitReportReporter -->
<testsuite hostname="angapparaja" failures="0" tests="3" name="com.hrmscorehrms.testcases.CoreHrmsIncreArrearCurrencyMonthIncListTest" time="120.451" errors="0" timestamp="2023-02-02T19:34:26 IST" skipped="0">
  <testcase classname="com.hrmscorehrms.testcases.CoreHrmsIncreArrearCurrencyMonthIncListTest" name="verifyCurrentMonthINCListSearch" time="20.153"/>
  <system-out/>
  <testcase classname="com.hrmscorehrms.testcases.CoreHrmsIncreArrearCurrencyMonthIncListTest" name="verifyEmployeeHeadingCheck" time="16.110"/>
  <system-out/>
  <testcase classname="com.hrmscorehrms.testcases.CoreHrmsIncreArrearCurrencyMonthIncListTest" name="verifyEmployeeMoveToLiveCheck" time="84.188"/>
  <system-out/>
</testsuite> <!-- com.hrmscorehrms.testcases.CoreHrmsIncreArrearCurrencyMonthIncListTest -->
