<?xml version="1.0" encoding="UTF-8"?>
<!-- Generated by org.testng.reporters.JUnitReportReporter -->
<testsuite hostname="angapparaja" failures="0" tests="2" name="com.hrmsstructure.testcases.StructureRecruitmentInternalPostingTest" time="164.352" errors="0" timestamp="2023-02-02T19:34:26 IST" skipped="0">
  <testcase classname="com.hrmsstructure.testcases.StructureRecruitmentInternalPostingTest" name="verifyRecruitmentInternalPostingPagination" time="78.500"/>
  <system-out/>
  <testcase classname="com.hrmsstructure.testcases.StructureRecruitmentInternalPostingTest" name="VerifySearchTheRecruitmenInternalPostingPositionName" time="85.852"/>
  <system-out/>
</testsuite> <!-- com.hrmsstructure.testcases.StructureRecruitmentInternalPostingTest -->
