<?xml version="1.0" encoding="UTF-8"?>
<!-- Generated by org.testng.reporters.JUnitReportReporter -->
<testsuite hostname="angapparaja" failures="0" tests="6" name="com.hrmsmasters.testcases.MasterPayRollAccountMasterTest" time="126.394" errors="0" timestamp="2023-02-02T19:34:26 IST" skipped="0">
  <testcase classname="com.hrmsmasters.testcases.MasterPayRollAccountMasterTest" name="verifyAddAccountMasterday" time="19.792"/>
  <system-out/>
  <testcase classname="com.hrmsmasters.testcases.MasterPayRollAccountMasterTest" name="verifyAccountMasterNegativeCheck" time="19.707"/>
  <system-out/>
  <testcase classname="com.hrmsmasters.testcases.MasterPayRollAccountMasterTest" name="verifyAccountMasterAccountCodeMandatoryfieldCheck" time="29.629"/>
  <system-out/>
  <testcase classname="com.hrmsmasters.testcases.MasterPayRollAccountMasterTest" name="verifyAccountMasterAccountNameMandatoryfieldCheck" time="18.467"/>
  <system-out/>
  <testcase classname="com.hrmsmasters.testcases.MasterPayRollAccountMasterTest" name="verifyAccountMasterResetBtn" time="19.666"/>
  <system-out/>
  <testcase classname="com.hrmsmasters.testcases.MasterPayRollAccountMasterTest" name="VerifyEnterTheSearchAccountMASTERPagination" time="19.133"/>
  <system-out/>
</testsuite> <!-- com.hrmsmasters.testcases.MasterPayRollAccountMasterTest -->
