<?xml version="1.0" encoding="UTF-8"?>
<!-- Generated by org.testng.reporters.JUnitReportReporter -->
<testsuite hostname="angapparaja" failures="0" tests="3" name="com.hrmsmasters.testcases.MasterAttendanceODReasonTest" time="65.152" errors="0" timestamp="2023-02-02T19:34:26 IST" skipped="0">
  <testcase classname="com.hrmsmasters.testcases.MasterAttendanceODReasonTest" name="verifyAttandanceaddODReason" time="18.955"/>
  <system-out/>
  <testcase classname="com.hrmsmasters.testcases.MasterAttendanceODReasonTest" name="verifyAttendanceODReasonResetButton" time="27.594"/>
  <system-out/>
  <testcase classname="com.hrmsmasters.testcases.MasterAttendanceODReasonTest" name="verifyAttandanceODReasonMandatroyField" time="18.603"/>
  <system-out/>
</testsuite> <!-- com.hrmsmasters.testcases.MasterAttendanceODReasonTest -->
