<?xml version="1.0" encoding="UTF-8"?>
<!-- Generated by org.testng.reporters.JUnitReportReporter -->
<testsuite hostname="angapparaja" failures="0" tests="3" name="com.hrmscorehrms.testcases.CoreHrmsIncrementArrearsLOPReversalTest" time="239.057" errors="0" timestamp="2023-02-02T19:34:25 IST" skipped="0">
  <testcase classname="com.hrmscorehrms.testcases.CoreHrmsIncrementArrearsLOPReversalTest" name="verifyLOPReversalPayRollDownloadCheck" time="81.362"/>
  <system-out/>
  <testcase classname="com.hrmscorehrms.testcases.CoreHrmsIncrementArrearsLOPReversalTest" name="verifyLOPReversalPayRollUploadMandatoryFieldCheck" time="83.034"/>
  <system-out/>
  <testcase classname="com.hrmscorehrms.testcases.CoreHrmsIncrementArrearsLOPReversalTest" name="verifyLOPReversalPayRollUploadCheck" time="74.661"/>
  <system-out/>
</testsuite> <!-- com.hrmscorehrms.testcases.CoreHrmsIncrementArrearsLOPReversalTest -->
