<?xml version="1.0" encoding="UTF-8"?>
<!-- Generated by org.testng.reporters.JUnitReportReporter -->
<testsuite hostname="angapparaja" failures="0" tests="5" name="com.hrmsreports.testcases.ReportsStandardPayRollPayRegisterTest" time="203.470" errors="0" timestamp="2023-02-02T19:34:26 IST" skipped="0">
  <testcase classname="com.hrmsreports.testcases.ReportsStandardPayRollPayRegisterTest" name="verifyReportStandardsPayRollPayRegisterSubmitCheck" time="26.157"/>
  <system-out/>
  <testcase classname="com.hrmsreports.testcases.ReportsStandardPayRollPayRegisterTest" name="verifyReportStandardsPayRollPayRegisterAllCheckBoxSubmitCheck" time="35.441"/>
  <system-out/>
  <testcase classname="com.hrmsreports.testcases.ReportsStandardPayRollPayRegisterTest" name="verifyReportStandardsPayRollPayRegisterArrearCheck" time="26.209"/>
  <system-out/>
  <testcase classname="com.hrmsreports.testcases.ReportsStandardPayRollPayRegisterTest" name="verifyReportStandardsPayRollPayRegisterFFButtonCheck" time="89.576"/>
  <system-out/>
  <testcase classname="com.hrmsreports.testcases.ReportsStandardPayRollPayRegisterTest" name="verifyReportStandardsPayRollPayRegisterSalaryTypeMandatoryFieldCheck" time="26.087"/>
  <system-out/>
</testsuite> <!-- com.hrmsreports.testcases.ReportsStandardPayRollPayRegisterTest -->
