<?xml version="1.0" encoding="UTF-8"?>
<!-- Generated by org.testng.reporters.JUnitReportReporter -->
<testsuite hostname="angapparaja" failures="0" tests="3" name="com.hrmscorehrmsselfcare.testcases.TakecompObjectsTest" time="112.237" errors="0" timestamp="2023-02-02T19:34:25 IST" skipped="1">
  <testcase classname="com.hrmscorehrmsselfcare.testcases.TakecompObjectsTest" name="TakeoffEmpty" time="84.024"/>
  <system-out/>
  <testcase classname="com.hrmscorehrmsselfcare.testcases.TakecompObjectsTest" name="TakeoffSearch" time="28.213"/>
  <system-out/>
  <testcase classname="com.hrmscorehrmsselfcare.testcases.TakecompObjectsTest" name="TakeoffAdd">
    <skipped/>
  </testcase> <!-- TakeoffAdd -->
  <system-out/>
</testsuite> <!-- com.hrmscorehrmsselfcare.testcases.TakecompObjectsTest -->
