<?xml version="1.0" encoding="UTF-8"?>
<!-- Generated by org.testng.reporters.JUnitReportReporter -->
<testsuite hostname="angapparaja" failures="0" tests="4" name="com.hrmsreports.testcases.ReportsStandardPayRollPaySlipTest" time="192.092" errors="0" timestamp="2023-02-02T19:34:26 IST" skipped="0">
  <testcase classname="com.hrmsreports.testcases.ReportsStandardPayRollPaySlipTest" name="verifyReportStandardsPayRollPaySlipEmployeeDownloadCheck" time="34.702"/>
  <system-out/>
  <testcase classname="com.hrmsreports.testcases.ReportsStandardPayRollPaySlipTest" name="verifyReportStandardsPayRollPaySlipEmployeeDownloadZipCheck" time="34.229"/>
  <system-out/>
  <testcase classname="com.hrmsreports.testcases.ReportsStandardPayRollPaySlipTest" name="verifyReportStandardsPayRollPaySlipAllEmployeeDownloadCheck" time="34.207"/>
  <system-out/>
  <testcase classname="com.hrmsreports.testcases.ReportsStandardPayRollPaySlipTest" name="verifyReportStandardsPayRollPaySlipAllEmployeeMailCheck" time="88.954"/>
  <system-out/>
</testsuite> <!-- com.hrmsreports.testcases.ReportsStandardPayRollPaySlipTest -->
