<?xml version="1.0" encoding="UTF-8"?>
<!-- Generated by org.testng.reporters.JUnitReportReporter -->
<testsuite hostname="angapparaja" failures="0" tests="3" name="com.hrmsreports.testcases.ReportsStandardAttendanceAttendanceSummaryReportTest" time="74.810" errors="0" timestamp="2023-02-02T19:34:26 IST" skipped="0">
  <testcase classname="com.hrmsreports.testcases.ReportsStandardAttendanceAttendanceSummaryReportTest" name="verifyReportStandardsAttandanceSummaryReportPayRollGroupCheck" time="27.746"/>
  <system-out/>
  <testcase classname="com.hrmsreports.testcases.ReportsStandardAttendanceAttendanceSummaryReportTest" name="verifyReportStandardsAttandanceSummaryReportEmployeeCodeCheck" time="17.803"/>
  <system-out/>
  <testcase classname="com.hrmsreports.testcases.ReportsStandardAttendanceAttendanceSummaryReportTest" name="verifyReportStandardsAttandanceSummaryReportAllEmployeeCodeCheck" time="29.261"/>
  <system-out/>
</testsuite> <!-- com.hrmsreports.testcases.ReportsStandardAttendanceAttendanceSummaryReportTest -->
