<?xml version="1.0" encoding="UTF-8"?>
<!-- Generated by org.testng.reporters.JUnitReportReporter -->
<testsuite hostname="angapparaja" failures="0" tests="4" name="com.hrmsreports.testcases.ReportsStandardStatutoryFormBTest" time="108.360" errors="0" timestamp="2023-02-02T19:34:26 IST" skipped="0">
  <testcase classname="com.hrmsreports.testcases.ReportsStandardStatutoryFormBTest" name="verifyReportStandardsStatutoryFormBDownloadCheck" time="20.855"/>
  <system-out/>
  <testcase classname="com.hrmsreports.testcases.ReportsStandardStatutoryFormBTest" name="verifyReportStandardsStatutoryFormBPayrollgroupingAllCheckBoxDownloadCheck" time="29.861"/>
  <system-out/>
  <testcase classname="com.hrmsreports.testcases.ReportsStandardStatutoryFormBTest" name="verifyReportStandardsStatutoryFormBYearMandatoryFieldCheck" time="28.643"/>
  <system-out/>
  <testcase classname="com.hrmsreports.testcases.ReportsStandardStatutoryFormBTest" name="verifyReportStandardsStatutoryFormBPayrolLMandatoryFieldCheck" time="29.001"/>
  <system-out/>
</testsuite> <!-- com.hrmsreports.testcases.ReportsStandardStatutoryFormBTest -->
