<?xml version="1.0" encoding="UTF-8"?>
<!-- Generated by org.testng.reporters.JUnitReportReporter -->
<testsuite hostname="angapparaja" failures="0" tests="6" name="com.hrmsmasters.testcases.MasterPersonalLanguageTest" time="198.824" errors="0" timestamp="2023-02-02T19:34:25 IST" skipped="0">
  <testcase classname="com.hrmsmasters.testcases.MasterPersonalLanguageTest" name="verifyaddLanguage" time="15.343"/>
  <system-out/>
  <testcase classname="com.hrmsmasters.testcases.MasterPersonalLanguageTest" name="verifyLanguageNameNegativeCheck" time="25.126"/>
  <system-out/>
  <testcase classname="com.hrmsmasters.testcases.MasterPersonalLanguageTest" name="verifyaddLanguageMandatroyField" time="26.649"/>
  <system-out/>
  <testcase classname="com.hrmsmasters.testcases.MasterPersonalLanguageTest" name="verifyaddLanguageDuplicateCheck" time="24.753"/>
  <system-out/>
  <testcase classname="com.hrmsmasters.testcases.MasterPersonalLanguageTest" name="verifyPersonalLanguageResetBtn" time="26.896"/>
  <system-out/>
  <testcase classname="com.hrmsmasters.testcases.MasterPersonalLanguageTest" name="verifyPagination" time="80.057"/>
  <system-out/>
</testsuite> <!-- com.hrmsmasters.testcases.MasterPersonalLanguageTest -->
