<?xml version="1.0" encoding="UTF-8"?>
<!-- Generated by org.testng.reporters.JUnitReportReporter -->
<testsuite hostname="angapparaja" failures="0" tests="7" name="com.hrmsmasters.testcases.MasterAttendanceHolidayTest" time="191.169" errors="0" timestamp="2023-02-02T19:34:26 IST" skipped="0">
  <testcase classname="com.hrmsmasters.testcases.MasterAttendanceHolidayTest" name="verifyAddAlltypeHoliday" time="22.310"/>
  <system-out/>
  <testcase classname="com.hrmsmasters.testcases.MasterAttendanceHolidayTest" name="verifyAddRegionalTypeHoliday" time="33.008"/>
  <system-out/>
  <testcase classname="com.hrmsmasters.testcases.MasterAttendanceHolidayTest" name="verifyAttendanceAllTypeHolidayNameNegativeCheck" time="30.656"/>
  <system-out/>
  <testcase classname="com.hrmsmasters.testcases.MasterAttendanceHolidayTest" name="verifyAttendanceAllTypeHolidayMandatoryFieldCheck" time="28.823"/>
  <system-out/>
  <testcase classname="com.hrmsmasters.testcases.MasterAttendanceHolidayTest" name="verifyAttendanceRegionalTypeDayDescriptionMandatoryFieldCheck" time="18.442"/>
  <system-out/>
  <testcase classname="com.hrmsmasters.testcases.MasterAttendanceHolidayTest" name="verifyAttendanceHolidayResetBtn" time="30.225"/>
  <system-out/>
  <testcase classname="com.hrmsmasters.testcases.MasterAttendanceHolidayTest" name="VerifyEnterTheSearchAttendanceHolidayPagination" time="27.705"/>
  <system-out/>
</testsuite> <!-- com.hrmsmasters.testcases.MasterAttendanceHolidayTest -->
