<?xml version="1.0" encoding="UTF-8"?>
<!-- Generated by org.testng.reporters.JUnitReportReporter -->
<testsuite hostname="angapparaja" failures="0" tests="5" name="com.hrmsreports.testcases.ReportsStandardAttendancePunchGEOTaggingTest" time="219.637" errors="0" timestamp="2023-02-02T19:34:26 IST" skipped="0">
  <testcase classname="com.hrmsreports.testcases.ReportsStandardAttendancePunchGEOTaggingTest" name="verifyReportStandardsAttandancePunchGEOTaggingCheck" time="34.133"/>
  <system-out/>
  <testcase classname="com.hrmsreports.testcases.ReportsStandardAttendancePunchGEOTaggingTest" name="verifyReportStandardsAttandancePunchGEOTaggingEmployeeCodeCheck" time="32.987"/>
  <system-out/>
  <testcase classname="com.hrmsreports.testcases.ReportsStandardAttendancePunchGEOTaggingTest" name="verifyReportStandardsAttandancePunchGEOTaggingDepartmentCheck" time="33.176"/>
  <system-out/>
  <testcase classname="com.hrmsreports.testcases.ReportsStandardAttendancePunchGEOTaggingTest" name="verifyReportStandardsAttandancePunchGEOTaggingFromDateMandatoryFieldCheck" time="87.159"/>
  <system-out/>
  <testcase classname="com.hrmsreports.testcases.ReportsStandardAttendancePunchGEOTaggingTest" name="verifyReportStandardsAttandancePunchGEOTaggingToDateMandatoryFieldCheck" time="32.182"/>
  <system-out/>
</testsuite> <!-- com.hrmsreports.testcases.ReportsStandardAttendancePunchGEOTaggingTest -->
