<?xml version="1.0" encoding="UTF-8"?>
<!-- Generated by org.testng.reporters.JUnitReportReporter -->
<testsuite hostname="angapparaja" failures="0" tests="12" name="com.hrmscorehrmsselfcare.testcases.ShiftCodeObjectsTest" time="440.248" errors="0" timestamp="2023-02-02T19:34:26 IST" skipped="2">
  <testcase classname="com.hrmscorehrmsselfcare.testcases.ShiftCodeObjectsTest" name="EmptyAdd" time="45.886"/>
  <system-out/>
  <testcase classname="com.hrmscorehrmsselfcare.testcases.ShiftCodeObjectsTest" name="SingleSearch" time="33.927"/>
  <system-out/>
  <testcase classname="com.hrmscorehrmsselfcare.testcases.ShiftCodeObjectsTest" name="SingleCancel" time="39.483"/>
  <system-out/>
  <testcase classname="com.hrmscorehrmsselfcare.testcases.ShiftCodeObjectsTest" name="SingleApproval" time="28.916"/>
  <system-out/>
  <testcase classname="com.hrmscorehrmsselfcare.testcases.ShiftCodeObjectsTest" name="SingleDataValidation" time="64.114"/>
  <system-out/>
  <testcase classname="com.hrmscorehrmsselfcare.testcases.ShiftCodeObjectsTest" name="CmpdEmpAdd" time="40.150"/>
  <system-out/>
  <testcase classname="com.hrmscorehrmsselfcare.testcases.ShiftCodeObjectsTest" name="CmpdSearch" time="43.082"/>
  <system-out/>
  <testcase classname="com.hrmscorehrmsselfcare.testcases.ShiftCodeObjectsTest" name="CmpdCancel" time="51.697"/>
  <system-out/>
  <testcase classname="com.hrmscorehrmsselfcare.testcases.ShiftCodeObjectsTest" name="CmpdAprval" time="29.792"/>
  <system-out/>
  <testcase classname="com.hrmscorehrmsselfcare.testcases.ShiftCodeObjectsTest" name="CmpdTableValidation" time="63.201"/>
  <system-out/>
  <testcase classname="com.hrmscorehrmsselfcare.testcases.ShiftCodeObjectsTest" name="CmpdAdd">
    <skipped/>
  </testcase> <!-- CmpdAdd -->
  <system-out/>
  <testcase classname="com.hrmscorehrmsselfcare.testcases.ShiftCodeObjectsTest" name="Add">
    <skipped/>
  </testcase> <!-- Add -->
  <system-out/>
</testsuite> <!-- com.hrmscorehrmsselfcare.testcases.ShiftCodeObjectsTest -->
