<?xml version="1.0" encoding="UTF-8"?>
<!-- Generated by org.testng.reporters.JUnitReportReporter -->
<testsuite hostname="angapparaja" failures="0" tests="5" name="com.hrmsmasters.testcases.MasterAttendanceWeekOffPolicyTest" time="153.391" errors="0" timestamp="2023-02-02T19:34:26 IST" skipped="0">
  <testcase classname="com.hrmsmasters.testcases.MasterAttendanceWeekOffPolicyTest" name="verifyWeekoffpolicyadd" time="36.379"/>
  <system-out/>
  <testcase classname="com.hrmsmasters.testcases.MasterAttendanceWeekOffPolicyTest" name="verifyAttendanceWeekoffpolicyNameMandatroyField" time="24.702"/>
  <system-out/>
  <testcase classname="com.hrmsmasters.testcases.MasterAttendanceWeekOffPolicyTest" name="verifyAttendanceWeekoffpolicyStatusMandatroyField" time="34.971"/>
  <system-out/>
  <testcase classname="com.hrmsmasters.testcases.MasterAttendanceWeekOffPolicyTest" name="verifyAttendanceWeekoffpolicyResetButton" time="37.421"/>
  <system-out/>
  <testcase classname="com.hrmsmasters.testcases.MasterAttendanceWeekOffPolicyTest" name="VerifyEnterTheSearchAttendanceWeekoffpolicyPagination" time="19.918"/>
  <system-out/>
</testsuite> <!-- com.hrmsmasters.testcases.MasterAttendanceWeekOffPolicyTest -->
