<?xml version="1.0" encoding="UTF-8"?>
<!-- Generated by org.testng.reporters.JUnitReportReporter -->
<testsuite hostname="angapparaja" failures="0" tests="1" name="com.hrmsreports.testcases.ReportsStandardTDSTaxReportTest" time="26.357" errors="0" timestamp="2023-02-02T19:34:26 IST" skipped="0">
  <testcase classname="com.hrmsreports.testcases.ReportsStandardTDSTaxReportTest" name="verifyReportStandardsTaxReportTaxReportSubmitCheck" time="26.357"/>
  <system-out/>
</testsuite> <!-- com.hrmsreports.testcases.ReportsStandardTDSTaxReportTest -->
