<?xml version="1.0" encoding="UTF-8"?>
<!-- Generated by org.testng.reporters.JUnitReportReporter -->
<testsuite hostname="angapparaja" failures="0" tests="3" name="com.hrmsmasters.testcases.MasterReimbursementMonthlyPayListsTest" time="77.945" errors="0" timestamp="2023-02-02T19:34:26 IST" skipped="0">
  <testcase classname="com.hrmsmasters.testcases.MasterReimbursementMonthlyPayListsTest" name="verifyReimbursementProcessCheck" time="21.375"/>
  <system-out/>
  <testcase classname="com.hrmsmasters.testcases.MasterReimbursementMonthlyPayListsTest" name="verifyReimbursementProcessrumCommandCheck" time="23.607"/>
  <system-out/>
  <testcase classname="com.hrmsmasters.testcases.MasterReimbursementMonthlyPayListsTest" name="verifyReimbursementsetupReimbursementComponentMandatroyField" time="32.963"/>
  <system-out/>
</testsuite> <!-- com.hrmsmasters.testcases.MasterReimbursementMonthlyPayListsTest -->
