<?xml version="1.0" encoding="UTF-8"?>
<!-- Generated by org.testng.reporters.JUnitReportReporter -->
<testsuite hostname="angapparaja" failures="0" tests="6" name="com.hrmsmasters.testcases.MasterPositionBusinessUnitTest" time="113.925" errors="0" timestamp="2023-02-02T19:34:25 IST" skipped="0">
  <testcase classname="com.hrmsmasters.testcases.MasterPositionBusinessUnitTest" name="verifyaddBusinessUnit" time="20.248"/>
  <system-out/>
  <testcase classname="com.hrmsmasters.testcases.MasterPositionBusinessUnitTest" name="verifyPositionTitleNegativeCheck" time="16.245"/>
  <system-out/>
  <testcase classname="com.hrmsmasters.testcases.MasterPositionBusinessUnitTest" name="verifyaddBusinessUnitMandatroyField" time="17.352"/>
  <system-out/>
  <testcase classname="com.hrmsmasters.testcases.MasterPositionBusinessUnitTest" name="verifyaddBusinessUnitDuplicateCheck" time="26.952"/>
  <system-out/>
  <testcase classname="com.hrmsmasters.testcases.MasterPositionBusinessUnitTest" name="verifyPositionBusinessUnitResetButton" time="16.465"/>
  <system-out/>
  <testcase classname="com.hrmsmasters.testcases.MasterPositionBusinessUnitTest" name="VerifyEnterTheSearchPositionBusinessUnitPagination" time="16.663"/>
  <system-out/>
</testsuite> <!-- com.hrmsmasters.testcases.MasterPositionBusinessUnitTest -->
