<?xml version="1.0" encoding="UTF-8"?>
<!-- Generated by org.testng.reporters.JUnitReportReporter -->
<testsuite hostname="angapparaja" failures="0" tests="7" name="com.hrmsmasters.testcases.MasterPositionPositionTitleTest" time="226.342" errors="0" timestamp="2023-02-02T19:34:25 IST" skipped="0">
  <testcase classname="com.hrmsmasters.testcases.MasterPositionPositionTitleTest" name="verifyaddPositionTitle" time="31.853"/>
  <system-out/>
  <testcase classname="com.hrmsmasters.testcases.MasterPositionPositionTitleTest" name="verifyaddPositionTtileMandatroyField" time="26.624"/>
  <system-out/>
  <testcase classname="com.hrmsmasters.testcases.MasterPositionPositionTitleTest" name="verifyaddPositionJoblevelMandatroyField" time="20.188"/>
  <system-out/>
  <testcase classname="com.hrmsmasters.testcases.MasterPositionPositionTitleTest" name="verifyaddPositionTitleDuplicateCheck" time="20.356"/>
  <system-out/>
  <testcase classname="com.hrmsmasters.testcases.MasterPositionPositionTitleTest" name="verifyPositionTitleResetButton" time="30.359"/>
  <system-out/>
  <testcase classname="com.hrmsmasters.testcases.MasterPositionPositionTitleTest" name="verifyPositionTitlePagination" time="70.968"/>
  <system-out/>
  <testcase classname="com.hrmsmasters.testcases.MasterPositionPositionTitleTest" name="VerifyEnterTheSearchPositionTitlePagination" time="25.994"/>
  <system-out/>
</testsuite> <!-- com.hrmsmasters.testcases.MasterPositionPositionTitleTest -->
