<?xml version="1.0" encoding="UTF-8"?>
<!-- Generated by org.testng.reporters.JUnitReportReporter -->
<testsuite hostname="angapparaja" failures="0" tests="6" name="com.hrmsstructure.testcases.StructureRecruitmentSetupTest" time="256.639" errors="0" timestamp="2023-02-02T19:34:25 IST" skipped="0">
  <testcase classname="com.hrmsstructure.testcases.StructureRecruitmentSetupTest" name="verifyAddStructureRecruitmentSetup" time="33.089"/>
  <system-out/>
  <testcase classname="com.hrmsstructure.testcases.StructureRecruitmentSetupTest" name="verifyStructureRecruitmentSetupNegativeCheck" time="25.945"/>
  <system-out/>
  <testcase classname="com.hrmsstructure.testcases.StructureRecruitmentSetupTest" name="verifyStructureRecruitmentSetupPositionNameMandatoryFieldCheck" time="32.115"/>
  <system-out/>
  <testcase classname="com.hrmsstructure.testcases.StructureRecruitmentSetupTest" name="verifyRecruitmentSetupDuplicateCheck" time="34.060"/>
  <system-out/>
  <testcase classname="com.hrmsstructure.testcases.StructureRecruitmentSetupTest" name="verifyRecruitmentSetupResetBtn" time="43.143"/>
  <system-out/>
  <testcase classname="com.hrmsstructure.testcases.StructureRecruitmentSetupTest" name="VerifySearchTheStructureRoleDescriptionName" time="88.287"/>
  <system-out/>
</testsuite> <!-- com.hrmsstructure.testcases.StructureRecruitmentSetupTest -->
