<?xml version="1.0" encoding="UTF-8"?>
<!-- Generated by org.testng.reporters.JUnitReportReporter -->
<testsuite hostname="angapparaja" failures="0" tests="6" name="com.hrmsmasters.testcases.MasterAttendanceDayDescriptionTest" time="151.710" errors="0" timestamp="2023-02-02T19:34:26 IST" skipped="0">
  <testcase classname="com.hrmsmasters.testcases.MasterAttendanceDayDescriptionTest" name="verifyAddDayDescption" time="17.913"/>
  <system-out/>
  <testcase classname="com.hrmsmasters.testcases.MasterAttendanceDayDescriptionTest" name="verifyaddDayDescptionNegativeCheck" time="25.838"/>
  <system-out/>
  <testcase classname="com.hrmsmasters.testcases.MasterAttendanceDayDescriptionTest" name="verifyaddDayDescptionMandatoryFieldCheck" time="27.264"/>
  <system-out/>
  <testcase classname="com.hrmsmasters.testcases.MasterAttendanceDayDescriptionTest" name="verifyaddShortCodeMandatoryFieldCheck" time="29.097"/>
  <system-out/>
  <testcase classname="com.hrmsmasters.testcases.MasterAttendanceDayDescriptionTest" name="verifyDayDescptionResetButton" time="25.472"/>
  <system-out/>
  <testcase classname="com.hrmsmasters.testcases.MasterAttendanceDayDescriptionTest" name="VerifyEnterTheSearchDayDescriptionPagination" time="26.126"/>
  <system-out/>
</testsuite> <!-- com.hrmsmasters.testcases.MasterAttendanceDayDescriptionTest -->
