<?xml version="1.0" encoding="UTF-8"?>
<!-- Generated by org.testng.reporters.JUnitReportReporter -->
<testsuite hostname="angapparaja" failures="0" tests="3" name="com.hrmsstructure.testcases.StructureOnBoardingMoveToLiveTest" time="123.081" errors="0" timestamp="2023-02-02T19:34:25 IST" skipped="0">
  <testcase classname="com.hrmsstructure.testcases.StructureOnBoardingMoveToLiveTest" name="verifyStructuremovetoLivePagination" time="79.451"/>
  <system-out/>
  <testcase classname="com.hrmsstructure.testcases.StructureOnBoardingMoveToLiveTest" name="VerifySearchmovetoLivePositionName" time="26.968"/>
  <system-out/>
  <testcase classname="com.hrmsstructure.testcases.StructureOnBoardingMoveToLiveTest" name="VerifySearchmovetoLiveName" time="16.662"/>
  <system-out/>
</testsuite> <!-- com.hrmsstructure.testcases.StructureOnBoardingMoveToLiveTest -->
