<?xml version="1.0" encoding="UTF-8"?>
<!-- Generated by org.testng.reporters.JUnitReportReporter -->
<testsuite hostname="angapparaja" failures="0" tests="3" name="com.hrmsreports.testcases.ReportsStandardPayRollVarianceAnalysisTest" time="67.893" errors="0" timestamp="2023-02-02T19:34:26 IST" skipped="0">
  <testcase classname="com.hrmsreports.testcases.ReportsStandardPayRollVarianceAnalysisTest" name="verifyReportStandardsPayRollVarianceAnalysisDownloadCheck" time="28.816"/>
  <system-out/>
  <testcase classname="com.hrmsreports.testcases.ReportsStandardPayRollVarianceAnalysisTest" name="verifyReportStandardsPayRollVarianceAnalysisPayCycleMandatoryFieldCheck" time="19.126"/>
  <system-out/>
  <testcase classname="com.hrmsreports.testcases.ReportsStandardPayRollVarianceAnalysisTest" name="verifyReportStandardsPayRollVarianceAnalysisDurationMandatoryFieldCheck" time="19.951"/>
  <system-out/>
</testsuite> <!-- com.hrmsreports.testcases.ReportsStandardPayRollVarianceAnalysisTest -->
