<?xml version="1.0" encoding="UTF-8"?>
<!-- Generated by org.testng.reporters.JUnitReportReporter -->
<testsuite hostname="angapparaja" failures="0" tests="4" name="com.hrmsreports.testcases.ReportsStandardStatutoryMWFormVTest" time="118.238" errors="0" timestamp="2023-02-02T19:34:26 IST" skipped="0">
  <testcase classname="com.hrmsreports.testcases.ReportsStandardStatutoryMWFormVTest" name="verifyReportStandardsStatutoryMWFormVDownloadCheck" time="30.986"/>
  <system-out/>
  <testcase classname="com.hrmsreports.testcases.ReportsStandardStatutoryMWFormVTest" name="verifyReportStandardsMWFormMonthMandatoryFieldCheck" time="28.994"/>
  <system-out/>
  <testcase classname="com.hrmsreports.testcases.ReportsStandardStatutoryMWFormVTest" name="verifyReportStandardsMWFormVPayRollGroupingMandatoryFieldCheck" time="28.308"/>
  <system-out/>
  <testcase classname="com.hrmsreports.testcases.ReportsStandardStatutoryMWFormVTest" name="verifyReportStandardsMWFormVDepartmentMandatoryFieldCheck" time="29.950"/>
  <system-out/>
</testsuite> <!-- com.hrmsreports.testcases.ReportsStandardStatutoryMWFormVTest -->
