<?xml version="1.0" encoding="UTF-8"?>
<!-- Generated by org.testng.reporters.JUnitReportReporter -->
<testsuite hostname="angapparaja" failures="0" tests="6" name="com.hrmsmasters.testcases.MasterExitManagementNoduesTest" time="177.936" errors="0" timestamp="2023-02-02T19:34:26 IST" skipped="0">
  <testcase classname="com.hrmsmasters.testcases.MasterExitManagementNoduesTest" name="verifyAddMasterExitManagementNodues" time="36.574"/>
  <system-out/>
  <testcase classname="com.hrmsmasters.testcases.MasterExitManagementNoduesTest" name="verifyMasterExitManagementNoduesCategoryNameNegativeCheck" time="27.319"/>
  <system-out/>
  <testcase classname="com.hrmsmasters.testcases.MasterExitManagementNoduesTest" name="verifyMasterExitManagementNoduesDepartmantMandatoryFieldCheck" time="36.427"/>
  <system-out/>
  <testcase classname="com.hrmsmasters.testcases.MasterExitManagementNoduesTest" name="verifyMasterExitManagementNoduesCatecoryNameMandatoryFieldCheck" time="26.646"/>
  <system-out/>
  <testcase classname="com.hrmsmasters.testcases.MasterExitManagementNoduesTest" name="verifyMasterExitManagementNoduesreset" time="27.369"/>
  <system-out/>
  <testcase classname="com.hrmsmasters.testcases.MasterExitManagementNoduesTest" name="VerifyEnterTheSearchExitmanagementNoduescategorynamePagination" time="23.601"/>
  <system-out/>
</testsuite> <!-- com.hrmsmasters.testcases.MasterExitManagementNoduesTest -->
