<?xml version="1.0" encoding="UTF-8"?>
<!-- Generated by org.testng.reporters.JUnitReportReporter -->
<testsuite hostname="angapparaja" failures="0" tests="2" name="com.hrmsreports.testcases.ReportsStandardProfileSalaryHRLettersTest" time="169.996" errors="0" timestamp="2023-02-02T19:34:26 IST" skipped="0">
  <testcase classname="com.hrmsreports.testcases.ReportsStandardProfileSalaryHRLettersTest" name="verifyReportProfileSalaryHrLettersCheck" time="90.015"/>
  <system-out/>
  <testcase classname="com.hrmsreports.testcases.ReportsStandardProfileSalaryHRLettersTest" name="verifyReportProfileSalaryHrLettersAttachmentLetterMandatoryFieldCheck" time="79.981"/>
  <system-out/>
</testsuite> <!-- com.hrmsreports.testcases.ReportsStandardProfileSalaryHRLettersTest -->
