<?xml version="1.0" encoding="UTF-8"?>
<!-- Generated by org.testng.reporters.JUnitReportReporter -->
<testsuite hostname="angapparaja" failures="0" tests="3" name="com.hrmsstructure.testcases.StructureInterviewSelectedTest" time="242.777" errors="0" timestamp="2023-02-02T19:34:26 IST" skipped="0">
  <testcase classname="com.hrmsstructure.testcases.StructureInterviewSelectedTest" name="verifyStructureinterviewSelectedPagination" time="87.975"/>
  <system-out/>
  <testcase classname="com.hrmsstructure.testcases.StructureInterviewSelectedTest" name="VerifySearchTheinterviewSelectedPositionName" time="77.753"/>
  <system-out/>
  <testcase classname="com.hrmsstructure.testcases.StructureInterviewSelectedTest" name="VerifySearchTheinterviewSelectedName" time="77.049"/>
  <system-out/>
</testsuite> <!-- com.hrmsstructure.testcases.StructureInterviewSelectedTest -->
