<?xml version="1.0" encoding="UTF-8"?>
<!-- Generated by org.testng.reporters.JUnitReportReporter -->
<testsuite hostname="angapparaja" failures="0" tests="6" name="com.hrmsstructure.testcases.StructureInterviewHistoryTest" time="192.674" errors="0" timestamp="2023-02-02T19:34:26 IST" skipped="0">
  <testcase classname="com.hrmsstructure.testcases.StructureInterviewHistoryTest" name="verifyaddStructureInterviewHistory" time="16.235"/>
  <system-out/>
  <testcase classname="com.hrmsstructure.testcases.StructureInterviewHistoryTest" name="verifyInterviewHistoryJobPositionMandatoryFieldCheck" time="19.912"/>
  <system-out/>
  <testcase classname="com.hrmsstructure.testcases.StructureInterviewHistoryTest" name="verifyInterviewHistorySelectionStatusMandatoryFieldCheck" time="26.994"/>
  <system-out/>
  <testcase classname="com.hrmsstructure.testcases.StructureInterviewHistoryTest" name="verifyStructureHistoryPagination" time="83.490"/>
  <system-out/>
  <testcase classname="com.hrmsstructure.testcases.StructureInterviewHistoryTest" name="VerifySearchStructureinterviewHistoryPositionName" time="27.494"/>
  <system-out/>
  <testcase classname="com.hrmsstructure.testcases.StructureInterviewHistoryTest" name="VerifySearchStructureinterviewHistoryCandidateName" time="18.549"/>
  <system-out/>
</testsuite> <!-- com.hrmsstructure.testcases.StructureInterviewHistoryTest -->
