<?xml version="1.0" encoding="UTF-8"?>
<!-- Generated by org.testng.reporters.JUnitReportReporter -->
<testsuite hostname="angapparaja" failures="0" tests="7" name="com.hrmsmasters.testcases.MasterEducationCourseTest" time="192.933" errors="0" timestamp="2023-02-02T19:34:26 IST" skipped="0">
  <testcase classname="com.hrmsmasters.testcases.MasterEducationCourseTest" name="verifyaddEducationCourse" time="17.185"/>
  <system-out/>
  <testcase classname="com.hrmsmasters.testcases.MasterEducationCourseTest" name="verifyEducationCourseNegativeCheck" time="17.424"/>
  <system-out/>
  <testcase classname="com.hrmsmasters.testcases.MasterEducationCourseTest" name="verifyaddEducationCourseMandatroyField" time="17.027"/>
  <system-out/>
  <testcase classname="com.hrmsmasters.testcases.MasterEducationCourseTest" name="verifyEducationCourseDuplicateCheck" time="27.427"/>
  <system-out/>
  <testcase classname="com.hrmsmasters.testcases.MasterEducationCourseTest" name="verifyEducationCourseResetButton" time="16.156"/>
  <system-out/>
  <testcase classname="com.hrmsmasters.testcases.MasterEducationCourseTest" name="verifyEducationCoursePagination" time="80.746"/>
  <system-out/>
  <testcase classname="com.hrmsmasters.testcases.MasterEducationCourseTest" name="VerifySearchEducationCoursePagination" time="16.968"/>
  <system-out/>
</testsuite> <!-- com.hrmsmasters.testcases.MasterEducationCourseTest -->
