<?xml version="1.0" encoding="UTF-8"?>
<!-- Generated by org.testng.reporters.JUnitReportReporter -->
<testsuite hostname="angapparaja" failures="0" tests="8" name="com.hrmsstructure.testcases.StructureHierarchyRoleDescriptionTest" time="263.021" errors="0" timestamp="2023-02-02T19:34:26 IST" skipped="0">
  <testcase classname="com.hrmsstructure.testcases.StructureHierarchyRoleDescriptionTest" name="verifyAddStructureRoledescription" time="34.177"/>
  <system-out/>
  <testcase classname="com.hrmsstructure.testcases.StructureHierarchyRoleDescriptionTest" name="verifyStructureRoledescriptionRoleCodeNegativeCheck" time="23.306"/>
  <system-out/>
  <testcase classname="com.hrmsstructure.testcases.StructureHierarchyRoleDescriptionTest" name="verifyStructureRoledescriptionRoleCodeMandatoryFieldCheck" time="32.355"/>
  <system-out/>
  <testcase classname="com.hrmsstructure.testcases.StructureHierarchyRoleDescriptionTest" name="verifyStructureRoledescriptionDepartNameMandatoryFieldCheck" time="26.081"/>
  <system-out/>
  <testcase classname="com.hrmsstructure.testcases.StructureHierarchyRoleDescriptionTest" name="verifyStructureRoledescriptionRoleSummaryMandatoryFieldCheck" time="33.199"/>
  <system-out/>
  <testcase classname="com.hrmsstructure.testcases.StructureHierarchyRoleDescriptionTest" name="verifyStructureRoledescriptionDeliverableMandatoryFieldCheck" time="34.445"/>
  <system-out/>
  <testcase classname="com.hrmsstructure.testcases.StructureHierarchyRoleDescriptionTest" name="verifyStructureRoleDescriptionResetBtn" time="47.070"/>
  <system-out/>
  <testcase classname="com.hrmsstructure.testcases.StructureHierarchyRoleDescriptionTest" name="VerifySearchTheStructureRoleDescriptionName" time="32.388"/>
  <system-out/>
</testsuite> <!-- com.hrmsstructure.testcases.StructureHierarchyRoleDescriptionTest -->
