<?xml version="1.0" encoding="UTF-8"?>
<!-- Generated by org.testng.reporters.JUnitReportReporter -->
<testsuite hostname="angapparaja" failures="0" tests="6" name="com.hrmsreports.testcases.ReportsStandardArrearArrearExcelReportTest" time="492.563" errors="0" timestamp="2023-02-02T19:34:26 IST" skipped="0">
  <testcase classname="com.hrmsreports.testcases.ReportsStandardArrearArrearExcelReportTest" name="verifyReportStandardsArrearsExcelReportForEmployeeSubmitCheck" time="83.104"/>
  <system-out/>
  <testcase classname="com.hrmsreports.testcases.ReportsStandardArrearArrearExcelReportTest" name="verifyReportStandardsArrearsExcelReportEmployeeDownloadCheck" time="80.907"/>
  <system-out/>
  <testcase classname="com.hrmsreports.testcases.ReportsStandardArrearArrearExcelReportTest" name="verifyReportStandardsArrearsExcelReportForEmployeecodeMandatoryFieldCheck" time="82.025"/>
  <system-out/>
  <testcase classname="com.hrmsreports.testcases.ReportsStandardArrearArrearExcelReportTest" name="verifyReportStandardsArrearsExcelReportForPayRollGroupingWiseCheck" time="81.525"/>
  <system-out/>
  <testcase classname="com.hrmsreports.testcases.ReportsStandardArrearArrearExcelReportTest" name="verifyReportStandardsArreararrearsExcelReportPayrollDownloadCheck" time="82.909"/>
  <system-out/>
  <testcase classname="com.hrmsreports.testcases.ReportsStandardArrearArrearExcelReportTest" name="verifyReportStandardsArrearsExcelReportForPayrollGroupingMandatoryFieldCheck" time="82.093"/>
  <system-out/>
</testsuite> <!-- com.hrmsreports.testcases.ReportsStandardArrearArrearExcelReportTest -->
