<?xml version="1.0" encoding="UTF-8"?>
<!-- Generated by org.testng.reporters.JUnitReportReporter -->
<testsuite hostname="angapparaja" failures="0" tests="3" name="com.hrmscorehrms.testcases.CoreHrmsIncrementArrearsNewJoineeArrearTest" time="64.847" errors="0" timestamp="2023-02-02T19:34:25 IST" skipped="0">
  <testcase classname="com.hrmscorehrms.testcases.CoreHrmsIncrementArrearsNewJoineeArrearTest" name="verifyNewJoineeArrearDownloadCheck" time="17.899"/>
  <system-out/>
  <testcase classname="com.hrmscorehrms.testcases.CoreHrmsIncrementArrearsNewJoineeArrearTest" name="verifyNewJoineeArrearUploadMandatoryFieldCheck" time="17.469"/>
  <system-out/>
  <testcase classname="com.hrmscorehrms.testcases.CoreHrmsIncrementArrearsNewJoineeArrearTest" name="verifyNewJoineeArrearUploadCheck" time="29.479"/>
  <system-out/>
</testsuite> <!-- com.hrmscorehrms.testcases.CoreHrmsIncrementArrearsNewJoineeArrearTest -->
