<?xml version="1.0" encoding="UTF-8"?>
<!-- Generated by org.testng.reporters.JUnitReportReporter -->
<testsuite hostname="angapparaja" failures="0" tests="5" name="com.hrmscorehrmsselfcare.testcases.PermsnAplyObjectsTest" time="158.305" errors="0" timestamp="2023-02-02T19:34:26 IST" skipped="1">
  <testcase classname="com.hrmscorehrmsselfcare.testcases.PermsnAplyObjectsTest" name="EmptyAdd" time="55.007"/>
  <system-out/>
  <testcase classname="com.hrmscorehrmsselfcare.testcases.PermsnAplyObjectsTest" name="Search" time="33.043"/>
  <system-out/>
  <testcase classname="com.hrmscorehrmsselfcare.testcases.PermsnAplyObjectsTest" name="Cancel" time="36.023"/>
  <system-out/>
  <testcase classname="com.hrmscorehrmsselfcare.testcases.PermsnAplyObjectsTest" name="TableValidation" time="34.232"/>
  <system-out/>
  <testcase classname="com.hrmscorehrmsselfcare.testcases.PermsnAplyObjectsTest" name="Add">
    <skipped/>
  </testcase> <!-- Add -->
  <system-out/>
</testsuite> <!-- com.hrmscorehrmsselfcare.testcases.PermsnAplyObjectsTest -->
