<?xml version="1.0" encoding="UTF-8"?>
<!-- Generated by org.testng.reporters.JUnitReportReporter -->
<testsuite hostname="angapparaja" failures="0" tests="2" name="com.hrmsmasters.testcases.MasterPayRollJournalSetupTest" time="66.609" errors="0" timestamp="2023-02-02T19:34:26 IST" skipped="0">
  <testcase classname="com.hrmsmasters.testcases.MasterPayRollJournalSetupTest" name="verifyUpdatePayRollJournalSetup" time="33.951"/>
  <system-out/>
  <testcase classname="com.hrmsmasters.testcases.MasterPayRollJournalSetupTest" name="verifyPayRollJournalSetupResetBtn" time="32.658"/>
  <system-out/>
</testsuite> <!-- com.hrmsmasters.testcases.MasterPayRollJournalSetupTest -->
