<?xml version="1.0" encoding="UTF-8"?>
<!-- Generated by org.testng.reporters.JUnitReportReporter -->
<testsuite hostname="angapparaja" failures="0" tests="6" name="com.hrmsmasters.testcases.MasterLetterTemplateLetterTempTest" time="214.706" errors="0" timestamp="2023-02-02T19:34:26 IST" skipped="0">
  <testcase classname="com.hrmsmasters.testcases.MasterLetterTemplateLetterTempTest" name="verifyAddLetterTemplate" time="42.965"/>
  <system-out/>
  <testcase classname="com.hrmsmasters.testcases.MasterLetterTemplateLetterTempTest" name="verifyMasterLetterTemplateNegativeCheck" time="27.736"/>
  <system-out/>
  <testcase classname="com.hrmsmasters.testcases.MasterLetterTemplateLetterTempTest" name="verifyMasterLetterTemplateNameMandatoryFieldcheck" time="37.282"/>
  <system-out/>
  <testcase classname="com.hrmsmasters.testcases.MasterLetterTemplateLetterTempTest" name="verifyMasterLetterTemplateTypeMandatoryFieldcheck" time="37.366"/>
  <system-out/>
  <testcase classname="com.hrmsmasters.testcases.MasterLetterTemplateLetterTempTest" name="verifyMasterLetterTemplateInsertFieldMandatoryFieldcheck" time="37.240"/>
  <system-out/>
  <testcase classname="com.hrmsmasters.testcases.MasterLetterTemplateLetterTempTest" name="VerifyEnterTheSearchPositionTitlePagination" time="32.117"/>
  <system-out/>
</testsuite> <!-- com.hrmsmasters.testcases.MasterLetterTemplateLetterTempTest -->
