<?xml version="1.0" encoding="UTF-8"?>
<!-- Generated by org.testng.reporters.JUnitReportReporter -->
<testsuite hostname="angapparaja" failures="0" tests="5" name="com.hrmsmasters.testcases.MasterPersonalRelationshipTest" time="117.657" errors="0" timestamp="2023-02-02T19:34:25 IST" skipped="0">
  <testcase classname="com.hrmsmasters.testcases.MasterPersonalRelationshipTest" name="verifyaddRelationship" time="16.212"/>
  <system-out/>
  <testcase classname="com.hrmsmasters.testcases.MasterPersonalRelationshipTest" name="verifyaddRelationshipNegativeCheck" time="26.721"/>
  <system-out/>
  <testcase classname="com.hrmsmasters.testcases.MasterPersonalRelationshipTest" name="verifyaddRelationshipMandatroyField" time="26.424"/>
  <system-out/>
  <testcase classname="com.hrmsmasters.testcases.MasterPersonalRelationshipTest" name="verifyaddRelationshipDuplicateCheck" time="21.649"/>
  <system-out/>
  <testcase classname="com.hrmsmasters.testcases.MasterPersonalRelationshipTest" name="verifyRelationshipNameReset" time="26.651"/>
  <system-out/>
</testsuite> <!-- com.hrmsmasters.testcases.MasterPersonalRelationshipTest -->
