<?xml version="1.0" encoding="UTF-8"?>
<!-- Generated by org.testng.reporters.JUnitReportReporter -->
<testsuite hostname="angapparaja" failures="0" tests="6" name="com.hrmscorehrmsselfcare.testcases.OverTimeObjectsTest" time="309.776" errors="0" timestamp="2023-02-02T19:34:25 IST" skipped="1">
  <testcase classname="com.hrmscorehrmsselfcare.testcases.OverTimeObjectsTest" name="OTEmptyAdd" time="48.379"/>
  <system-out/>
  <testcase classname="com.hrmscorehrmsselfcare.testcases.OverTimeObjectsTest" name="Search" time="33.120"/>
  <system-out/>
  <testcase classname="com.hrmscorehrmsselfcare.testcases.OverTimeObjectsTest" name="Cancel" time="52.518"/>
  <system-out/>
  <testcase classname="com.hrmscorehrmsselfcare.testcases.OverTimeObjectsTest" name="ApprovalScreen" time="132.247"/>
  <system-out/>
  <testcase classname="com.hrmscorehrmsselfcare.testcases.OverTimeObjectsTest" name="DataValidation" time="43.512"/>
  <system-out/>
  <testcase classname="com.hrmscorehrmsselfcare.testcases.OverTimeObjectsTest" name="Add">
    <skipped/>
  </testcase> <!-- Add -->
  <system-out/>
</testsuite> <!-- com.hrmscorehrmsselfcare.testcases.OverTimeObjectsTest -->
