<?xml version="1.0" encoding="UTF-8"?>
<!-- Generated by org.testng.reporters.JUnitReportReporter -->
<testsuite hostname="angapparaja" failures="0" tests="4" name="com.hrmsreports.testcases.ReportStandProfileSalaryFamilyInsuranceReportTest" time="92.811" errors="0" timestamp="2023-02-02T19:34:26 IST" skipped="0">
  <testcase classname="com.hrmsreports.testcases.ReportStandProfileSalaryFamilyInsuranceReportTest" name="verifyReportProfileSalaryFamilyInsuranceReportActivestatus" time="15.844"/>
  <system-out/>
  <testcase classname="com.hrmsreports.testcases.ReportStandProfileSalaryFamilyInsuranceReportTest" name="verifyReportProfileSalaryFamilyInsuranceReportInActiveStatus" time="19.982"/>
  <system-out/>
  <testcase classname="com.hrmsreports.testcases.ReportStandProfileSalaryFamilyInsuranceReportTest" name="verifyReportProfileSalaryFamilyInsuranceReportPayRollAllcheckBoxActive" time="23.228"/>
  <system-out/>
  <testcase classname="com.hrmsreports.testcases.ReportStandProfileSalaryFamilyInsuranceReportTest" name="verifyReportProfileSalaryFamilyInsuranceReportPayRollAllcheckBoxINActive" time="33.757"/>
  <system-out/>
</testsuite> <!-- com.hrmsreports.testcases.ReportStandProfileSalaryFamilyInsuranceReportTest -->
