<?xml version="1.0" encoding="UTF-8"?>
<!-- Generated by org.testng.reporters.JUnitReportReporter -->
<testsuite hostname="angapparaja" failures="0" tests="2" name="com.hrmsreports.testcases.ReportsStandardPayRollYearlyReportTest" time="37.608" errors="0" timestamp="2023-02-02T19:34:26 IST" skipped="0">
  <testcase classname="com.hrmsreports.testcases.ReportsStandardPayRollYearlyReportTest" name="verifyReportStandardsPayRollYearlyReportDownloadCheck" time="18.737"/>
  <system-out/>
  <testcase classname="com.hrmsreports.testcases.ReportsStandardPayRollYearlyReportTest" name="verifyReportStandardsPayregisterGrossCTCMonthMandatoryFieldCheck" time="18.871"/>
  <system-out/>
</testsuite> <!-- com.hrmsreports.testcases.ReportsStandardPayRollYearlyReportTest -->
