<?xml version="1.0" encoding="UTF-8"?>
<!-- Generated by org.testng.reporters.JUnitReportReporter -->
<testsuite hostname="angapparaja" failures="0" tests="4" name="com.hrmscorehrms.testcases.CoreHrmsIncrementArrearsIncrementUploadTest" time="115.860" errors="0" timestamp="2023-02-02T19:34:26 IST" skipped="0">
  <testcase classname="com.hrmscorehrms.testcases.CoreHrmsIncrementArrearsIncrementUploadTest" name="verifyincrementUploadDownloadCheck" time="27.580"/>
  <system-out/>
  <testcase classname="com.hrmscorehrms.testcases.CoreHrmsIncrementArrearsIncrementUploadTest" name="verifyincrementUploadMandatoryFieldCheck" time="28.910"/>
  <system-out/>
  <testcase classname="com.hrmscorehrms.testcases.CoreHrmsIncrementArrearsIncrementUploadTest" name="verifyincrementInvalidUploadCheck" time="28.563"/>
  <system-out/>
  <testcase classname="com.hrmscorehrms.testcases.CoreHrmsIncrementArrearsIncrementUploadTest" name="verifyincrementvalidUploadCheck" time="30.807"/>
  <system-out/>
</testsuite> <!-- com.hrmscorehrms.testcases.CoreHrmsIncrementArrearsIncrementUploadTest -->
