<?xml version="1.0" encoding="UTF-8"?>
<!-- Generated by org.testng.reporters.JUnitReportReporter -->
<testsuite hostname="angapparaja" failures="0" tests="5" name="com.hrmsmasters.testcases.MasterGeoProvinceTest" time="105.430" errors="0" timestamp="2023-02-02T19:34:26 IST" skipped="0">
  <testcase classname="com.hrmsmasters.testcases.MasterGeoProvinceTest" name="verifyAddState" time="19.191"/>
  <system-out/>
  <testcase classname="com.hrmsmasters.testcases.MasterGeoProvinceTest" name="verifyProvinceNegativeCheck" time="18.671"/>
  <system-out/>
  <testcase classname="com.hrmsmasters.testcases.MasterGeoProvinceTest" name="verifyCountryMandatroyField" time="17.262"/>
  <system-out/>
  <testcase classname="com.hrmsmasters.testcases.MasterGeoProvinceTest" name="verifyAddStateDuplicateCheck" time="30.975"/>
  <system-out/>
  <testcase classname="com.hrmsmasters.testcases.MasterGeoProvinceTest" name="verifyGeoSearchboxCountryNamepagination" time="19.331"/>
  <system-out/>
</testsuite> <!-- com.hrmsmasters.testcases.MasterGeoProvinceTest -->
