<?xml version="1.0" encoding="UTF-8"?>
<!-- Generated by org.testng.reporters.JUnitReportReporter -->
<testsuite hostname="angapparaja" failures="0" tests="4" name="com.hrmsmasters.testcases.MasterPayRollPayrollGroupingTest" time="99.244" errors="0" timestamp="2023-02-02T19:34:26 IST" skipped="0">
  <testcase classname="com.hrmsmasters.testcases.MasterPayRollPayrollGroupingTest" name="verifyAddPayrollGrouping" time="27.791"/>
  <system-out/>
  <testcase classname="com.hrmsmasters.testcases.MasterPayRollPayrollGroupingTest" name="verifyPayrollGroupingMandatoryFieldCheck" time="17.554"/>
  <system-out/>
  <testcase classname="com.hrmsmasters.testcases.MasterPayRollPayrollGroupingTest" name="verifyPayRollGroupingResetBtn" time="26.816"/>
  <system-out/>
  <testcase classname="com.hrmsmasters.testcases.MasterPayRollPayrollGroupingTest" name="VerifyEnterTheSearchPayrollGroupingPagination" time="27.083"/>
  <system-out/>
</testsuite> <!-- com.hrmsmasters.testcases.MasterPayRollPayrollGroupingTest -->
