<?xml version="1.0" encoding="UTF-8"?>
<!-- Generated by org.testng.reporters.JUnitReportReporter -->
<testsuite hostname="angapparaja" failures="0" tests="6" name="com.hrmsreports.testcases.ReportsStandardPayRollESIReportTest" time="167.185" errors="0" timestamp="2023-02-02T19:34:25 IST" skipped="0">
  <testcase classname="com.hrmsreports.testcases.ReportsStandardPayRollESIReportTest" name="verifyReportStandardsPayRollEsiReportSubmitCheck" time="29.633"/>
  <system-out/>
  <testcase classname="com.hrmsreports.testcases.ReportsStandardPayRollESIReportTest" name="verifyReportStandardsPayRollEsiReportAllCheckBoxSubmitCheck" time="28.883"/>
  <system-out/>
  <testcase classname="com.hrmsreports.testcases.ReportsStandardPayRollESIReportTest" name="verifyReportStandardsPayRollEsiReportDownloadWithArrearCheck" time="30.639"/>
  <system-out/>
  <testcase classname="com.hrmsreports.testcases.ReportsStandardPayRollESIReportTest" name="verifyReportStandardsPayRollEsiReportDownloadWithArrearAllCheckBOX" time="18.364"/>
  <system-out/>
  <testcase classname="com.hrmsreports.testcases.ReportsStandardPayRollESIReportTest" name="verifyReportStandardsPayRollEsiReportMonthMandatoryFieldCheck" time="29.802"/>
  <system-out/>
  <testcase classname="com.hrmsreports.testcases.ReportsStandardPayRollESIReportTest" name="verifyReportStandardsPayRollEsiReportPayRollGroupingMandatoryFieldCheck" time="29.864"/>
  <system-out/>
</testsuite> <!-- com.hrmsreports.testcases.ReportsStandardPayRollESIReportTest -->
