<?xml version="1.0" encoding="UTF-8"?>
<!-- Generated by org.testng.reporters.JUnitReportReporter -->
<testsuite hostname="angapparaja" failures="0" tests="3" name="com.hrmscorehrmsselfcare.testcases.ClaimObjectsTest" time="86.278" errors="0" timestamp="2023-02-02T19:34:26 IST" skipped="0">
  <testcase classname="com.hrmscorehrmsselfcare.testcases.ClaimObjectsTest" name="Empty" time="30.475"/>
  <system-out/>
  <testcase classname="com.hrmscorehrmsselfcare.testcases.ClaimObjectsTest" name="Apply" time="27.547"/>
  <system-out/>
  <testcase classname="com.hrmscorehrmsselfcare.testcases.ClaimObjectsTest" name="ClaimoffSearch" time="28.256"/>
  <system-out/>
</testsuite> <!-- com.hrmscorehrmsselfcare.testcases.ClaimObjectsTest -->
