<?xml version="1.0" encoding="UTF-8"?>
<!-- Generated by org.testng.reporters.JUnitReportReporter -->
<testsuite hostname="angapparaja" failures="0" tests="3" name="com.hrmsreports.testcases.ReportsStandardStatutoryForm1Test" time="66.941" errors="0" timestamp="2023-02-02T19:34:26 IST" skipped="0">
  <testcase classname="com.hrmsreports.testcases.ReportsStandardStatutoryForm1Test" name="verifyReportStandardsStatutoryform1DownloadCheck" time="29.225"/>
  <system-out/>
  <testcase classname="com.hrmsreports.testcases.ReportsStandardStatutoryForm1Test" name="verifyReportStandardsStatutoryform1PayrollgroupingAllCheckBoxDownloadCheck" time="19.664"/>
  <system-out/>
  <testcase classname="com.hrmsreports.testcases.ReportsStandardStatutoryForm1Test" name="verifyReportStandardsStatutoryform1PayrolLMandatoryFieldCheck" time="18.052"/>
  <system-out/>
</testsuite> <!-- com.hrmsreports.testcases.ReportsStandardStatutoryForm1Test -->
