<?xml version="1.0" encoding="UTF-8"?>
<!-- Generated by org.testng.reporters.JUnitReportReporter -->
<testsuite hostname="angapparaja" failures="0" tests="7" name="com.hrmsmasters.testcases.MasterPayRollBankBranchTest" time="146.124" errors="0" timestamp="2023-02-02T19:34:25 IST" skipped="0">
  <testcase classname="com.hrmsmasters.testcases.MasterPayRollBankBranchTest" name="verifyAddPayrollBankBranch" time="20.476"/>
  <system-out/>
  <testcase classname="com.hrmsmasters.testcases.MasterPayRollBankBranchTest" name="verifyPayrollBankBranchNegativeCheck" time="20.478"/>
  <system-out/>
  <testcase classname="com.hrmsmasters.testcases.MasterPayRollBankBranchTest" name="verifyPayrollBankBranchBanknameMandatoryFieldCheck" time="29.883"/>
  <system-out/>
  <testcase classname="com.hrmsmasters.testcases.MasterPayRollBankBranchTest" name="verifyPayrollBankBranchBranceNameMandatoryFieldCheck" time="18.912"/>
  <system-out/>
  <testcase classname="com.hrmsmasters.testcases.MasterPayRollBankBranchTest" name="verifyPayrollBankBranchBranceCodeMandatoryFieldCheck" time="20.771"/>
  <system-out/>
  <testcase classname="com.hrmsmasters.testcases.MasterPayRollBankBranchTest" name="verifyPayrollBankBranchResetBtn" time="19.733"/>
  <system-out/>
  <testcase classname="com.hrmsmasters.testcases.MasterPayRollBankBranchTest" name="VerifyEnterTheSearchPayrollBankBranchPagination" time="15.871"/>
  <system-out/>
</testsuite> <!-- com.hrmsmasters.testcases.MasterPayRollBankBranchTest -->
