<?xml version="1.0" encoding="UTF-8"?>
<!-- Generated by org.testng.reporters.JUnitReportReporter -->
<testsuite hostname="angapparaja" failures="0" tests="3" name="com.hrmsreports.testcases.ReportsStandardProfileSalaryCOEResignationTest" time="79.098" errors="0" timestamp="2023-02-02T19:34:26 IST" skipped="0">
  <testcase classname="com.hrmsreports.testcases.ReportsStandardProfileSalaryCOEResignationTest" name="verifyReportProfileSalaryCOEResignationCheck" time="25.484"/>
  <system-out/>
  <testcase classname="com.hrmsreports.testcases.ReportsStandardProfileSalaryCOEResignationTest" name="verifyReportProfileSalaryCOEResignationRefreshCheck" time="26.098"/>
  <system-out/>
  <testcase classname="com.hrmsreports.testcases.ReportsStandardProfileSalaryCOEResignationTest" name="verifyReportProfileSalaryCOEResignationEmployeeMandatoryFieldCheck" time="27.516"/>
  <system-out/>
</testsuite> <!-- com.hrmsreports.testcases.ReportsStandardProfileSalaryCOEResignationTest -->
