<?xml version="1.0" encoding="UTF-8"?>
<!-- Generated by org.testng.reporters.JUnitReportReporter -->
<testsuite hostname="angapparaja" failures="0" tests="1" name="com.hrmscorehrmsselfcare.testcases.AttendanceTest" time="20.981" errors="0" timestamp="2023-02-02T19:34:26 IST" skipped="0">
  <testcase classname="com.hrmscorehrmsselfcare.testcases.AttendanceTest" name="Attendancemdle" time="20.981"/>
  <system-out/>
</testsuite> <!-- com.hrmscorehrmsselfcare.testcases.AttendanceTest -->
