<?xml version="1.0" encoding="UTF-8"?>
<!-- Generated by org.testng.reporters.JUnitReportReporter -->
<testsuite hostname="angapparaja" failures="0" tests="7" name="com.hrmsmasters.testcases.MasterPositionDepartmentTest" time="163.928" errors="0" timestamp="2023-02-02T19:34:26 IST" skipped="0">
  <testcase classname="com.hrmsmasters.testcases.MasterPositionDepartmentTest" name="verifyaddPositionDepartment" time="24.744"/>
  <system-out/>
  <testcase classname="com.hrmsmasters.testcases.MasterPositionDepartmentTest" name="verifyPositionDepartmentNegativeCheck" time="25.611"/>
  <system-out/>
  <testcase classname="com.hrmsmasters.testcases.MasterPositionDepartmentTest" name="verifyaddPositionDepartmentNameMandatroyField" time="16.351"/>
  <system-out/>
  <testcase classname="com.hrmsmasters.testcases.MasterPositionDepartmentTest" name="verifyaddPositionDepartmentCodeMandatroyField" time="25.618"/>
  <system-out/>
  <testcase classname="com.hrmsmasters.testcases.MasterPositionDepartmentTest" name="verifyPositionDepartmentDuplicateCheck" time="26.480"/>
  <system-out/>
  <testcase classname="com.hrmsmasters.testcases.MasterPositionDepartmentTest" name="verifyPositionDepartmentResetButton" time="15.453"/>
  <system-out/>
  <testcase classname="com.hrmsmasters.testcases.MasterPositionDepartmentTest" name="VerifyEnterTheSearchPositionTitlePagination" time="29.671"/>
  <system-out/>
</testsuite> <!-- com.hrmsmasters.testcases.MasterPositionDepartmentTest -->
