<?xml version="1.0" encoding="UTF-8"?>
<!-- Generated by org.testng.reporters.JUnitReportReporter -->
<testsuite hostname="angapparaja" failures="0" tests="4" name="com.hrmsreports.testcases.ReportsStandardStatutoryFormVITest" time="107.863" errors="0" timestamp="2023-02-02T19:34:26 IST" skipped="0">
  <testcase classname="com.hrmsreports.testcases.ReportsStandardStatutoryFormVITest" name="verifyReportStandardsStatutoryFormvIDownloadCheck" time="29.577"/>
  <system-out/>
  <testcase classname="com.hrmsreports.testcases.ReportsStandardStatutoryFormVITest" name="verifyReportStandardsStatutoryFormvIPayrollgroupingAllCheckBoxDownloadCheck" time="29.589"/>
  <system-out/>
  <testcase classname="com.hrmsreports.testcases.ReportsStandardStatutoryFormVITest" name="verifyReportStandardsStatutoryFormvIYearMandatoryFieldCheck" time="29.263"/>
  <system-out/>
  <testcase classname="com.hrmsreports.testcases.ReportsStandardStatutoryFormVITest" name="verifyReportStandardsStatutoryFormvIPayrolLMandatoryFieldCheck" time="19.434"/>
  <system-out/>
</testsuite> <!-- com.hrmsreports.testcases.ReportsStandardStatutoryFormVITest -->
