<?xml version="1.0" encoding="UTF-8"?>
<!-- Generated by org.testng.reporters.JUnitReportReporter -->
<testsuite hostname="angapparaja" failures="0" tests="5" name="com.hrmsmasters.testcases.MasterStatutoryPTTEST" time="409.877" errors="0" timestamp="2023-02-02T19:34:26 IST" skipped="0">
  <testcase classname="com.hrmsmasters.testcases.MasterStatutoryPTTEST" name="verifyStatutoryPTAddCheck" time="88.411"/>
  <system-out/>
  <testcase classname="com.hrmsmasters.testcases.MasterStatutoryPTTEST" name="verifyStatutoryMenuPTResetButtonCheck" time="99.060"/>
  <system-out/>
  <testcase classname="com.hrmsmasters.testcases.MasterStatutoryPTTEST" name="verifyStatutoryMenuPTPolicynameMandatoryFieldCheck" time="96.553"/>
  <system-out/>
  <testcase classname="com.hrmsmasters.testcases.MasterStatutoryPTTEST" name="verifyStatutoryMenuPTCOUNTRYMandatoryFieldCheck" time="95.392"/>
  <system-out/>
  <testcase classname="com.hrmsmasters.testcases.MasterStatutoryPTTEST" name="VerifyEnterTsearchStatutoryMenuPTpagination" time="30.461"/>
  <system-out/>
</testsuite> <!-- com.hrmsmasters.testcases.MasterStatutoryPTTEST -->
