<?xml version="1.0" encoding="UTF-8"?>
<!-- Generated by org.testng.reporters.JUnitReportReporter -->
<testsuite hostname="angapparaja" failures="0" tests="6" name="com.hrmsmasters.testcases.MasterGeoCountryTest" time="108.351" errors="0" timestamp="2023-02-02T19:34:26 IST" skipped="0">
  <testcase classname="com.hrmsmasters.testcases.MasterGeoCountryTest" name="verifyAddCountry" time="14.668"/>
  <system-out/>
  <testcase classname="com.hrmsmasters.testcases.MasterGeoCountryTest" name="verifyResetButton" time="14.075"/>
  <system-out/>
  <testcase classname="com.hrmsmasters.testcases.MasterGeoCountryTest" name="verifyAddCountryDuplicateCheck" time="15.035"/>
  <system-out/>
  <testcase classname="com.hrmsmasters.testcases.MasterGeoCountryTest" name="verifyAddCountryNegativeCheck" time="25.952"/>
  <system-out/>
  <testcase classname="com.hrmsmasters.testcases.MasterGeoCountryTest" name="verifyNextbuttonPagination" time="14.591"/>
  <system-out/>
  <testcase classname="com.hrmsmasters.testcases.MasterGeoCountryTest" name="VerifyEnterTheSearchBoxCountryPagination" time="24.030"/>
  <system-out/>
</testsuite> <!-- com.hrmsmasters.testcases.MasterGeoCountryTest -->
