<?xml version="1.0" encoding="UTF-8"?>
<!-- Generated by org.testng.reporters.JUnitReportReporter -->
<testsuite hostname="angapparaja" failures="0" tests="6" name="com.hrmscorehrmsselfcare.testcases.OfficialBTObjectsTest" time="180.303" errors="0" timestamp="2023-02-02T19:34:26 IST" skipped="1">
  <testcase classname="com.hrmscorehrmsselfcare.testcases.OfficialBTObjectsTest" name="EmptyAdd" time="53.105"/>
  <system-out/>
  <testcase classname="com.hrmscorehrmsselfcare.testcases.OfficialBTObjectsTest" name="Search" time="34.100"/>
  <system-out/>
  <testcase classname="com.hrmscorehrmsselfcare.testcases.OfficialBTObjectsTest" name="Cancel" time="35.027"/>
  <system-out/>
  <testcase classname="com.hrmscorehrmsselfcare.testcases.OfficialBTObjectsTest" name="Approval" time="21.050"/>
  <system-out/>
  <testcase classname="com.hrmscorehrmsselfcare.testcases.OfficialBTObjectsTest" name="DataValidation" time="37.021"/>
  <system-out/>
  <testcase classname="com.hrmscorehrmsselfcare.testcases.OfficialBTObjectsTest" name="Add">
    <skipped/>
  </testcase> <!-- Add -->
  <system-out/>
</testsuite> <!-- com.hrmscorehrmsselfcare.testcases.OfficialBTObjectsTest -->
