<?xml version="1.0" encoding="UTF-8"?>
<!-- Generated by org.testng.reporters.JUnitReportReporter -->
<testsuite hostname="angapparaja" failures="0" tests="4" name="com.hrmsstructure.testcases.StructureRecruitmentMRFRaiseTest" time="329.362" errors="0" timestamp="2023-02-02T19:34:26 IST" skipped="0">
  <testcase classname="com.hrmsstructure.testcases.StructureRecruitmentMRFRaiseTest" name="verifyAddStructureRecruitmentMRFRaise" time="86.365"/>
  <system-out/>
  <testcase classname="com.hrmsstructure.testcases.StructureRecruitmentMRFRaiseTest" name="verifyStructureRecruitmentMRFRaiseNegativeCheck" time="90.029"/>
  <system-out/>
  <testcase classname="com.hrmsstructure.testcases.StructureRecruitmentMRFRaiseTest" name="verifyRecruitmentMRFRaiseNoOfPositionsMandatoryFieldCheck" time="75.478"/>
  <system-out/>
  <testcase classname="com.hrmsstructure.testcases.StructureRecruitmentMRFRaiseTest" name="VerifySearchTheRecruitmentMRFRaiseRequestedDate" time="77.490"/>
  <system-out/>
</testsuite> <!-- com.hrmsstructure.testcases.StructureRecruitmentMRFRaiseTest -->
