<?xml version="1.0" encoding="UTF-8"?>
<!-- Generated by org.testng.reporters.JUnitReportReporter -->
<testsuite hostname="angapparaja" failures="0" tests="2" name="com.hrmsreports.testcases.ReportsStandardProfileSalaryAuthorizationSignatoryTest" time="34.264" errors="0" timestamp="2023-02-02T19:34:26 IST" skipped="0">
  <testcase classname="com.hrmsreports.testcases.ReportsStandardProfileSalaryAuthorizationSignatoryTest" name="verifyReportProfileSalaryAuthorizationSignatoryCheck" time="17.684"/>
  <system-out/>
  <testcase classname="com.hrmsreports.testcases.ReportsStandardProfileSalaryAuthorizationSignatoryTest" name="verifyReportProfileSalaryAuthorizationSignatoryClearCheck" time="16.580"/>
  <system-out/>
</testsuite> <!-- com.hrmsreports.testcases.ReportsStandardProfileSalaryAuthorizationSignatoryTest -->
