<?xml version="1.0" encoding="UTF-8"?>
<!-- Generated by org.testng.reporters.JUnitReportReporter -->
<testsuite hostname="angapparaja" failures="0" tests="2" name="com.hrmsmasters.testcases.MasterReimbursementBillsTest" time="219.814" errors="0" timestamp="2023-02-02T19:34:25 IST" skipped="0">
  <testcase classname="com.hrmsmasters.testcases.MasterReimbursementBillsTest" name="verifyReimbursementBillsCheck" time="134.386"/>
  <system-out/>
  <testcase classname="com.hrmsmasters.testcases.MasterReimbursementBillsTest" name="verifyMasterReimbursementBillsPagination" time="85.428"/>
  <system-out/>
</testsuite> <!-- com.hrmsmasters.testcases.MasterReimbursementBillsTest -->
