<?xml version="1.0" encoding="UTF-8"?>
<!-- Generated by org.testng.reporters.JUnitReportReporter -->
<testsuite hostname="angapparaja" failures="0" tests="7" name="com.hrmsmasters.testcases.MasterPayRollComponentGroupTest" time="192.458" errors="0" timestamp="2023-02-02T19:34:25 IST" skipped="0">
  <testcase classname="com.hrmsmasters.testcases.MasterPayRollComponentGroupTest" name="verifyAddPayRollComponentWithIncomeGroup" time="21.884"/>
  <system-out/>
  <testcase classname="com.hrmsmasters.testcases.MasterPayRollComponentGroupTest" name="verifyAddPayRollComponentGroupwithDeduction" time="30.243"/>
  <system-out/>
  <testcase classname="com.hrmsmasters.testcases.MasterPayRollComponentGroupTest" name="verifyPayRollComponentNegativeFieldCheck" time="31.187"/>
  <system-out/>
  <testcase classname="com.hrmsmasters.testcases.MasterPayRollComponentGroupTest" name="verifyPayRollComponentGroupCompoenentNameMandatroyField" time="30.085"/>
  <system-out/>
  <testcase classname="com.hrmsmasters.testcases.MasterPayRollComponentGroupTest" name="verifyPayRollComponentGroupCompoenentCodeMandatroyField" time="20.707"/>
  <system-out/>
  <testcase classname="com.hrmsmasters.testcases.MasterPayRollComponentGroupTest" name="verifyPayRollComponentGroupResetBtn" time="31.773"/>
  <system-out/>
  <testcase classname="com.hrmsmasters.testcases.MasterPayRollComponentGroupTest" name="VerifyEnterTheSearchComponentGroupPagination" time="26.579"/>
  <system-out/>
</testsuite> <!-- com.hrmsmasters.testcases.MasterPayRollComponentGroupTest -->
