<?xml version="1.0" encoding="UTF-8"?>
<!-- Generated by org.testng.reporters.JUnitReportReporter -->
<testsuite hostname="angapparaja" failures="0" tests="3" name="com.hrmsmasters.testcases.MasterReimbursementExcelReportTest" time="146.709" errors="0" timestamp="2023-02-02T19:34:26 IST" skipped="0">
  <testcase classname="com.hrmsmasters.testcases.MasterReimbursementExcelReportTest" name="verifyReimbursementExcelReportCheck" time="35.065"/>
  <system-out/>
  <testcase classname="com.hrmsmasters.testcases.MasterReimbursementExcelReportTest" name="verifyReimbursementExcelReportHeadingTextCheck" time="33.059"/>
  <system-out/>
  <testcase classname="com.hrmsmasters.testcases.MasterReimbursementExcelReportTest" name="verifyMasterReimbursementExcelReportPagination" time="78.585"/>
  <system-out/>
</testsuite> <!-- com.hrmsmasters.testcases.MasterReimbursementExcelReportTest -->
