<?xml version="1.0" encoding="UTF-8"?>
<!-- Generated by org.testng.reporters.JUnitReportReporter -->
<testsuite hostname="angapparaja" failures="0" tests="6" name="com.hrmsmasters.testcases.MasterPersonalNationalityTest" time="169.678" errors="0" timestamp="2023-02-02T19:34:26 IST" skipped="0">
  <testcase classname="com.hrmsmasters.testcases.MasterPersonalNationalityTest" name="verifyaddNationality" time="15.817"/>
  <system-out/>
  <testcase classname="com.hrmsmasters.testcases.MasterPersonalNationalityTest" name="verifyNationalityNegativeCheck" time="16.645"/>
  <system-out/>
  <testcase classname="com.hrmsmasters.testcases.MasterPersonalNationalityTest" name="verifyaddNationalityMandatroyField" time="25.399"/>
  <system-out/>
  <testcase classname="com.hrmsmasters.testcases.MasterPersonalNationalityTest" name="verifyaddNationalityDuplicateCheck" time="15.422"/>
  <system-out/>
  <testcase classname="com.hrmsmasters.testcases.MasterPersonalNationalityTest" name="verifyAddNationalityResetBtn" time="26.452"/>
  <system-out/>
  <testcase classname="com.hrmsmasters.testcases.MasterPersonalNationalityTest" name="verifyPagination" time="69.943"/>
  <system-out/>
</testsuite> <!-- com.hrmsmasters.testcases.MasterPersonalNationalityTest -->
