<?xml version="1.0" encoding="UTF-8"?>
<!-- Generated by org.testng.reporters.JUnitReportReporter -->
<testsuite hostname="angapparaja" failures="0" tests="7" name="com.hrmsmasters.testcases.MasterPayRollCurrencyTest" time="208.862" errors="0" timestamp="2023-02-02T19:34:26 IST" skipped="0">
  <testcase classname="com.hrmsmasters.testcases.MasterPayRollCurrencyTest" name="verifyAddPayRollCurrency" time="30.712"/>
  <system-out/>
  <testcase classname="com.hrmsmasters.testcases.MasterPayRollCurrencyTest" name="verifyPayRollCurrencyNameNegativeCheckVaidation" time="33.037"/>
  <system-out/>
  <testcase classname="com.hrmsmasters.testcases.MasterPayRollCurrencyTest" name="verifyPayRollCurrencyCountryNameMandatoryFieldVaidation" time="28.232"/>
  <system-out/>
  <testcase classname="com.hrmsmasters.testcases.MasterPayRollCurrencyTest" name="verifyPayRollCurrencyNameMandatoryFieldVaidation" time="29.674"/>
  <system-out/>
  <testcase classname="com.hrmsmasters.testcases.MasterPayRollCurrencyTest" name="verifyPayRollCurrencySymbolMandatoryFieldVaidation" time="30.125"/>
  <system-out/>
  <testcase classname="com.hrmsmasters.testcases.MasterPayRollCurrencyTest" name="verifyPayRollCurrencyResetBtn" time="30.140"/>
  <system-out/>
  <testcase classname="com.hrmsmasters.testcases.MasterPayRollCurrencyTest" name="VerifyEnterTheSearchPayrollCurrencyPagination" time="26.942"/>
  <system-out/>
</testsuite> <!-- com.hrmsmasters.testcases.MasterPayRollCurrencyTest -->
