<?xml version="1.0" encoding="UTF-8"?>
<!-- Generated by org.testng.reporters.JUnitReportReporter -->
<testsuite hostname="angapparaja" failures="0" tests="6" name="com.hrmsmasters.testcases.MasterPositionCostCenterTest" time="135.897" errors="0" timestamp="2023-02-02T19:34:26 IST" skipped="0">
  <testcase classname="com.hrmsmasters.testcases.MasterPositionCostCenterTest" name="verifyaddCostCenter" time="28.307"/>
  <system-out/>
  <testcase classname="com.hrmsmasters.testcases.MasterPositionCostCenterTest" name="verifyPositionCostCenterNegativeCheck" time="18.298"/>
  <system-out/>
  <testcase classname="com.hrmsmasters.testcases.MasterPositionCostCenterTest" name="verifyaddCostCenterMandatroyField" time="18.161"/>
  <system-out/>
  <testcase classname="com.hrmsmasters.testcases.MasterPositionCostCenterTest" name="verifyaddCostCenterDuplicateCheck" time="27.255"/>
  <system-out/>
  <testcase classname="com.hrmsmasters.testcases.MasterPositionCostCenterTest" name="verifyPositionCostCenterResetButton" time="16.334"/>
  <system-out/>
  <testcase classname="com.hrmsmasters.testcases.MasterPositionCostCenterTest" name="VerifyEnterTheSearchPositionCostCenterPagination" time="27.542"/>
  <system-out/>
</testsuite> <!-- com.hrmsmasters.testcases.MasterPositionCostCenterTest -->
