<?xml version="1.0" encoding="UTF-8"?>
<!-- Generated by org.testng.reporters.JUnitReportReporter -->
<testsuite hostname="angapparaja" failures="0" tests="7" name="com.hrmsmasters.testcases.MasterStatutoryLWFTEST" time="316.771" errors="0" timestamp="2023-02-02T19:34:26 IST" skipped="0">
  <testcase classname="com.hrmsmasters.testcases.MasterStatutoryLWFTEST" name="verifyStatutoryLWFAddCheck" time="41.316"/>
  <system-out/>
  <testcase classname="com.hrmsmasters.testcases.MasterStatutoryLWFTEST" name="verifyStatutoryMenuLWFResetButtonCheck" time="30.050"/>
  <system-out/>
  <testcase classname="com.hrmsmasters.testcases.MasterStatutoryLWFTEST" name="verifyStatutoryMenuLWFCountryMandatoryFieldCheck" time="36.546"/>
  <system-out/>
  <testcase classname="com.hrmsmasters.testcases.MasterStatutoryLWFTEST" name="verifyStatutoryMenuLWFSTATEMandatoryFieldCheck" time="38.407"/>
  <system-out/>
  <testcase classname="com.hrmsmasters.testcases.MasterStatutoryLWFTEST" name="verifyStatutoryMenuLWFEMPLOYEEMandatoryFieldCheck" time="39.743"/>
  <system-out/>
  <testcase classname="com.hrmsmasters.testcases.MasterStatutoryLWFTEST" name="verifyStatutoryMenuLWFEMPLOYERMandatoryFieldCheck" time="40.762"/>
  <system-out/>
  <testcase classname="com.hrmsmasters.testcases.MasterStatutoryLWFTEST" name="VerifyEnterTsearchStatutoryMenuLWFpagination" time="89.947"/>
  <system-out/>
</testsuite> <!-- com.hrmsmasters.testcases.MasterStatutoryLWFTEST -->
