<?xml version="1.0" encoding="UTF-8"?>
<!-- Generated by org.testng.reporters.JUnitReportReporter -->
<testsuite hostname="angapparaja" failures="0" tests="3" name="com.hrmsreports.testcases.ReportsStandardPayRollPTReportTest" time="107.751" errors="0" timestamp="2023-02-02T19:34:26 IST" skipped="0">
  <testcase classname="com.hrmsreports.testcases.ReportsStandardPayRollPTReportTest" name="verifyReportStandardsPTReportMonthSubmitCheck" time="38.689"/>
  <system-out/>
  <testcase classname="com.hrmsreports.testcases.ReportsStandardPayRollPTReportTest" name="verifyReportStandardsPTReportFromDateMonthMandatoryFieldCheck" time="32.962"/>
  <system-out/>
  <testcase classname="com.hrmsreports.testcases.ReportsStandardPayRollPTReportTest" name="verifyReportStandardsPTReportToDateMonthMandatoryFieldCheck" time="36.100"/>
  <system-out/>
</testsuite> <!-- com.hrmsreports.testcases.ReportsStandardPayRollPTReportTest -->
