<?xml version="1.0" encoding="UTF-8"?>
<!-- Generated by org.testng.reporters.JUnitReportReporter -->
<testsuite hostname="angapparaja" failures="0" tests="3" name="com.hrmsmasters.testcases.MasterReimbursementEmployeeListViewTest" time="96.816" errors="0" timestamp="2023-02-02T19:34:26 IST" skipped="0">
  <testcase classname="com.hrmsmasters.testcases.MasterReimbursementEmployeeListViewTest" name="verifyReimbursementEmployeeListView" time="31.524"/>
  <system-out/>
  <testcase classname="com.hrmsmasters.testcases.MasterReimbursementEmployeeListViewTest" name="verifyReimbursementEmployeeListViewListCommandCheck" time="32.830"/>
  <system-out/>
  <testcase classname="com.hrmsmasters.testcases.MasterReimbursementEmployeeListViewTest" name="verifyReimbursementEmployeeListViewComponentMandatroyField" time="32.462"/>
  <system-out/>
</testsuite> <!-- com.hrmsmasters.testcases.MasterReimbursementEmployeeListViewTest -->
