<?xml version="1.0" encoding="UTF-8"?>
<!-- Generated by org.testng.reporters.JUnitReportReporter -->
<testsuite hostname="angapparaja" failures="0" tests="6" name="com.hrmsmasters.testcases.MasterPositionMarketDesignationTest" time="127.140" errors="0" timestamp="2023-02-02T19:34:26 IST" skipped="0">
  <testcase classname="com.hrmsmasters.testcases.MasterPositionMarketDesignationTest" name="verifyaddMarketDesignation" time="27.711"/>
  <system-out/>
  <testcase classname="com.hrmsmasters.testcases.MasterPositionMarketDesignationTest" name="verifyPositionmMagetDesignationNegativeCheck" time="17.701"/>
  <system-out/>
  <testcase classname="com.hrmsmasters.testcases.MasterPositionMarketDesignationTest" name="verifyaddMarketDesignationMandatoryValidation" time="18.164"/>
  <system-out/>
  <testcase classname="com.hrmsmasters.testcases.MasterPositionMarketDesignationTest" name="verifyaddmarketDesignationDuplicateCheck" time="18.842"/>
  <system-out/>
  <testcase classname="com.hrmsmasters.testcases.MasterPositionMarketDesignationTest" name="verifymarketDesignationResetButton" time="17.157"/>
  <system-out/>
  <testcase classname="com.hrmsmasters.testcases.MasterPositionMarketDesignationTest" name="VerifyEnterTheSearchPositionMarketDesignationPagination" time="27.565"/>
  <system-out/>
</testsuite> <!-- com.hrmsmasters.testcases.MasterPositionMarketDesignationTest -->
