<?xml version="1.0" encoding="UTF-8"?>
<!-- Generated by org.testng.reporters.JUnitReportReporter -->
<testsuite hostname="angapparaja" failures="0" tests="7" name="com.hrmscorehrmsselfcare.testcases.SlfObtObjectsTest" time="236.493" errors="0" timestamp="2023-02-02T19:34:25 IST" skipped="1">
  <testcase classname="com.hrmscorehrmsselfcare.testcases.SlfObtObjectsTest" name="EmptyAdd" time="38.721"/>
  <system-out/>
  <testcase classname="com.hrmscorehrmsselfcare.testcases.SlfObtObjectsTest" name="Edit" time="30.960"/>
  <system-out/>
  <testcase classname="com.hrmscorehrmsselfcare.testcases.SlfObtObjectsTest" name="View" time="21.529"/>
  <system-out/>
  <testcase classname="com.hrmscorehrmsselfcare.testcases.SlfObtObjectsTest" name="Search" time="26.903"/>
  <system-out/>
  <testcase classname="com.hrmscorehrmsselfcare.testcases.SlfObtObjectsTest" name="TableValidation" time="22.072"/>
  <system-out/>
  <testcase classname="com.hrmscorehrmsselfcare.testcases.SlfObtObjectsTest" name="ApplyApproval" time="96.308"/>
  <system-out/>
  <testcase classname="com.hrmscorehrmsselfcare.testcases.SlfObtObjectsTest" name="Add">
    <skipped/>
  </testcase> <!-- Add -->
  <system-out/>
</testsuite> <!-- com.hrmscorehrmsselfcare.testcases.SlfObtObjectsTest -->
