<?xml version="1.0" encoding="UTF-8"?>
<!-- Generated by org.testng.reporters.JUnitReportReporter -->
<testsuite hostname="angapparaja" failures="0" tests="6" name="com.hrmsmasters.testcases.MasterRecruitmentSkillTest" time="142.150" errors="0" timestamp="2023-02-02T19:34:25 IST" skipped="0">
  <testcase classname="com.hrmsmasters.testcases.MasterRecruitmentSkillTest" name="verifyaddRecrutimentSkill" time="25.853"/>
  <system-out/>
  <testcase classname="com.hrmsmasters.testcases.MasterRecruitmentSkillTest" name="verifyRecruitmentSkillNegativeCheck" time="18.552"/>
  <system-out/>
  <testcase classname="com.hrmsmasters.testcases.MasterRecruitmentSkillTest" name="verifyaddRecruitmentSkillDuplicateCheck" time="26.908"/>
  <system-out/>
  <testcase classname="com.hrmsmasters.testcases.MasterRecruitmentSkillTest" name="verifyRecruitmentSkillNameMandatoryFieldCheck" time="27.408"/>
  <system-out/>
  <testcase classname="com.hrmsmasters.testcases.MasterRecruitmentSkillTest" name="verifyRecruitmentSkillResetButton" time="26.380"/>
  <system-out/>
  <testcase classname="com.hrmsmasters.testcases.MasterRecruitmentSkillTest" name="VerifyEnterTheSearchRecruitmentSkillPagination" time="17.049"/>
  <system-out/>
</testsuite> <!-- com.hrmsmasters.testcases.MasterRecruitmentSkillTest -->
