<?xml version="1.0" encoding="UTF-8"?>
<!-- Generated by org.testng.reporters.JUnitReportReporter -->
<testsuite hostname="angapparaja" failures="0" tests="4" name="com.hrmsreports.testcases.ReportsStandardPayRollPayRollSummaryTest" time="317.717" errors="0" timestamp="2023-02-02T19:34:26 IST" skipped="0">
  <testcase classname="com.hrmsreports.testcases.ReportsStandardPayRollPayRollSummaryTest" name="verifyReportStandardsPayRollpayrollSummarydepartmentAllCheckBox" time="79.183"/>
  <system-out/>
  <testcase classname="com.hrmsreports.testcases.ReportsStandardPayRollPayRollSummaryTest" name="verifyReportStandardspayrollSummarySubmitCheck" time="77.718"/>
  <system-out/>
  <testcase classname="com.hrmsreports.testcases.ReportsStandardPayRollPayRollSummaryTest" name="verifyReportStandardsPayRollpayrollSummaryMonthMandatoryFieldCheck" time="86.046"/>
  <system-out/>
  <testcase classname="com.hrmsreports.testcases.ReportsStandardPayRollPayRollSummaryTest" name="verifyReportStandardsPayRollpayrollSummaryPayrollGroupingMandatoryFieldCheck" time="74.770"/>
  <system-out/>
</testsuite> <!-- com.hrmsreports.testcases.ReportsStandardPayRollPayRollSummaryTest -->
