<?xml version="1.0" encoding="UTF-8"?>
<!-- Generated by org.testng.reporters.JUnitReportReporter -->
<testsuite hostname="angapparaja" failures="0" tests="2" name="com.hrmsstructure.testcases.StructureRecruitmentMRFStatusTest" time="175.699" errors="0" timestamp="2023-02-02T19:34:26 IST" skipped="0">
  <testcase classname="com.hrmsstructure.testcases.StructureRecruitmentMRFStatusTest" name="verifyRecruitmentMRFRaisePagination" time="87.053"/>
  <system-out/>
  <testcase classname="com.hrmsstructure.testcases.StructureRecruitmentMRFStatusTest" name="VerifySearchTheRecruitmentMRFRaiseRequestedDate" time="88.646"/>
  <system-out/>
</testsuite> <!-- com.hrmsstructure.testcases.StructureRecruitmentMRFStatusTest -->
