<?xml version="1.0" encoding="UTF-8"?>
<!-- Generated by org.testng.reporters.JUnitReportReporter -->
<testsuite hostname="angapparaja" failures="0" tests="6" name="com.hrmsmasters.testcases.MasterRecruitmentEvaluationFormTest" time="138.607" errors="0" timestamp="2023-02-02T19:34:26 IST" skipped="0">
  <testcase classname="com.hrmsmasters.testcases.MasterRecruitmentEvaluationFormTest" name="verifyaddEvaluationForm" time="27.602"/>
  <system-out/>
  <testcase classname="com.hrmsmasters.testcases.MasterRecruitmentEvaluationFormTest" name="verifyEvaluationFormNegativeCheck" time="18.698"/>
  <system-out/>
  <testcase classname="com.hrmsmasters.testcases.MasterRecruitmentEvaluationFormTest" name="verifyaddEvaluationTitleNameMandatory" time="16.956"/>
  <system-out/>
  <testcase classname="com.hrmsmasters.testcases.MasterRecruitmentEvaluationFormTest" name="verifyaddEvaluationQuestionMandatory" time="18.233"/>
  <system-out/>
  <testcase classname="com.hrmsmasters.testcases.MasterRecruitmentEvaluationFormTest" name="verifyEvaluationFormResetButton" time="30.143"/>
  <system-out/>
  <testcase classname="com.hrmsmasters.testcases.MasterRecruitmentEvaluationFormTest" name="VerifyEnterTheSearchEvalutionFormPagination" time="26.975"/>
  <system-out/>
</testsuite> <!-- com.hrmsmasters.testcases.MasterRecruitmentEvaluationFormTest -->
