<?xml version="1.0" encoding="UTF-8"?>
<!-- Generated by org.testng.reporters.JUnitReportReporter -->
<testsuite hostname="angapparaja" failures="0" tests="4" name="com.hrmsreports.testcases.ReportsStandardStructureRecruitmentPositionWiseConversionRateTest" time="206.080" errors="0" timestamp="2023-02-02T19:34:25 IST" skipped="0">
  <testcase classname="com.hrmsreports.testcases.ReportsStandardStructureRecruitmentPositionWiseConversionRateTest" name="verifyReportStandardsStructurepositionwiseConversionRateSubmitAllCheck" time="20.340"/>
  <system-out/>
  <testcase classname="com.hrmsreports.testcases.ReportsStandardStructureRecruitmentPositionWiseConversionRateTest" name="verifyReportStandardsStructurepositionwiseConversionRateExcelDownloadCheck" time="76.774"/>
  <system-out/>
  <testcase classname="com.hrmsreports.testcases.ReportsStandardStructureRecruitmentPositionWiseConversionRateTest" name="verifyReportStandardsStructurepositionwiseConversionRatePDFDownloadCheck" time="77.667"/>
  <system-out/>
  <testcase classname="com.hrmsreports.testcases.ReportsStandardStructureRecruitmentPositionWiseConversionRateTest" name="VerifyEnterTheSearchSTRUCTUREpositionwiseConversionRatepagination" time="31.299"/>
  <system-out/>
</testsuite> <!-- com.hrmsreports.testcases.ReportsStandardStructureRecruitmentPositionWiseConversionRateTest -->
