<?xml version="1.0" encoding="UTF-8"?>
<!-- Generated by org.testng.reporters.JUnitReportReporter -->
<testsuite hostname="angapparaja" failures="0" tests="3" name="com.hrmsreports.testcases.ReportsStandardStatutoryForm15Test" time="82.981" errors="0" timestamp="2023-02-02T19:34:26 IST" skipped="0">
  <testcase classname="com.hrmsreports.testcases.ReportsStandardStatutoryForm15Test" name="verifyReportStandardsStatutoryForm15DownloadCheck" time="32.651"/>
  <system-out/>
  <testcase classname="com.hrmsreports.testcases.ReportsStandardStatutoryForm15Test" name="verifyReportStandardsStatutoryform15EmployeeMandatoryFieldCheck" time="19.119"/>
  <system-out/>
  <testcase classname="com.hrmsreports.testcases.ReportsStandardStatutoryForm15Test" name="verifyReportStandardsStatutoryform15LeaveCodeMandatoryFieldCheck" time="31.211"/>
  <system-out/>
</testsuite> <!-- com.hrmsreports.testcases.ReportsStandardStatutoryForm15Test -->
