<?xml version="1.0" encoding="UTF-8"?>
<!-- Generated by org.testng.reporters.JUnitReportReporter -->
<testsuite hostname="angapparaja" failures="0" tests="6" name="com.hrmsmasters.testcases.MasterGeoWorkLocationTest" time="258.988" errors="0" timestamp="2023-02-02T19:34:25 IST" skipped="0">
  <testcase classname="com.hrmsmasters.testcases.MasterGeoWorkLocationTest" name="verifyGeoaddworkLocation" time="81.585"/>
  <system-out/>
  <testcase classname="com.hrmsmasters.testcases.MasterGeoWorkLocationTest" name="verifyGeoworkLocationCountryMandatroyField" time="26.937"/>
  <system-out/>
  <testcase classname="com.hrmsmasters.testcases.MasterGeoWorkLocationTest" name="verifyGeoworkLocationStateNameMandatroyField" time="26.520"/>
  <system-out/>
  <testcase classname="com.hrmsmasters.testcases.MasterGeoWorkLocationTest" name="verifyGeoworkLocationDuplicateCheck" time="18.569"/>
  <system-out/>
  <testcase classname="com.hrmsmasters.testcases.MasterGeoWorkLocationTest" name="verifyGeoWorkLocationreset" time="26.095"/>
  <system-out/>
  <testcase classname="com.hrmsmasters.testcases.MasterGeoWorkLocationTest" name="verifyPagination" time="79.282"/>
  <system-out/>
</testsuite> <!-- com.hrmsmasters.testcases.MasterGeoWorkLocationTest -->
