<?xml version="1.0" encoding="UTF-8"?>
<!-- Generated by org.testng.reporters.JUnitReportReporter -->
<testsuite hostname="angapparaja" failures="0" tests="7" name="com.hrmsmasters.testcases.MasterPayRollComponentMaster2Test" time="210.206" errors="0" timestamp="2023-02-02T19:34:25 IST" skipped="0">
  <testcase classname="com.hrmsmasters.testcases.MasterPayRollComponentMaster2Test" name="verifyAddComponentMaster" time="21.145"/>
  <system-out/>
  <testcase classname="com.hrmsmasters.testcases.MasterPayRollComponentMaster2Test" name="verifyComponentMasterNegativeCheck" time="31.995"/>
  <system-out/>
  <testcase classname="com.hrmsmasters.testcases.MasterPayRollComponentMaster2Test" name="verifyComponentMasterComponentcodemandatoryFieldCheck" time="30.018"/>
  <system-out/>
  <testcase classname="com.hrmsmasters.testcases.MasterPayRollComponentMaster2Test" name="verifyComponentMasterComponentNAMEmandatoryFieldCheck" time="20.094"/>
  <system-out/>
  <testcase classname="com.hrmsmasters.testcases.MasterPayRollComponentMaster2Test" name="verifyComponentMasterComponentCompensationmandatoryFieldCheck" time="32.092"/>
  <system-out/>
  <testcase classname="com.hrmsmasters.testcases.MasterPayRollComponentMaster2Test" name="verifyComponentMasterResetBtn" time="28.807"/>
  <system-out/>
  <testcase classname="com.hrmsmasters.testcases.MasterPayRollComponentMaster2Test" name="VerifyEnterTheSearchComponentMasterPagination" time="46.055"/>
  <system-out/>
</testsuite> <!-- com.hrmsmasters.testcases.MasterPayRollComponentMaster2Test -->
