<?xml version="1.0" encoding="UTF-8"?>
<!-- Generated by org.testng.reporters.JUnitReportReporter -->
<testsuite hostname="angapparaja" failures="0" tests="3" name="com.hrmsreports.testcases.ReportsStandardStructureRoleStatusTest" time="74.518" errors="0" timestamp="2023-02-02T19:34:26 IST" skipped="0">
  <testcase classname="com.hrmsreports.testcases.ReportsStandardStructureRoleStatusTest" name="verifyReportStandardsStructureRoleStatusExcelDownloadCheck" time="27.656"/>
  <system-out/>
  <testcase classname="com.hrmsreports.testcases.ReportsStandardStructureRoleStatusTest" name="verifyReportStandardsStructureRoleStatusPdfDownloadCheck" time="29.190"/>
  <system-out/>
  <testcase classname="com.hrmsreports.testcases.ReportsStandardStructureRoleStatusTest" name="VerifyEnterTheSearchSTRUCTUREpagination" time="17.672"/>
  <system-out/>
</testsuite> <!-- com.hrmsreports.testcases.ReportsStandardStructureRoleStatusTest -->
