<?xml version="1.0" encoding="UTF-8"?>
<!-- Generated by org.testng.reporters.JUnitReportReporter -->
<testsuite hostname="angapparaja" failures="0" tests="2" name="com.hrmsreports.testcases.ReportsStandardArrearLateHoldExcelReportTest" time="102.102" errors="0" timestamp="2023-02-02T19:34:26 IST" skipped="0">
  <testcase classname="com.hrmsreports.testcases.ReportsStandardArrearLateHoldExcelReportTest" name="verifyReportStandardsArrearLateHoldExcelReportPayrollGroupingMandatoryFieldCheck" time="73.963"/>
  <system-out/>
  <testcase classname="com.hrmsreports.testcases.ReportsStandardArrearLateHoldExcelReportTest" name="verifyReportStandardsArrearLateHoldExcelReportMonthMandatoryFieldCheck" time="28.139"/>
  <system-out/>
</testsuite> <!-- com.hrmsreports.testcases.ReportsStandardArrearLateHoldExcelReportTest -->
