<?xml version="1.0" encoding="UTF-8"?>
<!-- Generated by org.testng.reporters.JUnitReportReporter -->
<testsuite hostname="angapparaja" failures="0" tests="4" name="com.hrmsreports.testcases.ReportsStandardPayRollPFReportTest" time="159.798" errors="0" timestamp="2023-02-02T19:34:25 IST" skipped="0">
  <testcase classname="com.hrmsreports.testcases.ReportsStandardPayRollPFReportTest" name="verifyReportStandardsPayRollPFReportPayRollGroupingAllCheckBox" time="86.403"/>
  <system-out/>
  <testcase classname="com.hrmsreports.testcases.ReportsStandardPayRollPFReportTest" name="verifyReportStandardsPFReportSubmitCheck" time="21.491"/>
  <system-out/>
  <testcase classname="com.hrmsreports.testcases.ReportsStandardPayRollPFReportTest" name="verifyReportStandardsPayRollPFReportMonthMandatoryFieldCheck" time="21.777"/>
  <system-out/>
  <testcase classname="com.hrmsreports.testcases.ReportsStandardPayRollPFReportTest" name="verifyReportStandardsPayRollPFReportPayrollGroupingMandatoryFieldCheck" time="30.127"/>
  <system-out/>
</testsuite> <!-- com.hrmsreports.testcases.ReportsStandardPayRollPFReportTest -->
