<?xml version="1.0" encoding="UTF-8"?>
<!-- Generated by org.testng.reporters.JUnitReportReporter -->
<testsuite hostname="angapparaja" failures="0" tests="7" name="com.hrmsmasters.testcases.MasterEducationDegreeTest" time="274.593" errors="0" timestamp="2023-02-02T19:34:26 IST" skipped="0">
  <testcase classname="com.hrmsmasters.testcases.MasterEducationDegreeTest" name="verifyaddEducationDegree" time="16.244"/>
  <system-out/>
  <testcase classname="com.hrmsmasters.testcases.MasterEducationDegreeTest" name="verifyEducationDegreeNegativeCheck" time="26.903"/>
  <system-out/>
  <testcase classname="com.hrmsmasters.testcases.MasterEducationDegreeTest" name="verifyaddDegreeMandatroyField" time="26.949"/>
  <system-out/>
  <testcase classname="com.hrmsmasters.testcases.MasterEducationDegreeTest" name="verifyaddDegreeDuplicateCheck" time="17.565"/>
  <system-out/>
  <testcase classname="com.hrmsmasters.testcases.MasterEducationDegreeTest" name="verifyEducationDegreeResetButton" time="26.480"/>
  <system-out/>
  <testcase classname="com.hrmsmasters.testcases.MasterEducationDegreeTest" name="verifyEducationDegreePagination" time="78.900"/>
  <system-out/>
  <testcase classname="com.hrmsmasters.testcases.MasterEducationDegreeTest" name="VerifyEnterTheSearchEducationDegreePagination" time="81.552"/>
  <system-out/>
</testsuite> <!-- com.hrmsmasters.testcases.MasterEducationDegreeTest -->
