<?xml version="1.0" encoding="UTF-8"?>
<!-- Generated by org.testng.reporters.JUnitReportReporter -->
<testsuite hostname="angapparaja" failures="0" tests="6" name="com.hrmsmasters.testcases.MasterRecruitmentConsultantTest" time="136.507" errors="0" timestamp="2023-02-02T19:34:26 IST" skipped="0">
  <testcase classname="com.hrmsmasters.testcases.MasterRecruitmentConsultantTest" name="verifyaddRecruitmentconsultant" time="20.898"/>
  <system-out/>
  <testcase classname="com.hrmsmasters.testcases.MasterRecruitmentConsultantTest" name="verifyRecruitmentconsultantNegativeCheck" time="22.147"/>
  <system-out/>
  <testcase classname="com.hrmsmasters.testcases.MasterRecruitmentConsultantTest" name="verifyRecruitmentconsultantNameMandatory" time="20.506"/>
  <system-out/>
  <testcase classname="com.hrmsmasters.testcases.MasterRecruitmentConsultantTest" name="verifyRecruitmentConsultantuserNameMandatory" time="23.010"/>
  <system-out/>
  <testcase classname="com.hrmsmasters.testcases.MasterRecruitmentConsultantTest" name="verifyRecruitmentConsultantreset" time="32.332"/>
  <system-out/>
  <testcase classname="com.hrmsmasters.testcases.MasterRecruitmentConsultantTest" name="VerifyEnterTheSearchRecruitmentConsultantPagination" time="17.614"/>
  <system-out/>
</testsuite> <!-- com.hrmsmasters.testcases.MasterRecruitmentConsultantTest -->
