<?xml version="1.0" encoding="UTF-8"?>
<!-- Generated by org.testng.reporters.JUnitReportReporter -->
<testsuite hostname="angapparaja" failures="0" tests="3" name="com.hrmsreports.testcases.ReportsStandardArrearArrearPfReportTest" time="62.923" errors="0" timestamp="2023-02-02T19:34:26 IST" skipped="0">
  <testcase classname="com.hrmsreports.testcases.ReportsStandardArrearArrearPfReportTest" name="verifyPageTitleTest" time="12.740"/>
  <system-out/>
  <testcase classname="com.hrmsreports.testcases.ReportsStandardArrearArrearPfReportTest" name="verifyReportStandardsArrearPfReportMonthSubmitCheck" time="32.167"/>
  <system-out/>
  <testcase classname="com.hrmsreports.testcases.ReportsStandardArrearArrearPfReportTest" name="verifyReportStandardsArrearPfReportMonthMandatoryFieldCheck" time="18.016"/>
  <system-out/>
</testsuite> <!-- com.hrmsreports.testcases.ReportsStandardArrearArrearPfReportTest -->
