<?xml version="1.0" encoding="UTF-8"?>
<!-- Generated by org.testng.reporters.JUnitReportReporter -->
<testsuite hostname="angapparaja" failures="0" tests="3" name="com.hrmsreports.testcases.ReportsStandardPayrollJournalEntryTest" time="76.545" errors="0" timestamp="2023-02-02T19:34:26 IST" skipped="0">
  <testcase classname="com.hrmsreports.testcases.ReportsStandardPayrollJournalEntryTest" name="verifyReportStandardsPayRollJournalEntryDownloadCheck" time="29.145"/>
  <system-out/>
  <testcase classname="com.hrmsreports.testcases.ReportsStandardPayrollJournalEntryTest" name="verifyReportStandardsPayRollJournalEntryBatchNoMandatoryFieldCheck" time="28.044"/>
  <system-out/>
  <testcase classname="com.hrmsreports.testcases.ReportsStandardPayrollJournalEntryTest" name="verifyReportStandardsPayRollJournalEntryPayMonthMandatoryFieldCheck" time="19.356"/>
  <system-out/>
</testsuite> <!-- com.hrmsreports.testcases.ReportsStandardPayrollJournalEntryTest -->
