<?xml version="1.0" encoding="UTF-8"?>
<!-- Generated by org.testng.reporters.JUnitReportReporter -->
<testsuite hostname="angapparaja" failures="0" tests="6" name="com.hrmscorehrmsselfcare.testcases.SlfTakecompObjectsTest" time="185.857" errors="0" timestamp="2023-02-02T19:34:26 IST" skipped="1">
  <testcase classname="com.hrmscorehrmsselfcare.testcases.SlfTakecompObjectsTest" name="EmptyTake" time="80.186"/>
  <system-out/>
  <testcase classname="com.hrmscorehrmsselfcare.testcases.SlfTakecompObjectsTest" name="Takesearch" time="29.378"/>
  <system-out/>
  <testcase classname="com.hrmscorehrmsselfcare.testcases.SlfTakecompObjectsTest" name="TakeView" time="29.990"/>
  <system-out/>
  <testcase classname="com.hrmscorehrmsselfcare.testcases.SlfTakecompObjectsTest" name="Takecancel" time="20.584"/>
  <system-out/>
  <testcase classname="com.hrmscorehrmsselfcare.testcases.SlfTakecompObjectsTest" name="Datatablevalidation" time="25.719"/>
  <system-out/>
  <testcase classname="com.hrmscorehrmsselfcare.testcases.SlfTakecompObjectsTest" name="TakeAdd">
    <skipped/>
  </testcase> <!-- TakeAdd -->
  <system-out/>
</testsuite> <!-- com.hrmscorehrmsselfcare.testcases.SlfTakecompObjectsTest -->
