<?xml version="1.0" encoding="UTF-8"?>
<!-- Generated by org.testng.reporters.JUnitReportReporter -->
<testsuite hostname="angapparaja" failures="0" tests="3" name="com.hrmsreports.testcases.ReportStandardProfileSalaryCurrentCTCTest" time="57.525" errors="0" timestamp="2023-02-02T19:34:26 IST" skipped="0">
  <testcase classname="com.hrmsreports.testcases.ReportStandardProfileSalaryCurrentCTCTest" name="verifyReportProfileSalaryCurrentCTCSpecificPayRoll" time="17.549"/>
  <system-out/>
  <testcase classname="com.hrmsreports.testcases.ReportStandardProfileSalaryCurrentCTCTest" name="verifyReportProfileSalaryCurrentCTAllCheckBoxPayRoll" time="18.374"/>
  <system-out/>
  <testcase classname="com.hrmsreports.testcases.ReportStandardProfileSalaryCurrentCTCTest" name="verifyReportProfileSalaryCurrentCTCPayRollMandatoryFieldCheck" time="21.602"/>
  <system-out/>
</testsuite> <!-- com.hrmsreports.testcases.ReportStandardProfileSalaryCurrentCTCTest -->
