<?xml version="1.0" encoding="UTF-8"?>
<!-- Generated by org.testng.reporters.JUnitReportReporter -->
<testsuite hostname="angapparaja" failures="0" tests="13" name="com.hrmscorehrmsselfcare.testcases.SlfRstDayObjectsTest" time="351.236" errors="0" timestamp="2023-02-02T19:34:26 IST" skipped="3">
  <testcase classname="com.hrmscorehrmsselfcare.testcases.SlfRstDayObjectsTest" name="AddEmptyAdd" time="27.800"/>
  <system-out/>
  <testcase classname="com.hrmscorehrmsselfcare.testcases.SlfRstDayObjectsTest" name="ChgEmptyAdd" time="34.850"/>
  <system-out/>
  <testcase classname="com.hrmscorehrmsselfcare.testcases.SlfRstDayObjectsTest" name="rvmeEmptyAdd" time="40.979"/>
  <system-out/>
  <testcase classname="com.hrmscorehrmsselfcare.testcases.SlfRstDayObjectsTest" name="AddrstdayEdit" time="21.822"/>
  <system-out/>
  <testcase classname="com.hrmscorehrmsselfcare.testcases.SlfRstDayObjectsTest" name="ChgerstdayEdit" time="34.431"/>
  <system-out/>
  <testcase classname="com.hrmscorehrmsselfcare.testcases.SlfRstDayObjectsTest" name="rmverstdayEdit" time="30.201"/>
  <system-out/>
  <testcase classname="com.hrmscorehrmsselfcare.testcases.SlfRstDayObjectsTest" name="RestdayValidation" time="31.996"/>
  <system-out/>
  <testcase classname="com.hrmscorehrmsselfcare.testcases.SlfRstDayObjectsTest" name="ViewPage" time="18.857"/>
  <system-out/>
  <testcase classname="com.hrmscorehrmsselfcare.testcases.SlfRstDayObjectsTest" name="Search" time="17.518"/>
  <system-out/>
  <testcase classname="com.hrmscorehrmsselfcare.testcases.SlfRstDayObjectsTest" name="AplyAprveScreen" time="92.782"/>
  <system-out/>
  <testcase classname="com.hrmscorehrmsselfcare.testcases.SlfRstDayObjectsTest" name="Add">
    <skipped/>
  </testcase> <!-- Add -->
  <system-out/>
  <testcase classname="com.hrmscorehrmsselfcare.testcases.SlfRstDayObjectsTest" name="rmveAdd">
    <skipped/>
  </testcase> <!-- rmveAdd -->
  <system-out/>
  <testcase classname="com.hrmscorehrmsselfcare.testcases.SlfRstDayObjectsTest" name="ChgerstAdd">
    <skipped/>
  </testcase> <!-- ChgerstAdd -->
  <system-out/>
</testsuite> <!-- com.hrmscorehrmsselfcare.testcases.SlfRstDayObjectsTest -->
