<?xml version="1.0" encoding="UTF-8"?>
<!-- Generated by org.testng.reporters.JUnitReportReporter -->
<testsuite hostname="angapparaja" failures="0" tests="2" name="com.hrmsstructure.testcases.StructureHierarchyPositionHistoryTest" time="162.268" errors="0" timestamp="2023-02-02T19:34:26 IST" skipped="0">
  <testcase classname="com.hrmsstructure.testcases.StructureHierarchyPositionHistoryTest" name="verifyStructurePositionHistoryPagination" time="84.997"/>
  <system-out/>
  <testcase classname="com.hrmsstructure.testcases.StructureHierarchyPositionHistoryTest" name="VerifySearchTheStructureRoleDescriptionName" time="77.271"/>
  <system-out/>
</testsuite> <!-- com.hrmsstructure.testcases.StructureHierarchyPositionHistoryTest -->
