<?xml version="1.0" encoding="UTF-8"?>
<!-- Generated by org.testng.reporters.JUnitReportReporter -->
<testsuite hostname="angapparaja" failures="0" tests="3" name="com.hrmsreports.testcases.ReportsStandardStruturePreEmployeementCheckTest" time="64.689" errors="0" timestamp="2023-02-02T19:34:26 IST" skipped="0">
  <testcase classname="com.hrmsreports.testcases.ReportsStandardStruturePreEmployeementCheckTest" name="verifyReportStandardsStructurePreEmployeeCheckSubmitAllCheck" time="20.371"/>
  <system-out/>
  <testcase classname="com.hrmsreports.testcases.ReportsStandardStruturePreEmployeementCheckTest" name="verifyReportStandardsStructurePreEmployeeCheckExcelDownloadCheck" time="21.786"/>
  <system-out/>
  <testcase classname="com.hrmsreports.testcases.ReportsStandardStruturePreEmployeementCheckTest" name="verifyReportStandardsStructurePreEmployeeCheckPDFDownloadCheck" time="22.532"/>
  <system-out/>
</testsuite> <!-- com.hrmsreports.testcases.ReportsStandardStruturePreEmployeementCheckTest -->
