<?xml version="1.0" encoding="UTF-8"?>
<!-- Generated by org.testng.reporters.JUnitReportReporter -->
<testsuite hostname="angapparaja" failures="0" tests="4" name="com.hrmsstructure.testcases.StructureInterviewStatusTest" time="223.580" errors="0" timestamp="2023-02-02T19:34:26 IST" skipped="0">
  <testcase classname="com.hrmsstructure.testcases.StructureInterviewStatusTest" name="verifyaddInterviewstatus" time="26.176"/>
  <system-out/>
  <testcase classname="com.hrmsstructure.testcases.StructureInterviewStatusTest" name="VerifyInterviewStatusInterviewdateMandatoryFieldCheck" time="33.319"/>
  <system-out/>
  <testcase classname="com.hrmsstructure.testcases.StructureInterviewStatusTest" name="verifyInterviewStatusPagination" time="86.124"/>
  <system-out/>
  <testcase classname="com.hrmsstructure.testcases.StructureInterviewStatusTest" name="VerifySearchTheInterviewStatusName" time="77.961"/>
  <system-out/>
</testsuite> <!-- com.hrmsstructure.testcases.StructureInterviewStatusTest -->
