<?xml version="1.0" encoding="UTF-8"?>
<!-- Generated by org.testng.reporters.JUnitReportReporter -->
<testsuite hostname="angapparaja" failures="0" tests="7" name="com.hrmscorehrmsselfcare.testcases.SlfPermissionObjectsTest" time="303.200" errors="0" timestamp="2023-02-02T19:34:25 IST" skipped="1">
  <testcase classname="com.hrmscorehrmsselfcare.testcases.SlfPermissionObjectsTest" name="EmptyAdd" time="43.388"/>
  <system-out/>
  <testcase classname="com.hrmscorehrmsselfcare.testcases.SlfPermissionObjectsTest" name="Edit" time="31.135"/>
  <system-out/>
  <testcase classname="com.hrmscorehrmsselfcare.testcases.SlfPermissionObjectsTest" name="ViewIcon" time="19.902"/>
  <system-out/>
  <testcase classname="com.hrmscorehrmsselfcare.testcases.SlfPermissionObjectsTest" name="Search" time="21.742"/>
  <system-out/>
  <testcase classname="com.hrmscorehrmsselfcare.testcases.SlfPermissionObjectsTest" name="TableValidation" time="27.499"/>
  <system-out/>
  <testcase classname="com.hrmscorehrmsselfcare.testcases.SlfPermissionObjectsTest" name="AplyAprvl" time="159.534"/>
  <system-out/>
  <testcase classname="com.hrmscorehrmsselfcare.testcases.SlfPermissionObjectsTest" name="Add">
    <skipped/>
  </testcase> <!-- Add -->
  <system-out/>
</testsuite> <!-- com.hrmscorehrmsselfcare.testcases.SlfPermissionObjectsTest -->
