<?xml version="1.0" encoding="UTF-8"?>
<!-- Generated by org.testng.reporters.JUnitReportReporter -->
<testsuite hostname="angapparaja" failures="0" tests="9" name="com.hrmsreports.testcases.ReportsStandardPayRollPayrollReportTest" time="284.918" errors="0" timestamp="2023-02-02T19:34:25 IST" skipped="0">
  <testcase classname="com.hrmsreports.testcases.ReportsStandardPayRollPayrollReportTest" name="verifyReportStandardsPayRollPayrollReportReportNameCreateCheck" time="37.087"/>
  <system-out/>
  <testcase classname="com.hrmsreports.testcases.ReportsStandardPayRollPayrollReportTest" name="verifyReportStandardsPayRollPayrollReportReportNameCreateDuplicateCheck" time="38.244"/>
  <system-out/>
  <testcase classname="com.hrmsreports.testcases.ReportsStandardPayRollPayrollReportTest" name="verifyReportStandardsPayRollPayrollReportReportNameCUpdateCheck" time="30.320"/>
  <system-out/>
  <testcase classname="com.hrmsreports.testcases.ReportsStandardPayRollPayrollReportTest" name="verifyReportStandardsPayRollPayrollReportDownloadCheck" time="30.885"/>
  <system-out/>
  <testcase classname="com.hrmsreports.testcases.ReportsStandardPayRollPayrollReportTest" name="verifyReportStandardsPayrollReportDownloadAllPayRollGroupingCheckbox" time="29.268"/>
  <system-out/>
  <testcase classname="com.hrmsreports.testcases.ReportsStandardPayRollPayrollReportTest" name="verifyReportStandardsPayrollReportNameMandatoryFieldCheck" time="28.639"/>
  <system-out/>
  <testcase classname="com.hrmsreports.testcases.ReportsStandardPayRollPayrollReportTest" name="verifyReportStandardsPayrollReportGroupNameMandatoryFieldCheck" time="30.070"/>
  <system-out/>
  <testcase classname="com.hrmsreports.testcases.ReportsStandardPayRollPayrollReportTest" name="verifyReportStandardsPayrollReportGroupMonthMandatoryFieldCheck" time="29.328"/>
  <system-out/>
  <testcase classname="com.hrmsreports.testcases.ReportsStandardPayRollPayrollReportTest" name="verifyReportStandardsPayrollReportPayrollGroupingMandatoryFieldCheck" time="31.077"/>
  <system-out/>
</testsuite> <!-- com.hrmsreports.testcases.ReportsStandardPayRollPayrollReportTest -->
