<?xml version="1.0" encoding="UTF-8"?>
<!-- Generated by org.testng.reporters.JUnitReportReporter -->
<testsuite hostname="angapparaja" failures="0" tests="6" name="com.hrmsmasters.testcases.MasterRecruitmentCompetenciesTest" time="194.009" errors="0" timestamp="2023-02-02T19:34:26 IST" skipped="0">
  <testcase classname="com.hrmsmasters.testcases.MasterRecruitmentCompetenciesTest" name="verifyaddCompetenciesBehavioural" time="18.355"/>
  <system-out/>
  <testcase classname="com.hrmsmasters.testcases.MasterRecruitmentCompetenciesTest" name="verifyaddCompetenciesfuncional" time="28.761"/>
  <system-out/>
  <testcase classname="com.hrmsmasters.testcases.MasterRecruitmentCompetenciesTest" name="verifyaddCompetenciesfuncionalPositiveIndictor" time="28.754"/>
  <system-out/>
  <testcase classname="com.hrmsmasters.testcases.MasterRecruitmentCompetenciesTest" name="verifyAddCompetenciesFunctionalNegativeIndi" time="19.203"/>
  <system-out/>
  <testcase classname="com.hrmsmasters.testcases.MasterRecruitmentCompetenciesTest" name="verifyRecruitmentCompetenciesResetButtons" time="27.449"/>
  <system-out/>
  <testcase classname="com.hrmsmasters.testcases.MasterRecruitmentCompetenciesTest" name="VerifyEnterTheSearchRecruitmentCompetenciesPagination" time="71.487"/>
  <system-out/>
</testsuite> <!-- com.hrmsmasters.testcases.MasterRecruitmentCompetenciesTest -->
