<?xml version="1.0" encoding="UTF-8"?>
<!-- Generated by org.testng.reporters.JUnitReportReporter -->
<testsuite hostname="angapparaja" failures="0" tests="6" name="com.hrmsmasters.testcases.MasterAssetsAssetItemsTest" time="179.102" errors="0" timestamp="2023-02-02T19:34:26 IST" skipped="0">
  <testcase classname="com.hrmsmasters.testcases.MasterAssetsAssetItemsTest" name="verifyAddAssets" time="34.630"/>
  <system-out/>
  <testcase classname="com.hrmsmasters.testcases.MasterAssetsAssetItemsTest" name="verifyAssetsItemCodeNegativeCheckVaidation" time="25.314"/>
  <system-out/>
  <testcase classname="com.hrmsmasters.testcases.MasterAssetsAssetItemsTest" name="verifyAssetsItemCodeMandatoryFieldVaidation" time="23.808"/>
  <system-out/>
  <testcase classname="com.hrmsmasters.testcases.MasterAssetsAssetItemsTest" name="verifyAssetsItemNameMandatoryFieldVaidation" time="34.255"/>
  <system-out/>
  <testcase classname="com.hrmsmasters.testcases.MasterAssetsAssetItemsTest" name="verifyAssetsResetButton" time="24.012"/>
  <system-out/>
  <testcase classname="com.hrmsmasters.testcases.MasterAssetsAssetItemsTest" name="VerifyEnterTheSearchAssetsPagination" time="37.083"/>
  <system-out/>
</testsuite> <!-- com.hrmsmasters.testcases.MasterAssetsAssetItemsTest -->
