<?xml version="1.0" encoding="UTF-8"?>
<!-- Generated by org.testng.reporters.JUnitReportReporter -->
<testsuite hostname="angapparaja" failures="0" tests="2" name="com.hrmsreports.testcases.ReportsStandardPayRollErrorRepportTest" time="58.543" errors="0" timestamp="2023-02-02T19:34:26 IST" skipped="0">
  <testcase classname="com.hrmsreports.testcases.ReportsStandardPayRollErrorRepportTest" name="verifyReportStandardsPayRollErrorRepportSubmitCheck" time="29.409"/>
  <system-out/>
  <testcase classname="com.hrmsreports.testcases.ReportsStandardPayRollErrorRepportTest" name="verifyReportStandardsPayRollErrorRepportPayrollGroupingAllcheckBoxSubmitCheck" time="29.134"/>
  <system-out/>
</testsuite> <!-- com.hrmsreports.testcases.ReportsStandardPayRollErrorRepportTest -->
