<?xml version="1.0" encoding="UTF-8"?>
<!-- Generated by org.testng.reporters.JUnitReportReporter -->
<testsuite hostname="angapparaja" failures="0" tests="3" name="com.hrmsstructure.testcases.StructureRecruitmentCommunicationTest" time="268.463" errors="0" timestamp="2023-02-02T19:34:26 IST" skipped="0">
  <testcase classname="com.hrmsstructure.testcases.StructureRecruitmentCommunicationTest" name="verifyRecruitmentStructureRecruitmentCommunicationPagination" time="88.786"/>
  <system-out/>
  <testcase classname="com.hrmsstructure.testcases.StructureRecruitmentCommunicationTest" name="VerifySearchTheRecruitmenStructureRecruitmentCommunicationPositionName" time="90.317"/>
  <system-out/>
  <testcase classname="com.hrmsstructure.testcases.StructureRecruitmentCommunicationTest" name="VerifySearchTheRecruitmenCommunicationCreatedDate" time="89.360"/>
  <system-out/>
</testsuite> <!-- com.hrmsstructure.testcases.StructureRecruitmentCommunicationTest -->
