<?xml version="1.0" encoding="UTF-8"?>
<!-- Generated by org.testng.reporters.JUnitReportReporter -->
<testsuite hostname="angapparaja" failures="0" tests="2" name="com.hrmsmasters.testcases.MasterStatutorySuperAnnuationTest" time="70.897" errors="0" timestamp="2023-02-02T19:34:26 IST" skipped="0">
  <testcase classname="com.hrmsmasters.testcases.MasterStatutorySuperAnnuationTest" name="verifyStatutorySuperAnnuationUpdateCheck" time="35.717"/>
  <system-out/>
  <testcase classname="com.hrmsmasters.testcases.MasterStatutorySuperAnnuationTest" name="verifyStatutoryMenuSuperAnnuationResetButtonCheck" time="35.180"/>
  <system-out/>
</testsuite> <!-- com.hrmsmasters.testcases.MasterStatutorySuperAnnuationTest -->
