<?xml version="1.0" encoding="UTF-8"?>
<!-- Generated by org.testng.reporters.JUnitReportReporter -->
<testsuite hostname="angapparaja" failures="0" tests="6" name="com.hrmsmasters.testcases.MasterPayRollBankTest" time="131.834" errors="0" timestamp="2023-02-02T19:34:26 IST" skipped="0">
  <testcase classname="com.hrmsmasters.testcases.MasterPayRollBankTest" name="verifyAddPayrollBank" time="19.084"/>
  <system-out/>
  <testcase classname="com.hrmsmasters.testcases.MasterPayRollBankTest" name="verifyPayRollBankNegativeCheck" time="29.852"/>
  <system-out/>
  <testcase classname="com.hrmsmasters.testcases.MasterPayRollBankTest" name="verifyPayRollBankCodeMandatoryFieldCheck" time="28.094"/>
  <system-out/>
  <testcase classname="com.hrmsmasters.testcases.MasterPayRollBankTest" name="verifyPayRollBankNameMandatoryFieldCheck" time="19.005"/>
  <system-out/>
  <testcase classname="com.hrmsmasters.testcases.MasterPayRollBankTest" name="verifyPayrollBankResetBtn" time="19.043"/>
  <system-out/>
  <testcase classname="com.hrmsmasters.testcases.MasterPayRollBankTest" name="VerifyEnterTheSearchBankPagination" time="16.756"/>
  <system-out/>
</testsuite> <!-- com.hrmsmasters.testcases.MasterPayRollBankTest -->
