<?xml version="1.0" encoding="UTF-8"?>
<!-- Generated by org.testng.reporters.JUnitReportReporter -->
<testsuite hostname="angapparaja" failures="0" tests="4" name="com.hrmsreports.testcases.ReportsStandardStructureOfferStatusTest" time="104.121" errors="0" timestamp="2023-02-02T19:34:26 IST" skipped="0">
  <testcase classname="com.hrmsreports.testcases.ReportsStandardStructureOfferStatusTest" name="verifyReportStandardsStructureOfferStatusSubmitCheck" time="19.237"/>
  <system-out/>
  <testcase classname="com.hrmsreports.testcases.ReportsStandardStructureOfferStatusTest" name="verifyReportStandardsStructureOfferStatusDownloadExcelCheck" time="28.044"/>
  <system-out/>
  <testcase classname="com.hrmsreports.testcases.ReportsStandardStructureOfferStatusTest" name="verifyReportStandardsStructureOfferStatusDownloadPDFCheck" time="27.755"/>
  <system-out/>
  <testcase classname="com.hrmsreports.testcases.ReportsStandardStructureOfferStatusTest" name="VerifyEnterTheSearchSTRUCTUREOfferStatuspagination" time="29.085"/>
  <system-out/>
</testsuite> <!-- com.hrmsreports.testcases.ReportsStandardStructureOfferStatusTest -->
