<?xml version="1.0" encoding="UTF-8"?>
<!-- Generated by org.testng.reporters.JUnitReportReporter -->
<testsuite hostname="angapparaja" failures="0" tests="7" name="com.hrmsreports.testcases.ReportsStandardIncrementPromotionSalaryIncrementTest" time="221.756" errors="0" timestamp="2023-02-02T19:34:26 IST" skipped="0">
  <testcase classname="com.hrmsreports.testcases.ReportsStandardIncrementPromotionSalaryIncrementTest" name="verifyReportStandardsIncrementPromotionsalaryIncrementSubmitCheck" time="24.929"/>
  <system-out/>
  <testcase classname="com.hrmsreports.testcases.ReportsStandardIncrementPromotionSalaryIncrementTest" name="verifyReportStandardsIncrementPromotionsalaryIncrementDownloadCheck" time="34.284"/>
  <system-out/>
  <testcase classname="com.hrmsreports.testcases.ReportsStandardIncrementPromotionSalaryIncrementTest" name="verifyReportStandardsIncrementPromotionsalaryIncrementExcelCheck" time="35.093"/>
  <system-out/>
  <testcase classname="com.hrmsreports.testcases.ReportsStandardIncrementPromotionSalaryIncrementTest" name="verifyReportStandardsIncrementPromotionsalaryIncrementMailCheck" time="34.960"/>
  <system-out/>
  <testcase classname="com.hrmsreports.testcases.ReportsStandardIncrementPromotionSalaryIncrementTest" name="verifyReportStandardsIncrementPromotionsalaryIncrementPayrollGroupingMandatoryFieldCheck" time="34.599"/>
  <system-out/>
  <testcase classname="com.hrmsreports.testcases.ReportsStandardIncrementPromotionSalaryIncrementTest" name="verifyReportStandardsIncrementPromotionsalaryIncrementPayrollMonthMandatoryFieldCheck" time="23.510"/>
  <system-out/>
  <testcase classname="com.hrmsreports.testcases.ReportsStandardIncrementPromotionSalaryIncrementTest" name="verifyReportStandardsIncrementPromotionsalaryIncrementPayrollLetterTemplateMandatoryFieldCheck" time="34.381"/>
  <system-out/>
</testsuite> <!-- com.hrmsreports.testcases.ReportsStandardIncrementPromotionSalaryIncrementTest -->
