<?xml version="1.0" encoding="UTF-8"?>
<!-- Generated by org.testng.reporters.JUnitReportReporter -->
<testsuite hostname="angapparaja" failures="0" tests="1" name="com.hrmsreports.testcases.ReportsStandProfileSalaryEmployeeProfileReportTest" time="28.172" errors="0" timestamp="2023-02-02T19:34:26 IST" skipped="0">
  <testcase classname="com.hrmsreports.testcases.ReportsStandProfileSalaryEmployeeProfileReportTest" name="verifyReportProfileEmployeeProfileReportWithoutCheckBox" time="28.172"/>
  <system-out/>
</testsuite> <!-- com.hrmsreports.testcases.ReportsStandProfileSalaryEmployeeProfileReportTest -->
