<?xml version="1.0" encoding="UTF-8"?>
<!-- Generated by org.testng.reporters.JUnitReportReporter -->
<testsuite hostname="angapparaja" failures="0" tests="3" name="com.hrmsreports.testcases.ReportsStandardPayrollGrossCTCTest" time="66.497" errors="0" timestamp="2023-02-02T19:34:26 IST" skipped="0">
  <testcase classname="com.hrmsreports.testcases.ReportsStandardPayrollGrossCTCTest" name="verifyReportStandardsPayRollGrossCTCDownloadCheck" time="20.608"/>
  <system-out/>
  <testcase classname="com.hrmsreports.testcases.ReportsStandardPayrollGrossCTCTest" name="verifyReportStandardsPayregisterGrossCTCMonthMandatoryFieldCheck" time="27.949"/>
  <system-out/>
  <testcase classname="com.hrmsreports.testcases.ReportsStandardPayrollGrossCTCTest" name="verifyReportStandardSGrossCTCPayRollGroupingMandatoryFieldCheck" time="17.940"/>
  <system-out/>
</testsuite> <!-- com.hrmsreports.testcases.ReportsStandardPayrollGrossCTCTest -->
