<?xml version="1.0" encoding="UTF-8"?>
<!-- Generated by org.testng.reporters.JUnitReportReporter -->
<testsuite hostname="angapparaja" failures="0" tests="3" name="com.hrmsstructure.testcases.StructureInterviewSchedulingTest" time="76.538" errors="0" timestamp="2023-02-02T19:34:26 IST" skipped="0">
  <testcase classname="com.hrmsstructure.testcases.StructureInterviewSchedulingTest" name="verifyaddInterviewScheduling" time="24.019"/>
  <system-out/>
  <testcase classname="com.hrmsstructure.testcases.StructureInterviewSchedulingTest" name="VerifyInterviewSchdulingAddInterviewer" time="31.264"/>
  <system-out/>
  <testcase classname="com.hrmsstructure.testcases.StructureInterviewSchedulingTest" name="VerifyInterviewSchdulingTrashInterviewer" time="21.255"/>
  <system-out/>
</testsuite> <!-- com.hrmsstructure.testcases.StructureInterviewSchedulingTest -->
