<?xml version="1.0" encoding="UTF-8"?>
<!-- Generated by org.testng.reporters.JUnitReportReporter -->
<testsuite hostname="angapparaja" failures="0" tests="4" name="com.hrmsreports.testcases.ReportsStandardStatutoryWagesRegisterReportTest" time="116.206" errors="0" timestamp="2023-02-02T19:34:26 IST" skipped="0">
  <testcase classname="com.hrmsreports.testcases.ReportsStandardStatutoryWagesRegisterReportTest" name="verifyReportStandardsStatutoryWagesRegisterDownloadCheck" time="29.551"/>
  <system-out/>
  <testcase classname="com.hrmsreports.testcases.ReportsStandardStatutoryWagesRegisterReportTest" name="verifyReportStandardsStatutoryWagesRegisterMonthMandatoryFieldCheck" time="28.916"/>
  <system-out/>
  <testcase classname="com.hrmsreports.testcases.ReportsStandardStatutoryWagesRegisterReportTest" name="verifyReportStandardsStatutoryWagesRegisterPayRollGroupingMandatoryFieldCheck" time="27.952"/>
  <system-out/>
  <testcase classname="com.hrmsreports.testcases.ReportsStandardStatutoryWagesRegisterReportTest" name="verifyReportStandardsStatutoryWagesRegisterDepartmentMandatoryFieldCheck" time="29.787"/>
  <system-out/>
</testsuite> <!-- com.hrmsreports.testcases.ReportsStandardStatutoryWagesRegisterReportTest -->
