<?xml version="1.0" encoding="UTF-8"?>
<!-- Generated by org.testng.reporters.JUnitReportReporter -->
<testsuite hostname="angapparaja" failures="0" tests="4" name="com.hrmsreports.testcases.ReportsStandardLeaveLeaveSummaryTest" time="107.633" errors="0" timestamp="2023-02-02T19:34:25 IST" skipped="0">
  <testcase classname="com.hrmsreports.testcases.ReportsStandardLeaveLeaveSummaryTest" name="verifyReportStandardsleaveSummaryCheck" time="29.270"/>
  <system-out/>
  <testcase classname="com.hrmsreports.testcases.ReportsStandardLeaveLeaveSummaryTest" name="verifyReportStandardsleaveSummaryLeaveYearMandatoryFieldCheck" time="19.228"/>
  <system-out/>
  <testcase classname="com.hrmsreports.testcases.ReportsStandardLeaveLeaveSummaryTest" name="verifyReportStandardsleaveSummaryleaveTypeMandatoryFieldCheck" time="29.424"/>
  <system-out/>
  <testcase classname="com.hrmsreports.testcases.ReportsStandardLeaveLeaveSummaryTest" name="verifyReportStandardsleaveSummaryAllMandatoryFieldCheck" time="29.711"/>
  <system-out/>
</testsuite> <!-- com.hrmsreports.testcases.ReportsStandardLeaveLeaveSummaryTest -->
