<?xml version="1.0" encoding="UTF-8"?>
<!-- Generated by org.testng.reporters.JUnitReportReporter -->
<testsuite hostname="LAPTOP-K171VAOP" failures="0" tests="1" name="com.hrmscorehrms.testcases.CoreHrmsExitManagementFinalPayBatchProcessTest" time="58.190" errors="0" timestamp="2022-12-30T18:50:55 IST" skipped="0">
  <testcase classname="com.hrmscorehrms.testcases.CoreHrmsExitManagementFinalPayBatchProcessTest" name="verifyToCheckAddNewEmployee" time="58.190"/>
  <system-out/>
</testsuite> <!-- com.hrmscorehrms.testcases.CoreHrmsExitManagementFinalPayBatchProcessTest -->
