<?xml version="1.0" encoding="UTF-8"?>
<!-- Generated by org.testng.reporters.JUnitReportReporter -->
<testsuite hostname="angapparaja" failures="0" tests="2" name="com.hrmsmasters.testcases.MasterStatutoryESITest" time="121.673" errors="0" timestamp="2023-02-02T19:34:26 IST" skipped="0">
  <testcase classname="com.hrmsmasters.testcases.MasterStatutoryESITest" name="verifyStatutoryMenuESIUPDATECheck" time="34.746"/>
  <system-out/>
  <testcase classname="com.hrmsmasters.testcases.MasterStatutoryESITest" name="verifyMasterReimbursementExcelReportPagination" time="86.927"/>
  <system-out/>
</testsuite> <!-- com.hrmsmasters.testcases.MasterStatutoryESITest -->
