<?xml version="1.0" encoding="UTF-8"?>
<!-- Generated by org.testng.reporters.JUnitReportReporter -->
<testsuite hostname="angapparaja" failures="0" tests="5" name="com.hrmsmasters.testcases.MasterGeoBarangayTest" time="170.192" errors="0" timestamp="2023-02-02T19:34:26 IST" skipped="0">
  <testcase classname="com.hrmsmasters.testcases.MasterGeoBarangayTest" name="verifyGeoAddBarangay" time="20.226"/>
  <system-out/>
  <testcase classname="com.hrmsmasters.testcases.MasterGeoBarangayTest" name="verifyGeoBarangayCountryMandatroyField" time="17.778"/>
  <system-out/>
  <testcase classname="com.hrmsmasters.testcases.MasterGeoBarangayTest" name="verifyGeoAddBarangayDuplicateCheck" time="31.009"/>
  <system-out/>
  <testcase classname="com.hrmsmasters.testcases.MasterGeoBarangayTest" name="verifyGeoBanarangayresetBtn" time="19.907"/>
  <system-out/>
  <testcase classname="com.hrmsmasters.testcases.MasterGeoBarangayTest" name="verifyPagination" time="81.272"/>
  <system-out/>
</testsuite> <!-- com.hrmsmasters.testcases.MasterGeoBarangayTest -->
