<?xml version="1.0" encoding="UTF-8"?>
<!-- Generated by org.testng.reporters.JUnitReportReporter -->
<testsuite hostname="angapparaja" failures="0" tests="1" name="com.hrmscorehrmsselfcare.testcases.TeamtakeCompobjectsTest" time="51.804" errors="0" timestamp="2023-02-02T19:34:25 IST" skipped="0">
  <testcase classname="com.hrmscorehrmsselfcare.testcases.TeamtakeCompobjectsTest" name="Flow" time="51.804"/>
  <system-out/>
</testsuite> <!-- com.hrmscorehrmsselfcare.testcases.TeamtakeCompobjectsTest -->
