<?xml version="1.0" encoding="UTF-8"?>
<!-- Generated by org.testng.reporters.JUnitReportReporter -->
<testsuite hostname="angapparaja" failures="0" tests="2" name="com.hrmscorehrmsselfcare.testcases.SlfOTObjectsTest" time="107.040" errors="0" timestamp="2023-01-25T17:04:59 IST" skipped="1">
  <testcase classname="com.hrmscorehrmsselfcare.testcases.SlfOTObjectsTest" name="ApplyApprove" time="107.040"/>
  <system-out/>
  <testcase classname="com.hrmscorehrmsselfcare.testcases.SlfOTObjectsTest" name="Add">
    <skipped/>
  </testcase> <!-- Add -->
  <system-out/>
</testsuite> <!-- com.hrmscorehrmsselfcare.testcases.SlfOTObjectsTest -->
