<?xml version="1.0" encoding="UTF-8"?>
<!-- Generated by org.testng.reporters.JUnitReportReporter -->
<testsuite hostname="angapparaja" failures="0" tests="3" name="com.hrmsreports.testcases.ReportsStandardStatutoryMusterRollTest" time="77.912" errors="0" timestamp="2023-02-02T19:34:26 IST" skipped="0">
  <testcase classname="com.hrmsreports.testcases.ReportsStandardStatutoryMusterRollTest" name="verifyReportStandardsStatutoryMusterRollDownloadCheck" time="30.146"/>
  <system-out/>
  <testcase classname="com.hrmsreports.testcases.ReportsStandardStatutoryMusterRollTest" name="verifyReportStandardsStatutoryMusterRollMonthMandatoryFieldCheck" time="28.980"/>
  <system-out/>
  <testcase classname="com.hrmsreports.testcases.ReportsStandardStatutoryMusterRollTest" name="verifyReportStandardsStatutoryMusterRollPayRollGroupingMandatoryFieldCheck" time="18.786"/>
  <system-out/>
</testsuite> <!-- com.hrmsreports.testcases.ReportsStandardStatutoryMusterRollTest -->
