<?xml version="1.0" encoding="UTF-8"?>
<!-- Generated by org.testng.reporters.JUnitReportReporter -->
<testsuite hostname="angapparaja" failures="0" tests="4" name="com.hrmsreports.testcases.ReportsStandardPayRollESIRemittanceTest" time="102.644" errors="0" timestamp="2023-02-02T19:34:26 IST" skipped="0">
  <testcase classname="com.hrmsreports.testcases.ReportsStandardPayRollESIRemittanceTest" name="verifyReportStandardsPayRollESIRemittanceSubmitCheck" time="30.056"/>
  <system-out/>
  <testcase classname="com.hrmsreports.testcases.ReportsStandardPayRollESIRemittanceTest" name="verifyReportStandardsPayRollEsiRemittanceAllCheckBoxSubmitCheck" time="22.119"/>
  <system-out/>
  <testcase classname="com.hrmsreports.testcases.ReportsStandardPayRollESIRemittanceTest" name="verifyReportStandardsPayRollEsiRemittanceMonthMandatoryFieldCheck" time="30.924"/>
  <system-out/>
  <testcase classname="com.hrmsreports.testcases.ReportsStandardPayRollESIRemittanceTest" name="verifyReportStandardsPayRollEsiRemittancePayRollGroupingMandatoryFieldCheck" time="19.545"/>
  <system-out/>
</testsuite> <!-- com.hrmsreports.testcases.ReportsStandardPayRollESIRemittanceTest -->
