<?xml version="1.0" encoding="UTF-8"?>
<!-- Generated by org.testng.reporters.JUnitReportReporter -->
<testsuite hostname="angapparaja" failures="0" tests="12" name="com.hrmscorehrmsselfcare.testcases.SlfShftCodeObjectsTest" time="554.416" errors="0" timestamp="2023-02-02T19:34:26 IST" skipped="1">
  <testcase classname="com.hrmscorehrmsselfcare.testcases.SlfShftCodeObjectsTest" name="sgleemptyAdd" time="35.195"/>
  <system-out/>
  <testcase classname="com.hrmscorehrmsselfcare.testcases.SlfShftCodeObjectsTest" name="sgleEdit" time="133.270"/>
  <system-out/>
  <testcase classname="com.hrmscorehrmsselfcare.testcases.SlfShftCodeObjectsTest" name="sgleView" time="19.172"/>
  <system-out/>
  <testcase classname="com.hrmscorehrmsselfcare.testcases.SlfShftCodeObjectsTest" name="sglevalisdation" time="31.387"/>
  <system-out/>
  <testcase classname="com.hrmscorehrmsselfcare.testcases.SlfShftCodeObjectsTest" name="sgleSearch" time="22.193"/>
  <system-out/>
  <testcase classname="com.hrmscorehrmsselfcare.testcases.SlfShftCodeObjectsTest" name="cmpEmpty" time="31.323"/>
  <system-out/>
  <testcase classname="com.hrmscorehrmsselfcare.testcases.SlfShftCodeObjectsTest" name="cmpAdd" time="30.562"/>
  <system-out/>
  <testcase classname="com.hrmscorehrmsselfcare.testcases.SlfShftCodeObjectsTest" name="cmpEdit" time="136.302"/>
  <system-out/>
  <testcase classname="com.hrmscorehrmsselfcare.testcases.SlfShftCodeObjectsTest" name="cmpView" time="21.356"/>
  <system-out/>
  <testcase classname="com.hrmscorehrmsselfcare.testcases.SlfShftCodeObjectsTest" name="cmpSearch" time="72.219"/>
  <system-out/>
  <testcase classname="com.hrmscorehrmsselfcare.testcases.SlfShftCodeObjectsTest" name="cmpvalidation" time="21.437"/>
  <system-out/>
  <testcase classname="com.hrmscorehrmsselfcare.testcases.SlfShftCodeObjectsTest" name="sgleAdd">
    <skipped/>
  </testcase> <!-- sgleAdd -->
  <system-out/>
</testsuite> <!-- com.hrmscorehrmsselfcare.testcases.SlfShftCodeObjectsTest -->
