<?xml version="1.0" encoding="UTF-8"?>
<!-- Generated by org.testng.reporters.JUnitReportReporter -->
<testsuite hostname="angapparaja" failures="0" tests="8" name="com.hrmsmasters.testcases.MasterPositionJobLevelTest" time="218.111" errors="0" timestamp="2023-02-02T19:34:26 IST" skipped="0">
  <testcase classname="com.hrmsmasters.testcases.MasterPositionJobLevelTest" name="verifyaddPositionJobLevel" time="17.131"/>
  <system-out/>
  <testcase classname="com.hrmsmasters.testcases.MasterPositionJobLevelTest" name="verifyPositionJoblevelnameNegativeCheck" time="27.833"/>
  <system-out/>
  <testcase classname="com.hrmsmasters.testcases.MasterPositionJobLevelTest" name="verifyaddJobLevelMandatroyField" time="26.600"/>
  <system-out/>
  <testcase classname="com.hrmsmasters.testcases.MasterPositionJobLevelTest" name="verifyaddHierarchyMandatroyField" time="16.692"/>
  <system-out/>
  <testcase classname="com.hrmsmasters.testcases.MasterPositionJobLevelTest" name="verifyaddJobLevelDuplicateCheck" time="16.905"/>
  <system-out/>
  <testcase classname="com.hrmsmasters.testcases.MasterPositionJobLevelTest" name="verifyPositionJobLevelResetButton" time="17.536"/>
  <system-out/>
  <testcase classname="com.hrmsmasters.testcases.MasterPositionJobLevelTest" name="verifyPositionJobLevelPagination" time="69.319"/>
  <system-out/>
  <testcase classname="com.hrmsmasters.testcases.MasterPositionJobLevelTest" name="VerifyEnterSearchPositionJobLevelPagination" time="26.095"/>
  <system-out/>
</testsuite> <!-- com.hrmsmasters.testcases.MasterPositionJobLevelTest -->
