<?xml version="1.0" encoding="UTF-8"?>
<!-- Generated by org.testng.reporters.JUnitReportReporter -->
<testsuite hostname="angapparaja" failures="0" tests="4" name="com.hrmscorehrmsselfcare.testcases.HolidayObjectsTest" time="127.691" errors="0" timestamp="2023-02-02T19:34:26 IST" skipped="1">
  <testcase classname="com.hrmscorehrmsselfcare.testcases.HolidayObjectsTest" name="EmptyAdd" time="44.781"/>
  <system-out/>
  <testcase classname="com.hrmscorehrmsselfcare.testcases.HolidayObjectsTest" name="Search" time="32.156"/>
  <system-out/>
  <testcase classname="com.hrmscorehrmsselfcare.testcases.HolidayObjectsTest" name="Delete" time="50.754"/>
  <system-out/>
  <testcase classname="com.hrmscorehrmsselfcare.testcases.HolidayObjectsTest" name="Add">
    <skipped/>
  </testcase> <!-- Add -->
  <system-out/>
</testsuite> <!-- com.hrmscorehrmsselfcare.testcases.HolidayObjectsTest -->
