<?xml version="1.0" encoding="UTF-8"?>
<!-- Generated by org.testng.reporters.JUnitReportReporter -->
<testsuite hostname="angapparaja" failures="0" tests="4" name="com.hrmsreports.testcases.ReportsStandardStructureSourcingTest" time="140.695" errors="0" timestamp="2023-02-02T19:34:26 IST" skipped="0">
  <testcase classname="com.hrmsreports.testcases.ReportsStandardStructureSourcingTest" name="verifyReportStandardsStructureSourcingSubmitAllCheck" time="38.242"/>
  <system-out/>
  <testcase classname="com.hrmsreports.testcases.ReportsStandardStructureSourcingTest" name="verifyReportStandardsStructureSourcingSubmitCheck" time="27.643"/>
  <system-out/>
  <testcase classname="com.hrmsreports.testcases.ReportsStandardStructureSourcingTest" name="verifyReportStandardsStructureSourcingDepartmentMandatoryFieldCheck" time="37.882"/>
  <system-out/>
  <testcase classname="com.hrmsreports.testcases.ReportsStandardStructureSourcingTest" name="verifyReportStandardsStructureSourcingSubDepartmentMandatoryFieldCheck" time="36.928"/>
  <system-out/>
</testsuite> <!-- com.hrmsreports.testcases.ReportsStandardStructureSourcingTest -->
