<?xml version="1.0" encoding="UTF-8"?>
<!-- Generated by org.testng.reporters.JUnitReportReporter -->
<testsuite hostname="angapparaja" failures="0" tests="6" name="com.hrmsmasters.testcases.MasterAttendanceShiftTest" time="194.364" errors="0" timestamp="2023-02-02T19:34:26 IST" skipped="0">
  <testcase classname="com.hrmsmasters.testcases.MasterAttendanceShiftTest" name="verifyAddShift" time="36.641"/>
  <system-out/>
  <testcase classname="com.hrmsmasters.testcases.MasterAttendanceShiftTest" name="verifyAttendanceShiftCodeMandatoryFieldCheck" time="34.868"/>
  <system-out/>
  <testcase classname="com.hrmsmasters.testcases.MasterAttendanceShiftTest" name="verifyAttendanceShiftDescriptionMandatoryFieldCheck" time="35.132"/>
  <system-out/>
  <testcase classname="com.hrmsmasters.testcases.MasterAttendanceShiftTest" name="verifyAttendanceShiftFromTimeMandatoryFieldCheck" time="34.937"/>
  <system-out/>
  <testcase classname="com.hrmsmasters.testcases.MasterAttendanceShiftTest" name="verifyAttendanceShiftResetButton" time="26.160"/>
  <system-out/>
  <testcase classname="com.hrmsmasters.testcases.MasterAttendanceShiftTest" name="VerifyEnterTheSearchAttendanceShiftPagination" time="26.626"/>
  <system-out/>
</testsuite> <!-- com.hrmsmasters.testcases.MasterAttendanceShiftTest -->
