<?xml version="1.0" encoding="UTF-8"?>
<!-- Generated by org.testng.reporters.JUnitReportReporter -->
<testsuite hostname="angapparaja" failures="0" tests="4" name="com.hrmsreports.testcases.ReportsStandardStructureDetailedPositionSummaryTest" time="121.660" errors="0" timestamp="2023-02-02T19:34:26 IST" skipped="0">
  <testcase classname="com.hrmsreports.testcases.ReportsStandardStructureDetailedPositionSummaryTest" name="verifyReportStandardsStructuredetailedPositionSummaryDownloadCheck" time="32.460"/>
  <system-out/>
  <testcase classname="com.hrmsreports.testcases.ReportsStandardStructureDetailedPositionSummaryTest" name="verifyReportStandardsStructuredetailedPositionSummaryExcelDownloadCheck" time="32.173"/>
  <system-out/>
  <testcase classname="com.hrmsreports.testcases.ReportsStandardStructureDetailedPositionSummaryTest" name="verifyReportStandardsStructuredetailedPositionPdfDownloadCheck" time="33.792"/>
  <system-out/>
  <testcase classname="com.hrmsreports.testcases.ReportsStandardStructureDetailedPositionSummaryTest" name="verifyReportStandardsStructuredetailedPositionDepartmentMandatoryFieldCheck" time="23.235"/>
  <system-out/>
</testsuite> <!-- com.hrmsreports.testcases.ReportsStandardStructureDetailedPositionSummaryTest -->
