<?xml version="1.0" encoding="UTF-8"?>
<!-- Generated by org.testng.reporters.JUnitReportReporter -->
<testsuite hostname="angapparaja" failures="0" tests="3" name="com.hrmsstructure.testcases.StructureOnBoardingAppointmentLetterTest" time="126.630" errors="0" timestamp="2023-02-02T19:34:26 IST" skipped="0">
  <testcase classname="com.hrmsstructure.testcases.StructureOnBoardingAppointmentLetterTest" name="verifyStructureAppointmentLetterPagination" time="71.538"/>
  <system-out/>
  <testcase classname="com.hrmsstructure.testcases.StructureOnBoardingAppointmentLetterTest" name="VerifySearchAppointmentLetterPositionName" time="29.036"/>
  <system-out/>
  <testcase classname="com.hrmsstructure.testcases.StructureOnBoardingAppointmentLetterTest" name="VerifySearchAppointmentLetterName" time="26.056"/>
  <system-out/>
</testsuite> <!-- com.hrmsstructure.testcases.StructureOnBoardingAppointmentLetterTest -->
