<?xml version="1.0" encoding="UTF-8"?>
<!-- Generated by org.testng.reporters.JUnitReportReporter -->
<testsuite hostname="angapparaja" failures="0" tests="2" name="com.hrmsreports.testcases.ReportsStandardStructurePositionSummaryTest" time="46.509" errors="0" timestamp="2023-02-02T19:34:26 IST" skipped="0">
  <testcase classname="com.hrmsreports.testcases.ReportsStandardStructurePositionSummaryTest" name="verifyReportStandardsStructurepositionSummaryExcelDownloadCheck" time="16.999"/>
  <system-out/>
  <testcase classname="com.hrmsreports.testcases.ReportsStandardStructurePositionSummaryTest" name="verifyReportStandardsStructureRoleStatusPdfDownloadCheck" time="29.510"/>
  <system-out/>
</testsuite> <!-- com.hrmsreports.testcases.ReportsStandardStructurePositionSummaryTest -->
