<?xml version="1.0" encoding="UTF-8"?>
<!-- Generated by org.testng.reporters.JUnitReportReporter -->
<testsuite hostname="angapparaja" failures="0" tests="4" name="com.hrmsreports.testcases.ReportsStandardStatutoryForm21Test" time="158.047" errors="0" timestamp="2023-02-02T19:34:26 IST" skipped="0">
  <testcase classname="com.hrmsreports.testcases.ReportsStandardStatutoryForm21Test" name="verifyReportStandardsStatutoryForm21DownloadCheck" time="40.856"/>
  <system-out/>
  <testcase classname="com.hrmsreports.testcases.ReportsStandardStatutoryForm21Test" name="verifyReportStandardsStatutoryForm21YearMandatoryFieldCheck" time="39.629"/>
  <system-out/>
  <testcase classname="com.hrmsreports.testcases.ReportsStandardStatutoryForm21Test" name="verifyReportStandardsStatutoryForm21MaleFemaleMandatoryFieldCheck" time="37.956"/>
  <system-out/>
  <testcase classname="com.hrmsreports.testcases.ReportsStandardStatutoryForm21Test" name="verifyReportStandardsStatutoryForm21TotalWorkmenMandatoryFieldCheck" time="39.606"/>
  <system-out/>
</testsuite> <!-- com.hrmsreports.testcases.ReportsStandardStatutoryForm21Test -->
