<?xml version="1.0" encoding="UTF-8"?>
<!-- Generated by org.testng.reporters.JUnitReportReporter -->
<testsuite hostname="angapparaja" failures="0" tests="2" name="com.hrmsreports.testcases.ReportsStandardPayrollAnnualBenefitReportTest" time="57.281" errors="0" timestamp="2023-02-02T19:34:25 IST" skipped="0">
  <testcase classname="com.hrmsreports.testcases.ReportsStandardPayrollAnnualBenefitReportTest" name="verifyReportStandardsPayRollAnnualBenefitDownloadCheck" time="28.669"/>
  <system-out/>
  <testcase classname="com.hrmsreports.testcases.ReportsStandardPayrollAnnualBenefitReportTest" name="verifyReportStandardsPayRollAnnualBenefitFinancialYearMandatoryFieldCheck" time="28.612"/>
  <system-out/>
</testsuite> <!-- com.hrmsreports.testcases.ReportsStandardPayrollAnnualBenefitReportTest -->
