<?xml version="1.0" encoding="UTF-8"?>
<!-- Generated by org.testng.reporters.JUnitReportReporter -->
<testsuite hostname="angapparaja" failures="0" tests="5" name="com.hrmsmasters.testcases.MasterExitManagementInterviewQuestionsTest" time="142.825" errors="0" timestamp="2023-02-02T19:34:26 IST" skipped="0">
  <testcase classname="com.hrmsmasters.testcases.MasterExitManagementInterviewQuestionsTest" name="verifyAddExitManagementInterviewQuestions" time="24.894"/>
  <system-out/>
  <testcase classname="com.hrmsmasters.testcases.MasterExitManagementInterviewQuestionsTest" name="verifyMasterExitManagementInterviewQuestionsNegativeCheck" time="33.642"/>
  <system-out/>
  <testcase classname="com.hrmsmasters.testcases.MasterExitManagementInterviewQuestionsTest" name="verifyMasterExitManagementInterviewQuestionsMandatoryFieldCheck" time="35.712"/>
  <system-out/>
  <testcase classname="com.hrmsmasters.testcases.MasterExitManagementInterviewQuestionsTest" name="verifyMasterExitManagementInterviewQuestionsreset" time="24.304"/>
  <system-out/>
  <testcase classname="com.hrmsmasters.testcases.MasterExitManagementInterviewQuestionsTest" name="VerifyEnterTheSearchInterviewPagination" time="24.273"/>
  <system-out/>
</testsuite> <!-- com.hrmsmasters.testcases.MasterExitManagementInterviewQuestionsTest -->
