<?xml version="1.0" encoding="UTF-8"?>
<!-- Generated by org.testng.reporters.JUnitReportReporter -->
<testsuite hostname="angapparaja" failures="0" tests="2" name="com.hrmsreports.testcases.ReportsStandardPayrollLoanRegister2Test" time="55.772" errors="0" timestamp="2023-02-02T19:34:26 IST" skipped="0">
  <testcase classname="com.hrmsreports.testcases.ReportsStandardPayrollLoanRegister2Test" name="verifyReportStandardsPayRollloanRegister2SubmitCheck" time="28.343"/>
  <system-out/>
  <testcase classname="com.hrmsreports.testcases.ReportsStandardPayrollLoanRegister2Test" name="verifyReportStandardsPayRollJLOANLoanRegisterMonthMandatoryFieldCheck" time="27.429"/>
  <system-out/>
</testsuite> <!-- com.hrmsreports.testcases.ReportsStandardPayrollLoanRegister2Test -->
