<?xml version="1.0" encoding="UTF-8"?>
<!-- Generated by org.testng.reporters.JUnitReportReporter -->
<testsuite hostname="angapparaja" failures="0" tests="1" name="com.hrmsmasters.testcases.MasterReimbursementReimbursementWindowTest" time="41.535" errors="0" timestamp="2023-02-02T19:34:26 IST" skipped="0">
  <testcase classname="com.hrmsmasters.testcases.MasterReimbursementReimbursementWindowTest" name="verifyReimbursementWindowResetBtn" time="41.535"/>
  <system-out/>
</testsuite> <!-- com.hrmsmasters.testcases.MasterReimbursementReimbursementWindowTest -->
