<?xml version="1.0" encoding="UTF-8"?>
<!-- Generated by org.testng.reporters.JUnitReportReporter -->
<testsuite hostname="angapparaja" failures="0" tests="5" name="com.hrmsmasters.testcases.MasterPersonalReligionTest" time="144.683" errors="0" timestamp="2023-02-02T19:34:26 IST" skipped="0">
  <testcase classname="com.hrmsmasters.testcases.MasterPersonalReligionTest" name="verifyaddPersonalReligion" time="15.047"/>
  <system-out/>
  <testcase classname="com.hrmsmasters.testcases.MasterPersonalReligionTest" name="verifyaddPersonalReligionMandatroyField" time="20.880"/>
  <system-out/>
  <testcase classname="com.hrmsmasters.testcases.MasterPersonalReligionTest" name="verifyaddPersonalReligionDuplicateCheck" time="23.515"/>
  <system-out/>
  <testcase classname="com.hrmsmasters.testcases.MasterPersonalReligionTest" name="verifyPersonalReligionreset" time="15.039"/>
  <system-out/>
  <testcase classname="com.hrmsmasters.testcases.MasterPersonalReligionTest" name="verifyPagination" time="70.202"/>
  <system-out/>
</testsuite> <!-- com.hrmsmasters.testcases.MasterPersonalReligionTest -->
