<?xml version="1.0" encoding="UTF-8"?>
<!-- Generated by org.testng.reporters.JUnitReportReporter -->
<testsuite hostname="angapparaja" failures="0" tests="3" name="com.hrmsreports.testcases.ReportsStandardStructureInterViewCandiateStatusTest" time="92.130" errors="0" timestamp="2023-02-02T19:34:25 IST" skipped="0">
  <testcase classname="com.hrmsreports.testcases.ReportsStandardStructureInterViewCandiateStatusTest" name="verifyReportStandardsStructureInterviewCandiateSubmitCheck" time="31.520"/>
  <system-out/>
  <testcase classname="com.hrmsreports.testcases.ReportsStandardStructureInterViewCandiateStatusTest" name="verifyReportStandardsStructureInterviewCandiateDownloadExcelCheck" time="30.304"/>
  <system-out/>
  <testcase classname="com.hrmsreports.testcases.ReportsStandardStructureInterViewCandiateStatusTest" name="verifyReportStandardsStructureInterviewCandiateDownloadPDFCheck" time="30.306"/>
  <system-out/>
</testsuite> <!-- com.hrmsreports.testcases.ReportsStandardStructureInterViewCandiateStatusTest -->
