<?xml version="1.0" encoding="UTF-8"?>
<!-- Generated by org.testng.reporters.JUnitReportReporter -->
<testsuite hostname="angapparaja" failures="0" tests="3" name="com.hrmsmasters.testcases.MasterReimbursementPayInPeriodTest" time="140.236" errors="0" timestamp="2023-02-02T19:34:26 IST" skipped="0">
  <testcase classname="com.hrmsmasters.testcases.MasterReimbursementPayInPeriodTest" name="verifyReimbursementPayInPeriodMenuCheck" time="32.335"/>
  <system-out/>
  <testcase classname="com.hrmsmasters.testcases.MasterReimbursementPayInPeriodTest" name="verifyReimbursementPayInPeriodMenuCommandCheck" time="77.460"/>
  <system-out/>
  <testcase classname="com.hrmsmasters.testcases.MasterReimbursementPayInPeriodTest" name="verifyReimbursementPayInPeriodMenuEMPCODEMandatroyField" time="30.441"/>
  <system-out/>
</testsuite> <!-- com.hrmsmasters.testcases.MasterReimbursementPayInPeriodTest -->
