<?xml version="1.0" encoding="UTF-8"?>
<!-- Generated by org.testng.reporters.JUnitReportReporter -->
<testsuite hostname="angapparaja" failures="0" tests="7" name="com.hrmsmasters.testcases.MasterPositionCenterTest" time="158.035" errors="0" timestamp="2023-02-02T19:34:26 IST" skipped="0">
  <testcase classname="com.hrmsmasters.testcases.MasterPositionCenterTest" name="verifyPositionaddCenter" time="18.013"/>
  <system-out/>
  <testcase classname="com.hrmsmasters.testcases.MasterPositionCenterTest" name="verifyPositionCenterNegativeCheck" time="29.513"/>
  <system-out/>
  <testcase classname="com.hrmsmasters.testcases.MasterPositionCenterTest" name="verifyCenterCostCenterMandatroyField" time="28.391"/>
  <system-out/>
  <testcase classname="com.hrmsmasters.testcases.MasterPositionCenterTest" name="verifyCenterNameMandatroyField" time="18.716"/>
  <system-out/>
  <testcase classname="com.hrmsmasters.testcases.MasterPositionCenterTest" name="verifyCenterDuplicateCheck" time="28.416"/>
  <system-out/>
  <testcase classname="com.hrmsmasters.testcases.MasterPositionCenterTest" name="verifyCenterResetButton" time="18.245"/>
  <system-out/>
  <testcase classname="com.hrmsmasters.testcases.MasterPositionCenterTest" name="VerifyEnterTheSearchPositionCenterPagination" time="16.741"/>
  <system-out/>
</testsuite> <!-- com.hrmsmasters.testcases.MasterPositionCenterTest -->
