<?xml version="1.0" encoding="UTF-8"?>
<!-- Generated by org.testng.reporters.JUnitReportReporter -->
<testsuite hostname="angapparaja" failures="0" tests="13" name="com.hrmscorehrmsselfcare.testcases.RestDayTest" time="360.445" errors="0" timestamp="2023-02-02T19:34:26 IST" skipped="3">
  <testcase classname="com.hrmscorehrmsselfcare.testcases.RestDayTest" name="EmptyAdd" time="44.509"/>
  <system-out/>
  <testcase classname="com.hrmscorehrmsselfcare.testcases.RestDayTest" name="SearchAdd" time="17.783"/>
  <system-out/>
  <testcase classname="com.hrmscorehrmsselfcare.testcases.RestDayTest" name="CancelAdd" time="34.842"/>
  <system-out/>
  <testcase classname="com.hrmscorehrmsselfcare.testcases.RestDayTest" name="EmptyAddChange" time="56.986"/>
  <system-out/>
  <testcase classname="com.hrmscorehrmsselfcare.testcases.RestDayTest" name="SearchChange" time="17.093"/>
  <system-out/>
  <testcase classname="com.hrmscorehrmsselfcare.testcases.RestDayTest" name="CancelChange" time="44.207"/>
  <system-out/>
  <testcase classname="com.hrmscorehrmsselfcare.testcases.RestDayTest" name="EmptyAddRemove" time="52.034"/>
  <system-out/>
  <testcase classname="com.hrmscorehrmsselfcare.testcases.RestDayTest" name="SearchRemove" time="25.320"/>
  <system-out/>
  <testcase classname="com.hrmscorehrmsselfcare.testcases.RestDayTest" name="CancelRemove" time="34.649"/>
  <system-out/>
  <testcase classname="com.hrmscorehrmsselfcare.testcases.RestDayTest" name="DataValidation" time="33.022"/>
  <system-out/>
  <testcase classname="com.hrmscorehrmsselfcare.testcases.RestDayTest" name="ChangeAdd">
    <skipped/>
  </testcase> <!-- ChangeAdd -->
  <system-out/>
  <testcase classname="com.hrmscorehrmsselfcare.testcases.RestDayTest" name="RemoveAdd">
    <skipped/>
  </testcase> <!-- RemoveAdd -->
  <system-out/>
  <testcase classname="com.hrmscorehrmsselfcare.testcases.RestDayTest" name="Add">
    <skipped/>
  </testcase> <!-- Add -->
  <system-out/>
</testsuite> <!-- com.hrmscorehrmsselfcare.testcases.RestDayTest -->
