<?xml version="1.0" encoding="UTF-8"?>
<!-- Generated by org.testng.reporters.JUnitReportReporter -->
<testsuite hostname="angapparaja" failures="0" tests="6" name="com.hrmscorehrmsselfcare.testcases.FailuretimeinoutObjectsTest" time="306.421" errors="0" timestamp="2023-02-02T19:34:26 IST" skipped="1">
  <testcase classname="com.hrmscorehrmsselfcare.testcases.FailuretimeinoutObjectsTest" name="emptyAdd" time="51.462"/>
  <system-out/>
  <testcase classname="com.hrmscorehrmsselfcare.testcases.FailuretimeinoutObjectsTest" name="Search" time="33.414"/>
  <system-out/>
  <testcase classname="com.hrmscorehrmsselfcare.testcases.FailuretimeinoutObjectsTest" name="Cancel" time="42.329"/>
  <system-out/>
  <testcase classname="com.hrmscorehrmsselfcare.testcases.FailuretimeinoutObjectsTest" name="Approval" time="130.797"/>
  <system-out/>
  <testcase classname="com.hrmscorehrmsselfcare.testcases.FailuretimeinoutObjectsTest" name="TableValidation" time="48.419"/>
  <system-out/>
  <testcase classname="com.hrmscorehrmsselfcare.testcases.FailuretimeinoutObjectsTest" name="Add">
    <skipped/>
  </testcase> <!-- Add -->
  <system-out/>
</testsuite> <!-- com.hrmscorehrmsselfcare.testcases.FailuretimeinoutObjectsTest -->
