<?xml version="1.0" encoding="UTF-8"?>
<!-- Generated by org.testng.reporters.JUnitReportReporter -->
<testsuite hostname="angapparaja" failures="0" tests="2" name="com.hrmsstructure.testcases.StructureRecruitmentCvUploadTest" time="162.887" errors="0" timestamp="2023-02-02T19:34:26 IST" skipped="0">
  <testcase classname="com.hrmsstructure.testcases.StructureRecruitmentCvUploadTest" name="verifyRecruitmentUploadPagination" time="86.625"/>
  <system-out/>
  <testcase classname="com.hrmsstructure.testcases.StructureRecruitmentCvUploadTest" name="VerifySearchTheRecruitmenCvUploadPositionName" time="76.262"/>
  <system-out/>
</testsuite> <!-- com.hrmsstructure.testcases.StructureRecruitmentCvUploadTest -->
