<?xml version="1.0" encoding="UTF-8"?>
<!-- Generated by org.testng.reporters.JUnitReportReporter -->
<testsuite hostname="LAPTOP-K171VAOP" failures="0" tests="1" name="com.hrms.reports.ReportsStandardStructureRoleStatusTest" time="34.577" errors="0" timestamp="2022-10-18T12:56:13 IST" skipped="0">
  <testcase classname="com.hrms.reports.ReportsStandardStructureRoleStatusTest" name="VerifyEnterTheSearchSTRUCTUREpagination" time="34.577"/>
  <system-out/>
</testsuite> <!-- com.hrms.reports.ReportsStandardStructureRoleStatusTest -->
