<?xml version="1.0" encoding="UTF-8"?>
<!-- Generated by org.testng.reporters.JUnitReportReporter -->
<testsuite hostname="angapparaja" failures="0" tests="7" name="com.hrmsreports.testcases.ReportsStandardStructureMRFDetailsTest" time="221.620" errors="0" timestamp="2023-02-02T19:34:26 IST" skipped="0">
  <testcase classname="com.hrmsreports.testcases.ReportsStandardStructureMRFDetailsTest" name="verifyReportStandardsStructureMrfDetailsSubmitAllCheck" time="30.101"/>
  <system-out/>
  <testcase classname="com.hrmsreports.testcases.ReportsStandardStructureMRFDetailsTest" name="verifyReportStandardsStructureMrfDetailsSubmitCheck" time="29.506"/>
  <system-out/>
  <testcase classname="com.hrmsreports.testcases.ReportsStandardStructureMRFDetailsTest" name="verifyReportStandardsStructureMrfDetailsDepartmentMandatoryFieldCheck" time="28.226"/>
  <system-out/>
  <testcase classname="com.hrmsreports.testcases.ReportsStandardStructureMRFDetailsTest" name="verifyReportStandardsStructureMrfDetailsSubDepartmentMandatoryFieldCheck" time="37.132"/>
  <system-out/>
  <testcase classname="com.hrmsreports.testcases.ReportsStandardStructureMRFDetailsTest" name="verifyReportStandardsStructureMrfDetailsStatusMandatoryFieldCheck" time="27.432"/>
  <system-out/>
  <testcase classname="com.hrmsreports.testcases.ReportsStandardStructureMRFDetailsTest" name="verifyReportStandardsStructureMrfDetailsExcelDownloadCheck" time="39.307"/>
  <system-out/>
  <testcase classname="com.hrmsreports.testcases.ReportsStandardStructureMRFDetailsTest" name="verifyReportStandardsStructureMrfDetailsPDFDownloadCheck" time="29.916"/>
  <system-out/>
</testsuite> <!-- com.hrmsreports.testcases.ReportsStandardStructureMRFDetailsTest -->
