<?xml version="1.0" encoding="UTF-8"?>
<!-- Generated by org.testng.reporters.JUnitReportReporter -->
<testsuite hostname="angapparaja" failures="0" tests="5" name="com.hrmsmasters.testcases.MasterAttendanceOTReasonTest" time="130.836" errors="0" timestamp="2023-02-02T19:34:25 IST" skipped="0">
  <testcase classname="com.hrmsmasters.testcases.MasterAttendanceOTReasonTest" name="verifyAttandanceaddOTReason" time="26.675"/>
  <system-out/>
  <testcase classname="com.hrmsmasters.testcases.MasterAttendanceOTReasonTest" name="verifyAttandanceOTReasonNegativeCheck" time="26.953"/>
  <system-out/>
  <testcase classname="com.hrmsmasters.testcases.MasterAttendanceOTReasonTest" name="verifyAttandanceOTReasonMandatroyField" time="17.295"/>
  <system-out/>
  <testcase classname="com.hrmsmasters.testcases.MasterAttendanceOTReasonTest" name="verifyAttendanceOtReasonResetButton" time="28.492"/>
  <system-out/>
  <testcase classname="com.hrmsmasters.testcases.MasterAttendanceOTReasonTest" name="VerifyEnterTheSearchOTReasonPagination" time="31.421"/>
  <system-out/>
</testsuite> <!-- com.hrmsmasters.testcases.MasterAttendanceOTReasonTest -->
