<?xml version="1.0" encoding="UTF-8"?>
<!-- Generated by org.testng.reporters.JUnitReportReporter -->
<testsuite hostname="angapparaja" failures="0" tests="5" name="com.hrmsmasters.testcases.MasterExitManagementGratuityTest" time="183.820" errors="0" timestamp="2023-02-02T19:34:26 IST" skipped="0">
  <testcase classname="com.hrmsmasters.testcases.MasterExitManagementGratuityTest" name="verifyExitManagementGratuityAddCheck" time="40.435"/>
  <system-out/>
  <testcase classname="com.hrmsmasters.testcases.MasterExitManagementGratuityTest" name="verifyExitManagementGratuityResetButtonCheck" time="41.293"/>
  <system-out/>
  <testcase classname="com.hrmsmasters.testcases.MasterExitManagementGratuityTest" name="verifyExitManagementGratuityNumeratorMandatoryFieldCheck" time="29.650"/>
  <system-out/>
  <testcase classname="com.hrmsmasters.testcases.MasterExitManagementGratuityTest" name="verifyExitManagementGratuityDenominatorMandatoryFieldCheck" time="40.800"/>
  <system-out/>
  <testcase classname="com.hrmsmasters.testcases.MasterExitManagementGratuityTest" name="verifyExitManagementGratuityRuleMandatoryFieldCheck" time="31.642"/>
  <system-out/>
</testsuite> <!-- com.hrmsmasters.testcases.MasterExitManagementGratuityTest -->
