<?xml version="1.0" encoding="UTF-8"?>
<!-- Generated by org.testng.reporters.JUnitReportReporter -->
<testsuite hostname="angapparaja" failures="0" tests="7" name="com.hrmscorehrmsselfcare.testcases.SlfFailObjectsTest" time="347.025" errors="0" timestamp="2023-02-02T19:34:26 IST" skipped="1">
  <testcase classname="com.hrmscorehrmsselfcare.testcases.SlfFailObjectsTest" name="EmptyAdd" time="42.125"/>
  <system-out/>
  <testcase classname="com.hrmscorehrmsselfcare.testcases.SlfFailObjectsTest" name="Edit" time="141.220"/>
  <system-out/>
  <testcase classname="com.hrmscorehrmsselfcare.testcases.SlfFailObjectsTest" name="Search" time="14.717"/>
  <system-out/>
  <testcase classname="com.hrmscorehrmsselfcare.testcases.SlfFailObjectsTest" name="view" time="25.277"/>
  <system-out/>
  <testcase classname="com.hrmscorehrmsselfcare.testcases.SlfFailObjectsTest" name="Tablevalidation" time="28.206"/>
  <system-out/>
  <testcase classname="com.hrmscorehrmsselfcare.testcases.SlfFailObjectsTest" name="ApplyApprove" time="95.480"/>
  <system-out/>
  <testcase classname="com.hrmscorehrmsselfcare.testcases.SlfFailObjectsTest" name="Add">
    <skipped/>
  </testcase> <!-- Add -->
  <system-out/>
</testsuite> <!-- com.hrmscorehrmsselfcare.testcases.SlfFailObjectsTest -->
