<?xml version="1.0" encoding="UTF-8"?>
<!-- Generated by org.testng.reporters.JUnitReportReporter -->
<testsuite hostname="angapparaja" failures="0" tests="3" name="com.hrmsreports.testcases.ReporsStandardIncrementPromoPromotionReportTest" time="94.390" errors="0" timestamp="2023-02-02T19:34:26 IST" skipped="0">
  <testcase classname="com.hrmsreports.testcases.ReporsStandardIncrementPromoPromotionReportTest" name="verifyReportStandardsIncrementPromotionPromotionReportSubmitCheck" time="32.978"/>
  <system-out/>
  <testcase classname="com.hrmsreports.testcases.ReporsStandardIncrementPromoPromotionReportTest" name="verifyReportStandardsIncrementPromotionPromotionReportFromDateMandatoryFieldCheck" time="30.471"/>
  <system-out/>
  <testcase classname="com.hrmsreports.testcases.ReporsStandardIncrementPromoPromotionReportTest" name="verifyReportStandardsIncrementPromotionPromotionReportTodateMandatoryFieldCheck" time="30.941"/>
  <system-out/>
</testsuite> <!-- com.hrmsreports.testcases.ReporsStandardIncrementPromoPromotionReportTest -->
