<?xml version="1.0" encoding="UTF-8"?>
<!-- Generated by org.testng.reporters.JUnitReportReporter -->
<testsuite hostname="angapparaja" failures="0" tests="5" name="com.hrmsmasters.testcases.MasterPayrollHolidayWorkComponentTest" time="126.307" errors="0" timestamp="2023-02-02T19:34:26 IST" skipped="0">
  <testcase classname="com.hrmsmasters.testcases.MasterPayrollHolidayWorkComponentTest" name="verifyPayrollHolidayWorkComponentadd" time="24.889"/>
  <system-out/>
  <testcase classname="com.hrmsmasters.testcases.MasterPayrollHolidayWorkComponentTest" name="verifyMasterPayrollHolidayWorkHolidayTypeComponentMandatroyField" time="22.292"/>
  <system-out/>
  <testcase classname="com.hrmsmasters.testcases.MasterPayrollHolidayWorkComponentTest" name="verifyMasterPayrollHolidayWorkMonthlyComponentMandatroyField" time="23.367"/>
  <system-out/>
  <testcase classname="com.hrmsmasters.testcases.MasterPayrollHolidayWorkComponentTest" name="verifyMasterPayrollPaySlipTitleResetButton" time="24.726"/>
  <system-out/>
  <testcase classname="com.hrmsmasters.testcases.MasterPayrollHolidayWorkComponentTest" name="VerifyEnterTheSearchMasterPayrollHolidayWorkComponentPagination" time="31.033"/>
  <system-out/>
</testsuite> <!-- com.hrmsmasters.testcases.MasterPayrollHolidayWorkComponentTest -->
