<?xml version="1.0" encoding="UTF-8"?>
<!-- Generated by org.testng.reporters.JUnitReportReporter -->
<testsuite hostname="angapparaja" failures="0" tests="3" name="com.hrmsreports.testcases.ReportsStandardIncrementPromoSalaryIncrementEntryExcelTest" time="77.426" errors="0" timestamp="2023-02-02T19:34:25 IST" skipped="0">
  <testcase classname="com.hrmsreports.testcases.ReportsStandardIncrementPromoSalaryIncrementEntryExcelTest" name="verifyReportStandardsIncrementPromotionsalaryIncrementEntrySubmitCheck" time="27.460"/>
  <system-out/>
  <testcase classname="com.hrmsreports.testcases.ReportsStandardIncrementPromoSalaryIncrementEntryExcelTest" name="verifyReportStandardsIncrementPromotionsalaryIncrementEntryDownloadCheck" time="31.871"/>
  <system-out/>
  <testcase classname="com.hrmsreports.testcases.ReportsStandardIncrementPromoSalaryIncrementEntryExcelTest" name="verifyReportStandardsIncrementPromotionsalaryIncrementEntryPayrollGroupingMandatoryFieldCheck" time="18.095"/>
  <system-out/>
</testsuite> <!-- com.hrmsreports.testcases.ReportsStandardIncrementPromoSalaryIncrementEntryExcelTest -->
