<?xml version="1.0" encoding="UTF-8"?>
<!-- Generated by org.testng.reporters.JUnitReportReporter -->
<testsuite hostname="angapparaja" failures="0" tests="3" name="com.hrmsmasters.testcases.MasterReimbursementEndPeriodPayListsTest" time="139.192" errors="0" timestamp="2023-02-02T19:34:26 IST" skipped="0">
  <testcase classname="com.hrmsmasters.testcases.MasterReimbursementEndPeriodPayListsTest" name="verifyReimbursementEndPeriodPayLists" time="20.630"/>
  <system-out/>
  <testcase classname="com.hrmsmasters.testcases.MasterReimbursementEndPeriodPayListsTest" name="verifyReimbursementEndPeriodPayListsCheck" time="30.344"/>
  <system-out/>
  <testcase classname="com.hrmsmasters.testcases.MasterReimbursementEndPeriodPayListsTest" name="verifyMasterReimbursementEndPeriodPayListsPagination" time="88.218"/>
  <system-out/>
</testsuite> <!-- com.hrmsmasters.testcases.MasterReimbursementEndPeriodPayListsTest -->
