<?xml version="1.0" encoding="UTF-8"?>
<!-- Generated by org.testng.reporters.JUnitReportReporter -->
<testsuite hostname="angapparaja" failures="0" tests="5" name="com.hrmsstructure.testcases.StructureManualProcessOfferUploadTest" time="215.530" errors="0" timestamp="2023-02-02T19:34:26 IST" skipped="0">
  <testcase classname="com.hrmsstructure.testcases.StructureManualProcessOfferUploadTest" name="verifyaddStructureManualUpload" time="81.032"/>
  <system-out/>
  <testcase classname="com.hrmsstructure.testcases.StructureManualProcessOfferUploadTest" name="verifyStructureManualUploadLetterTemplateMandatoryFieldCheck" time="17.332"/>
  <system-out/>
  <testcase classname="com.hrmsstructure.testcases.StructureManualProcessOfferUploadTest" name="verifyStructureManulaProcessOfferUploadPagination" time="81.041"/>
  <system-out/>
  <testcase classname="com.hrmsstructure.testcases.StructureManualProcessOfferUploadTest" name="VerifySearchStructureManulaProcessOfferUploadName" time="18.041"/>
  <system-out/>
  <testcase classname="com.hrmsstructure.testcases.StructureManualProcessOfferUploadTest" name="VerifySearchStructureManulaProcessOfferUploadEmail" time="18.084"/>
  <system-out/>
</testsuite> <!-- com.hrmsstructure.testcases.StructureManualProcessOfferUploadTest -->
