<?xml version="1.0" encoding="UTF-8"?>
<!-- Generated by org.testng.reporters.JUnitReportReporter -->
<testsuite hostname="angapparaja" failures="0" tests="4" name="com.hrmsstructure.testcases.StructureRecruitmentCvRepositoryTest" time="307.903" errors="0" timestamp="2023-02-02T19:34:26 IST" skipped="0">
  <testcase classname="com.hrmsstructure.testcases.StructureRecruitmentCvRepositoryTest" name="verifyRecruitmentCvRepositoryPagination" time="76.596"/>
  <system-out/>
  <testcase classname="com.hrmsstructure.testcases.StructureRecruitmentCvRepositoryTest" name="VerifySearchTheRecruitmenCvRepositoryPositionName" time="78.049"/>
  <system-out/>
  <testcase classname="com.hrmsstructure.testcases.StructureRecruitmentCvRepositoryTest" name="VerifySearchTheRecruitmenCvRepositoryMobileCheck" time="76.931"/>
  <system-out/>
  <testcase classname="com.hrmsstructure.testcases.StructureRecruitmentCvRepositoryTest" name="VerifySearchTheRecruitmenCvShortListMobileCheck" time="76.327"/>
  <system-out/>
</testsuite> <!-- com.hrmsstructure.testcases.StructureRecruitmentCvRepositoryTest -->
