<?xml version="1.0" encoding="UTF-8"?>
<!-- Generated by org.testng.reporters.JUnitReportReporter -->
<testsuite hostname="angapparaja" failures="0" tests="4" name="com.hrmsreports.testcases.ReportsStandardLeaveIndividualLeaveSummaryTest" time="117.952" errors="0" timestamp="2023-02-02T19:34:26 IST" skipped="0">
  <testcase classname="com.hrmsreports.testcases.ReportsStandardLeaveIndividualLeaveSummaryTest" name="verifyReportStandardsIndividualLeaveSummaryCheck" time="28.354"/>
  <system-out/>
  <testcase classname="com.hrmsreports.testcases.ReportsStandardLeaveIndividualLeaveSummaryTest" name="verifyReportStandardsIndividualLeaveSummaryBalanceCheck" time="30.928"/>
  <system-out/>
  <testcase classname="com.hrmsreports.testcases.ReportsStandardLeaveIndividualLeaveSummaryTest" name="verifyReportStandardsIndividualLeaveSummaryDownloadCheck" time="32.083"/>
  <system-out/>
  <testcase classname="com.hrmsreports.testcases.ReportsStandardLeaveIndividualLeaveSummaryTest" name="verifyReportStandardsIndividualLeaveSummaryempcodeMandatoryFieldCheck" time="26.587"/>
  <system-out/>
</testsuite> <!-- com.hrmsreports.testcases.ReportsStandardLeaveIndividualLeaveSummaryTest -->
