<?xml version="1.0" encoding="UTF-8"?>
<!-- Generated by org.testng.reporters.JUnitReportReporter -->
<testsuite hostname="angapparaja" failures="0" tests="5" name="com.hrmsstructure.testcases.StructureOnBoardingProfileValidateTest" time="177.549" errors="0" timestamp="2023-02-02T19:34:26 IST" skipped="0">
  <testcase classname="com.hrmsstructure.testcases.StructureOnBoardingProfileValidateTest" name="verifyaddStructureOnboardProfilevalidate" time="25.370"/>
  <system-out/>
  <testcase classname="com.hrmsstructure.testcases.StructureOnBoardingProfileValidateTest" name="verifyStructureStructureOnboardProfilevalidatePagination" time="79.662"/>
  <system-out/>
  <testcase classname="com.hrmsstructure.testcases.StructureOnBoardingProfileValidateTest" name="verifyStructureOnboardProfilevalidatePositionNameMandatoryFieldCheck" time="25.671"/>
  <system-out/>
  <testcase classname="com.hrmsstructure.testcases.StructureOnBoardingProfileValidateTest" name="VerifySearchStructureOnboardProfilevalidateCandidateName" time="17.588"/>
  <system-out/>
  <testcase classname="com.hrmsstructure.testcases.StructureOnBoardingProfileValidateTest" name="VerifySearchStructureOnboardProfilevalidateContact" time="29.258"/>
  <system-out/>
</testsuite> <!-- com.hrmsstructure.testcases.StructureOnBoardingProfileValidateTest -->
