<?xml version="1.0" encoding="UTF-8"?>
<!-- Generated by org.testng.reporters.JUnitReportReporter -->
<testsuite hostname="angapparaja" failures="0" tests="7" name="com.hrmsmasters.testcases.MasterPersonalIdentificationProofTest" time="188.839" errors="0" timestamp="2023-02-02T19:34:26 IST" skipped="0">
  <testcase classname="com.hrmsmasters.testcases.MasterPersonalIdentificationProofTest" name="verifyaddaddIdProof" time="16.230"/>
  <system-out/>
  <testcase classname="com.hrmsmasters.testcases.MasterPersonalIdentificationProofTest" name="verifyaddIdProofMandatroyField" time="16.834"/>
  <system-out/>
  <testcase classname="com.hrmsmasters.testcases.MasterPersonalIdentificationProofTest" name="verifyIdProofNegativeCheck" time="16.252"/>
  <system-out/>
  <testcase classname="com.hrmsmasters.testcases.MasterPersonalIdentificationProofTest" name="verifyaddIdProofDuplicateCheck" time="17.277"/>
  <system-out/>
  <testcase classname="com.hrmsmasters.testcases.MasterPersonalIdentificationProofTest" name="verifyIdproofResetBtn" time="25.209"/>
  <system-out/>
  <testcase classname="com.hrmsmasters.testcases.MasterPersonalIdentificationProofTest" name="verifyPagination" time="70.668"/>
  <system-out/>
  <testcase classname="com.hrmsmasters.testcases.MasterPersonalIdentificationProofTest" name="verifySearchIdproofPagination" time="26.369"/>
  <system-out/>
</testsuite> <!-- com.hrmsmasters.testcases.MasterPersonalIdentificationProofTest -->
