<?xml version="1.0" encoding="UTF-8"?>
<!-- Generated by org.testng.reporters.JUnitReportReporter -->
<testsuite hostname="angapparaja" failures="0" tests="2" name="com.hrmsreports.testcases.ReportsStandardPayRollLWFReportTest" time="57.384" errors="0" timestamp="2023-02-02T19:34:26 IST" skipped="0">
  <testcase classname="com.hrmsreports.testcases.ReportsStandardPayRollLWFReportTest" name="verifyReportStandardsPayRollLWFReportSubmitCheck" time="29.386"/>
  <system-out/>
  <testcase classname="com.hrmsreports.testcases.ReportsStandardPayRollLWFReportTest" name="verifyReportStandardsPayRollLWFReportMonthMandatoryFieldCheck" time="27.998"/>
  <system-out/>
</testsuite> <!-- com.hrmsreports.testcases.ReportsStandardPayRollLWFReportTest -->
