<?xml version="1.0" encoding="UTF-8"?>
<!-- Generated by org.testng.reporters.JUnitReportReporter -->
<testsuite hostname="LAPTOP-K171VAOP" failures="0" tests="3" name="com.hrmsmasters.testcases.MasterAttendanceFlexiHolidayChangeTest" time="111.037" errors="0" timestamp="2022-09-28T20:13:59 IST" skipped="0">
  <testcase classname="com.hrmsmasters.testcases.MasterAttendanceFlexiHolidayChangeTest" name="verifyPageTitleTest" time="29.605"/>
  <system-out/>
  <testcase classname="com.hrmsmasters.testcases.MasterAttendanceFlexiHolidayChangeTest" name="verifyFlexiHolidayChangeadd" time="40.627"/>
  <system-out/>
  <testcase classname="com.hrmsmasters.testcases.MasterAttendanceFlexiHolidayChangeTest" name="verifyListTheHolidayValue" time="40.805"/>
  <system-out/>
</testsuite> <!-- com.hrmsmasters.testcases.MasterAttendanceFlexiHolidayChangeTest -->
